Log file open, 06/09/17 22:18:53
LogInit:Display: Running engine for game: WIPTitel
LogPlatformFile: Not using cached read wrapper
LogInit:Display: RandInit(1990485903) SRandInit(1990485903).
LogTaskGraph: Started task graph with 5 named threads and 6 total threads with 1 sets of task threads.
LogStats: Stats thread started at 0.136038
LogInit: Using libcurl 7.47.1
LogInit:  - built for x86_64-pc-win32
LogInit:  - supports SSL with OpenSSL/1.0.2g
LogInit:  - supports HTTP deflate (compression) using libz 1.2.8
LogInit:  - other features:
LogInit:      CURL_VERSION_SSL
LogInit:      CURL_VERSION_LIBZ
LogInit:      CURL_VERSION_IPV6
LogInit:      CURL_VERSION_ASYNCHDNS
LogInit:      CURL_VERSION_LARGEFILE
LogInit:      CURL_VERSION_IDN
LogInit:  CurlRequestOptions (configurable via config and command line):
LogInit:  - bVerifyPeer = false  - Libcurl will NOT verify peer certificate
LogInit:  - bUseHttpProxy = false  - Libcurl will NOT use HTTP proxy
LogInit:  - bDontReuseConnections = false  - Libcurl will reuse connections
LogInit:  - CertBundlePath = nullptr  - Libcurl will use whatever was configured at build time.
LogInit: Build: ++UE4+Release-4.16-CL-3466753
LogInit: Engine Version: 4.16.1-3466753+++UE4+Release-4.16
LogInit: Compatible Engine Version: 4.16.0-3452394+++UE4+Release-4.16
LogInit: Net CL: 3452394
LogDevObjectVersion: Number of dev versions registered: 16
LogDevObjectVersion:   Dev-Blueprints (B0D832E4-1F89-4F0D-ACCF-7EB736FD4AA2): 9
LogDevObjectVersion:   Dev-Build (E1C64328-A22C-4D53-A36C-8E866417BD8C): 0
LogDevObjectVersion:   Dev-Core (375EC13C-06E4-48FB-B500-84F0262A717E): 2
LogDevObjectVersion:   Dev-Editor (E4B068ED-F494-42E9-A231-DA0B2E46BB41): 17
LogDevObjectVersion:   Dev-Framework (CFFC743F-43B0-4480-9391-14DF171D2073): 23
LogDevObjectVersion:   Dev-Mobile (B02B49B5-BB20-44E9-A304-32B752E40360): 0
LogDevObjectVersion:   Dev-Networking (A4E4105C-59A1-49B5-A7C5-40C4547EDFEE): 0
LogDevObjectVersion:   Dev-Online (39C831C9-5AE6-47DC-9A44-9C173E1C8E7C): 0
LogDevObjectVersion:   Dev-Physics (78F01B33-EBEA-4F98-B9B4-84EACCB95AA2): 0
LogDevObjectVersion:   Dev-Platform (6631380F-2D4D-43E0-8009-CF276956A95A): 0
LogDevObjectVersion:   Dev-Rendering (12F88B9F-8875-4AFC-A67C-D90C383ABD29): 15
LogDevObjectVersion:   Dev-Sequencer (7B5AE74C-D270-4C10-A958-57980B212A5A): 4
LogDevObjectVersion:   Dev-VR (D7296918-1DD6-4BDD-9DE2-64A83CC13884): 0
LogDevObjectVersion:   Dev-LoadTimes (C2A15278-BFE7-4AFE-6C17-90FF531DF755): 1
LogDevObjectVersion:   Private-Geometry (6EACA3D4-40EC-4CC1-B786-8BED09428FC5): 1
LogDevObjectVersion:   Dev-AnimPhys (29E575DD-E0A3-4627-9D10-D276232CDCEA): 3
LogInit: Compiled (64-bit): May 31 2017 02:03:30
LogInit: Compiled with Visual C++: 19.00.24215.01
LogInit: Build Configuration: Development
LogInit: Branch Name: ++UE4+Release-4.16
LogInit: Command line: -EpicPortal
LogInit: Base directory: C:/Program Files/Epic Games/UE_4.16/Engine/Binaries/Win64/
LogInit: Installed Engine Build: 1
LogInit: Presizing for max 8388607 objects, including 0 objects not considered by GC, pre-allocating 0 bytes for permanent pool.
LogInit: Object subsystem initialized
[2017.06.09-20.18.53:726][  0]LogInit: Selected Device Profile: [Windows]
[2017.06.09-20.18.53:726][  0]LogInit: Applying CVar settings loaded from the selected device profile: [Windows]
[2017.06.09-20.18.53:739][  0]LogInit: Computer: LAPTOP-79UBS0EU
[2017.06.09-20.18.53:739][  0]LogInit: User: martin
[2017.06.09-20.18.53:739][  0]LogInit: CPU Page size=4096, Cores=2
[2017.06.09-20.18.53:739][  0]LogInit: High frequency timer resolution =2.343754 MHz
[2017.06.09-20.18.53:739][  0]LogMemory: Memory total: Physical=7.9GB (8GB approx)
[2017.06.09-20.18.53:739][  0]LogMemory: Platform Memory Stats for Windows
[2017.06.09-20.18.53:739][  0]LogMemory: Process Physical Memory: 272.20 MB used, 272.20 MB peak
[2017.06.09-20.18.53:739][  0]LogMemory: Process Virtual Memory: 258.46 MB used, 258.46 MB peak
[2017.06.09-20.18.53:739][  0]LogMemory: Physical Memory: 4007.19 MB used,  4040.25 MB free, 8047.44 MB total
[2017.06.09-20.18.53:739][  0]LogMemory: Virtual Memory: 634.27 MB used,  4040.25 MB free, 134217728.00 MB total
[2017.06.09-20.18.53:832][  0]LogInit: Using OS detected language (en-GB).
[2017.06.09-20.18.53:832][  0]LogInit: Using OS detected locale (en-GB).
[2017.06.09-20.18.53:836][  0]LogTextLocalizationManager: No specific localization for 'en-GB' exists, so the 'en' localization will be used.
[2017.06.09-20.18.55:212][  0]LogD3D11RHI: D3D11 adapters:
[2017.06.09-20.18.55:222][  0]LogD3D11RHI:    0. 'Intel(R) HD Graphics 520' (Feature Level 11_0)
[2017.06.09-20.18.55:222][  0]LogD3D11RHI:       128/0/4023 MB DedicatedVideo/DedicatedSystem/SharedSystem, Outputs:2, VendorId:0x8086
[2017.06.09-20.18.55:224][  0]LogD3D11RHI:    1. 'Microsoft Basic Render Driver' (Feature Level 11_0)
[2017.06.09-20.18.55:224][  0]LogD3D11RHI:       0/0/4023 MB DedicatedVideo/DedicatedSystem/SharedSystem, Outputs:0, VendorId:0x1414
[2017.06.09-20.18.55:224][  0]LogD3D11RHI: Chosen D3D11 Adapter: 0
[2017.06.09-20.18.55:230][  0]LogD3D11RHI: Creating new Direct3DDevice
[2017.06.09-20.18.55:230][  0]LogD3D11RHI:     GPU DeviceId: 0x1916 (for the marketing name, search the web for "GPU Device Id")
[2017.06.09-20.18.55:230][  0]LogWindows: EnumDisplayDevices:
[2017.06.09-20.18.55:230][  0]LogWindows:    0. 'Intel(R) HD Graphics 520' (P:0 D:1)
[2017.06.09-20.18.55:230][  0]LogWindows:    1. 'Intel(R) HD Graphics 520' (P:1 D:1)
[2017.06.09-20.18.55:231][  0]LogWindows:    2. 'Intel(R) HD Graphics 520' (P:0 D:0)
[2017.06.09-20.18.55:231][  0]LogWindows: DebugString: FoundDriverCount:3 
[2017.06.09-20.18.55:231][  0]LogD3D11RHI:     Adapter Name: Intel(R) HD Graphics 520
[2017.06.09-20.18.55:231][  0]LogD3D11RHI:   Driver Version: 21.20.16.4574 (internal:21.20.16.4574, unified:21.20.16.4574)
[2017.06.09-20.18.55:231][  0]LogD3D11RHI:      Driver Date: 12-23-2016
[2017.06.09-20.18.55:231][  0]LogRHI: Texture pool is 1361 MB (70% of 1945 MB)
[2017.06.09-20.18.55:237][  0]LogD3D11RHI: Async texture creation enabled
[2017.06.09-20.18.55:243][  0]LogD3D11RHI: GPU Timing Frequency: 12.000000 (Debug: 2 0)
[2017.06.09-20.18.55:244][  0]LogShaderCompilers: Guid format shader working directory is 10 characters bigger than the processId version (D:/TiefeSGJ/TiefeSGJ/Unreal/WIPTitel/Intermediate/Shaders/WorkingDirectory/2552/).
[2017.06.09-20.18.55:244][  0]LogShaderCompilers: Cleaned the shader compiler working directory 'C:/Users/marti/AppData/Local/Temp/UnrealShaderWorkingDir/6588870A45CD4D759EC31C9108E1F9DF/'.
[2017.06.09-20.18.55:244][  0]LogShaderCompilers:Display: Using Local Shader Compiler.
[2017.06.09-20.18.56:700][  0]LogTemp:Display: Loaded TP AllDesktopTargetPlatform
[2017.06.09-20.18.56:772][  0]LogTemp:Display: Loaded TP MacClientTargetPlatform
[2017.06.09-20.18.56:844][  0]LogTemp:Display: Loaded TP MacNoEditorTargetPlatform
[2017.06.09-20.18.56:916][  0]LogTemp:Display: Loaded TP MacServerTargetPlatform
[2017.06.09-20.18.56:993][  0]LogTemp:Display: Loaded TP MacTargetPlatform
[2017.06.09-20.18.57:066][  0]LogTemp:Display: Loaded TP WindowsClientTargetPlatform
[2017.06.09-20.18.57:139][  0]LogTemp:Display: Loaded TP WindowsNoEditorTargetPlatform
[2017.06.09-20.18.57:210][  0]LogTemp:Display: Loaded TP WindowsServerTargetPlatform
[2017.06.09-20.18.57:276][  0]LogTemp:Display: Loaded TP WindowsTargetPlatform
[2017.06.09-20.18.57:347][  0]LogTemp:Display: Loaded TP AndroidTargetPlatform
[2017.06.09-20.18.57:418][  0]LogTemp:Display: Loaded TP Android_ASTCTargetPlatform
[2017.06.09-20.18.57:489][  0]LogTemp:Display: Loaded TP Android_ATCTargetPlatform
[2017.06.09-20.18.57:560][  0]LogTemp:Display: Loaded TP Android_DXTTargetPlatform
[2017.06.09-20.18.57:631][  0]LogTemp:Display: Loaded TP Android_ETC1TargetPlatform
[2017.06.09-20.18.57:699][  0]LogTemp:Display: Loaded TP Android_ETC2TargetPlatform
[2017.06.09-20.18.57:845][  0]LogTemp:Display: Loaded TP Android_MultiTargetPlatform
[2017.06.09-20.18.57:845][  0]LogTemp:Display: Loaded TP Android_PVRTCTargetPlatform
[2017.06.09-20.18.57:925][  0]LogTemp:Display: Loaded TP HTML5TargetPlatform
[2017.06.09-20.18.58:055][  0]LogTemp:Display: Loaded TP IOSTargetPlatform
[2017.06.09-20.18.58:103][  0]LogTemp:Display: Loaded TP TVOSTargetPlatform
[2017.06.09-20.18.58:171][  0]LogTemp:Display: Loaded TP LinuxClientTargetPlatform
[2017.06.09-20.18.58:240][  0]LogTemp:Display: Loaded TP LinuxNoEditorTargetPlatform
[2017.06.09-20.18.58:310][  0]LogTemp:Display: Loaded TP LinuxServerTargetPlatform
[2017.06.09-20.18.58:381][  0]LogTemp:Display: Loaded TP LinuxTargetPlatform
[2017.06.09-20.18.58:381][  0]LogTargetPlatformManager:Display: Building Assets For Windows
[2017.06.09-20.18.59:111][  0]LogDerivedDataCache:Display: Max Cache Size: 512 MB
[2017.06.09-20.18.59:251][  0]LogDerivedDataCache: Loaded boot cache 0.14s 90MB C:/Users/marti/AppData/Local/UnrealEngine/4.16/DerivedDataCache/Boot.ddc.
[2017.06.09-20.18.59:252][  0]LogDerivedDataCache:Display: Loaded Boot cache: C:/Users/marti/AppData/Local/UnrealEngine/4.16/DerivedDataCache/Boot.ddc
[2017.06.09-20.18.59:252][  0]LogDerivedDataCache: FDerivedDataBackendGraph:  Pak pak cache file D:/TiefeSGJ/TiefeSGJ/Unreal/WIPTitel/DerivedDataCache/DDC.ddp not found, will not use a pak cache.
[2017.06.09-20.18.59:252][  0]LogDerivedDataCache: Unable to find inner node Pak for hierarchical cache Hierarchy.
[2017.06.09-20.18.59:252][  0]LogDerivedDataCache: FDerivedDataBackendGraph:  CompressedPak pak cache file D:/TiefeSGJ/TiefeSGJ/Unreal/WIPTitel/DerivedDataCache/Compressed.ddp not found, will not use a pak cache.
[2017.06.09-20.18.59:252][  0]LogDerivedDataCache: Unable to find inner node CompressedPak for hierarchical cache Hierarchy.
[2017.06.09-20.18.59:274][  0]LogDerivedDataCache:Display: Pak cache opened for reading ../../../Engine/DerivedDataCache/Compressed.ddp.
[2017.06.09-20.18.59:286][  0]LogDerivedDataCache: Using Local data cache path C:/Users/marti/AppData/Local/UnrealEngine/Common/DerivedDataCache: Writable
[2017.06.09-20.18.59:300][  0]LogMaterial: Verifying Global Shaders for PCD3D_SM5
[2017.06.09-20.18.59:301][  0]LogSlate: Using Freetype 2.6.0
[2017.06.09-20.18.59:302][  0]LogSlate: SlateFontCache - WITH_FREETYPE: 1, WITH_HARFBUZZ: 1
[2017.06.09-20.18.59:302][  0]LogSlate: SlateFontCache - WITH_FREETYPE: 1, WITH_HARFBUZZ: 1
[2017.06.09-20.18.59:736][  0]LogInit: Selected Device Profile: [Windows]
[2017.06.09-20.18.59:846][  0]LogContentStreaming: Texture pool size is 0.00 MB
[2017.06.09-20.19.00:081][  0]LogMeshUtilities: Using QuadricMeshReduction for automatic static mesh reduction
[2017.06.09-20.19.00:154][  0]LogSimplygon: Simplygon DLL not present - disabling.
[2017.06.09-20.19.00:229][  0]LogMeshUtilities: Using SimplygonSwarm for distributed automatic mesh merging
[2017.06.09-20.19.00:229][  0]LogMeshUtilities: No automatic skeletal mesh reduction module available
[2017.06.09-20.19.00:229][  0]LogMeshUtilities: No automatic mesh merging module available
[2017.06.09-20.19.01:110][  0]LogNetVersion: WIPTitel , NetCL: 3452394, EngineNetVer: 2, GameNetVer: 0 (Checksum: 1095725465)
[2017.06.09-20.19.01:192][  0]LogAssetRegistry: FAssetRegistry took 0.0268 seconds to start up
[2017.06.09-20.19.01:271][  0]LogPackageLocalizationCache: Processed 4 localized package path(s) for 2 prioritized culture(s) in 0.040346 seconds
[2017.06.09-20.19.01:277][  0]LogUObjectArray: 34194 objects as part of root set at end of initial load.
[2017.06.09-20.19.01:277][  0]LogUObjectAllocator: 7260424 out of 0 bytes used by permanent object pool.
[2017.06.09-20.19.01:277][  0]LogUObjectArray: CloseDisregardForGC: 0/0 objects in disregard for GC pool
[2017.06.09-20.19.01:383][  0]LogInit: WinSock: version 1.1 (2.2), MaxSocks=32767, MaxUdp=65467
[2017.06.09-20.19.04:965][  0]LogTcpMessaging: Initializing TcpMessaging bridge
[2017.06.09-20.19.05:021][  0]LogUdpMessaging: Initializing bridge on interface 0.0.0.0:0 to multicast group 230.0.0.1:6666.
[2017.06.09-20.19.05:797][  0]LogMaterial: Uniform references updated for custom material expression Custom.
[2017.06.09-20.19.06:363][  0]SourceControl: Info Source control is disabled
[2017.06.09-20.19.06:409][  0]SourceControl: Info Source control is disabled
[2017.06.09-20.19.06:477][  0]SourceControl: Info Source control is disabled
[2017.06.09-20.19.06:552][  0]SourceControl: Info Source control is disabled
[2017.06.09-20.19.07:509][  0]LogAndroidPermission: UAndroidPermissionCallbackProxy::GetInstance
[2017.06.09-20.19.08:328][  0]LogEngine: Initializing Engine...
[2017.06.09-20.19.08:328][  0]LogHMD: Failed to initialize OpenVR with code 110
[2017.06.09-20.19.08:628][  0]LogStats: UGameplayTagsManager::ConstructGameplayTagTree: Construct from data asset -  0.000 s
[2017.06.09-20.19.08:628][  0]LogStats: UGameplayTagsManager::ConstructGameplayTagTree: GameplayTagTreeChangedEvent.Broadcast -  0.000 s
[2017.06.09-20.19.08:813][  0]LogAIModule: Creating AISystem for world Untitled
[2017.06.09-20.19.08:824][  0]LogInit: XAudio2 using 'Speakers (Realtek High Definition Audio)' : 2 channels at 48 kHz using 32 bits per sample (channel mask 0x3)
[2017.06.09-20.19.08:846][  0]LogInit: FAudioDevice initialized.
[2017.06.09-20.19.08:911][  0]LogDerivedDataCache: Saved boot cache 0.06s 90MB C:/Users/marti/AppData/Local/UnrealEngine/4.16/DerivedDataCache/Boot.ddc.
[2017.06.09-20.19.08:932][  0]LogInit: Texture streaming: Enabled
[2017.06.09-20.19.09:070][  0]LogEngineSessionManager: EngineSessionManager initialized
[2017.06.09-20.19.09:071][  0]LogEngineSessionManager: EngineSessionManager sent abnormal shutdown report. Type=Crashed, SessionId={E1028B2B-4EC7-F1E8-997D-F88600DA0E4D}
[2017.06.09-20.19.09:373][  0]LogInit: Transaction tracking system initialized
[2017.06.09-20.19.09:861][  0]BlueprintLog: New page: Editor Load
[2017.06.09-20.19.11:253][  0]LocalizationService: Info Localization service is disabled
[2017.06.09-20.19.12:196][  0]LogConsoleResponse:Display: 
[2017.06.09-20.19.12:417][  0]LogCook:Display: Max memory allowance for cook 16384mb min free memory 0mb
[2017.06.09-20.19.12:417][  0]LogFileCache: Scanning file cache for directory 'D:/TiefeSGJ/TiefeSGJ/Unreal/WIPTitel/Content/' took 0.01s
[2017.06.09-20.19.12:417][  0]LogCook:Display: Mobile HDR setting 1
[2017.06.09-20.19.13:862][  0]SourceControl: Info Source control is disabled
[2017.06.09-20.19.13:862][  0]Cmd: MAP LOAD FILE="../../../Engine/Content/Maps/Templates/Template_Default.umap" TEMPLATE=1 SHOWPROGRESS=1 FEATURELEVEL=3
[2017.06.09-20.19.13:862][  0]LightingResults: New page: Lighting Build
[2017.06.09-20.19.13:921][  0]MapCheck: New page: Map Check
[2017.06.09-20.19.13:921][  0]LightingResults: New page: Lighting Build
[2017.06.09-20.19.14:210][  0]LogAIModule: Creating AISystem for world Untitled_1
[2017.06.09-20.19.14:211][  0]LogActorComponent: RegisterComponentWithWorld: (/Temp/Untitled_1.Untitled_1:PersistentLevel.WorldSettings_1.StaticMeshComponent0) Trying to register component with IsPendingKill() == true. Aborting.
[2017.06.09-20.19.14:218][  0]LogEditorServer: Finished looking for orphan Actors (0.000 secs)
[2017.06.09-20.19.14:275][  0]Cmd: MAP CHECKDEP NOCLEARLOG
[2017.06.09-20.19.14:337][  0]MapCheck: Info Map check complete: 0 Error(s), 0 Warning(s), took 61.503ms to complete.
[2017.06.09-20.19.14:337][  0]LogFileHelpers: Loading map 'Template_Default' took 0.475
[2017.06.09-20.19.14:559][  0]LogCollectionManager: Loaded 0 collections in 0.002115 seconds
[2017.06.09-20.19.14:671][  0]LogFileCache: Scanning file cache for directory 'D:/TiefeSGJ/TiefeSGJ/Unreal/WIPTitel/Saved/Collections/' took 0.01s
[2017.06.09-20.19.14:671][  0]LogFileCache: Scanning file cache for directory 'D:/TiefeSGJ/TiefeSGJ/Unreal/WIPTitel/Content/Developers/martin/Collections/' took 0.01s
[2017.06.09-20.19.14:671][  0]LogFileCache: Scanning file cache for directory 'D:/TiefeSGJ/TiefeSGJ/Unreal/WIPTitel/Content/Collections/' took 0.01s
[2017.06.09-20.19.14:671][  0]LogCollectionManager: Rebuilt the GUID cache for 0 collections in 0.000002 seconds
[2017.06.09-20.19.14:684][  0]LogContentBrowser: Native class hierarchy populated in 0.0122 seconds. Added 2330 classes and 493 folders.
[2017.06.09-20.19.14:797][  0]LogContentBrowser: Native class hierarchy updated for 'WidgetCarousel' in 0.0012 seconds. Added 0 classes and 0 folders.
[2017.06.09-20.19.14:863][  0]LogContentBrowser: Native class hierarchy updated for 'AddContentDialog' in 0.0013 seconds. Added 0 classes and 0 folders.
[2017.06.09-20.19.14:924][  0]LogContentBrowser: Native class hierarchy updated for 'SceneOutliner' in 0.0013 seconds. Added 1 classes and 2 folders.
[2017.06.09-20.19.14:979][  0]LogCrashTracker: Crashtracker disabled due to settings.
[2017.06.09-20.19.15:002][  0]LogSlate: Took 0.000372 seconds to synchronously load lazily loaded font '../../../Engine/Content/Slate/Fonts/Roboto-Regular.ttf' (155K)
[2017.06.09-20.19.15:005][  0]LogSlate: Took 0.000250 seconds to synchronously load lazily loaded font '../../../Engine/Content/Slate/Fonts/Roboto-Bold.ttf' (160K)
[2017.06.09-20.19.15:014][  0]LogSlate: Took 0.000241 seconds to synchronously load lazily loaded font '../../../Engine/Content/Editor/Slate/Fonts/FontAwesome.ttf' (139K)
[2017.06.09-20.19.15:160][  0]LogRenderer: Reallocating scene render targets to support 1208x576 NumSamples 1 (Frame:1).
[2017.06.09-20.19.16:207][  0]LogContentBrowser: Native class hierarchy updated for 'HierarchicalLODOutliner' in 0.0013 seconds. Added 1 classes and 2 folders.
[2017.06.09-20.19.16:207][  0]LogLoad: (Engine Initialization) Total time: 24.94 seconds
[2017.06.09-20.19.16:207][  0]LogLoad: (Engine Initialization) Total Blueprint compile time: 0.12 seconds
[2017.06.09-20.19.16:207][  0]LogExternalProfiler: Found external profiler: VSPerf
[2017.06.09-20.19.16:207][  0]LogExternalProfiler: Using external profiler: VSPerf
[2017.06.09-20.19.16:225][  0]LogWindowsTextInputMethodSystem:Display: IME system now deactivated.
[2017.06.09-20.19.16:229][  0]LogOcInput: OculusInput pre-init called
[2017.06.09-20.19.16:229][  0]LogHMD: Starting GearVRController plugin
[2017.06.09-20.19.16:246][  0]LogContentStreaming: Texture pool size now 1000 MB
[2017.06.09-20.19.16:284][  1]LogAssetRegistry: Asset discovery search completed in 15.1139 seconds
[2017.06.09-20.19.16:289][  1]LogCollectionManager: Rebuilt the object cache for 0 collections in 0.000000 seconds (found 0 objects)
[2017.06.09-20.19.16:289][  1]LogCollectionManager: Fixed up redirectors for 0 collections in 0.000041 seconds (updated 0 objects)
[2017.06.09-20.19.20:351][ 75]LogSlate: Took 0.000901 seconds to synchronously load lazily loaded font '../../../Engine/Content/Slate/Fonts/Roboto-Light.ttf' (159K)
[2017.06.09-20.19.49:411][825]LogSlate: Took 0.000226 seconds to synchronously load lazily loaded font '../../../Engine/Content/Slate/Fonts/Roboto-Light.ttf' (159K)
[2017.06.09-20.19.49:488][825]Cmd: OBJ SAVEPACKAGE PACKAGE="/Game/Maps/Testig" FILE="D:/TiefeSGJ/TiefeSGJ/Unreal/WIPTitel/Content/Maps/Testig.umap" SILENT=true AUTOSAVING=false KEEPDIRTY=false
[2017.06.09-20.19.49:524][825]LogSavePackage: Save=11.07ms
[2017.06.09-20.19.49:524][825]LogSavePackage: Moving 'D:/TiefeSGJ/TiefeSGJ/Unreal/WIPTitel/Saved/Testig70F4330D44C13681201180A954E98A34.tmp' to 'D:/TiefeSGJ/TiefeSGJ/Unreal/WIPTitel/Content/Maps/Testig.umap'
[2017.06.09-20.19.49:529][825]LogSavePackage:Display: Finished SavePackage D:/TiefeSGJ/TiefeSGJ/Unreal/WIPTitel/Content/Maps/Testig.umap
[2017.06.09-20.19.49:532][825]LogFileHelpers: Saving map 'Testig' took 0.109
[2017.06.09-20.19.50:757][848]Cmd: MAP LOAD FILE="D:/TiefeSGJ/TiefeSGJ/Unreal/WIPTitel/Content/Maps/Testig.umap" TEMPLATE=0 SHOWPROGRESS=1 FEATURELEVEL=3
[2017.06.09-20.19.50:757][848]LightingResults: New page: Lighting Build
[2017.06.09-20.19.50:758][848]LoadErrors: New page: Loading map: Testig.umap
[2017.06.09-20.19.50:759][848]MapCheck: New page: Map Check
[2017.06.09-20.19.50:759][848]LightingResults: New page: Lighting Build
[2017.06.09-20.19.50:786][848]LogEditorServer: Finished looking for orphan Actors (0.000 secs)
[2017.06.09-20.19.50:787][848]LogAIModule: Creating AISystem for world Testig
[2017.06.09-20.19.50:834][848]Cmd: MAP CHECKDEP NOCLEARLOG
[2017.06.09-20.19.50:898][848]MapCheck: Info Map check complete: 0 Error(s), 0 Warning(s), took 63.116ms to complete.
[2017.06.09-20.19.50:899][848]LogFileHelpers: Loading map 'Testig' took 0.143
[2017.06.09-20.21.07:535][ 62]LogMetaData: Removing '/Game/BP/BaseTileMap.BaseTileMap:UserConstructionScript.K2Node_FunctionEntry_0' ref from Metadata '/Game/BaseTileMap.PackageMetaData'
[2017.06.09-20.21.07:535][ 62]LogMetaData: Removing '/Game/BP/BaseTileMap.BaseTileMap_C' ref from Metadata '/Game/BaseTileMap.PackageMetaData'
[2017.06.09-20.21.07:535][ 62]LogMetaData: Removing '/Game/BP/BaseTileMap.BaseTileMap:EventGraph.K2Node_Event_0' ref from Metadata '/Game/BaseTileMap.PackageMetaData'
[2017.06.09-20.21.07:535][ 62]LogMetaData: Removing '/Game/BP/BaseTileMap.BaseTileMap:EventGraph.K2Node_Event_1' ref from Metadata '/Game/BaseTileMap.PackageMetaData'
[2017.06.09-20.21.07:535][ 62]LogMetaData: Removing '/Game/BP/BaseTileMap.BaseTileMap:EventGraph.K2Node_Event_2' ref from Metadata '/Game/BaseTileMap.PackageMetaData'
[2017.06.09-20.21.07:535][ 62]LogMetaData: Removing '/Game/BP/BaseTileMap.SKEL_BaseTileMap_C:UserConstructionScript' ref from Metadata '/Game/BaseTileMap.PackageMetaData'
[2017.06.09-20.21.07:535][ 62]LogMetaData: Removing '/Game/BP/BaseTileMap.SKEL_BaseTileMap_C' ref from Metadata '/Game/BaseTileMap.PackageMetaData'
[2017.06.09-20.21.07:563][ 62]Cmd: OBJ SAVEPACKAGE PACKAGE="/Game/BP/BaseTileMap" FILE="D:/TiefeSGJ/TiefeSGJ/Unreal/WIPTitel/Content/BP/BaseTileMap.uasset" SILENT=true
[2017.06.09-20.21.07:583][ 62]LogSavePackage: Save=17.34ms
[2017.06.09-20.21.07:583][ 62]LogSavePackage: Moving 'D:/TiefeSGJ/TiefeSGJ/Unreal/WIPTitel/Saved/BaseTileMapE3B4643D46CF74FB68ADE4B5F710EC88.tmp' to 'D:/TiefeSGJ/TiefeSGJ/Unreal/WIPTitel/Content/BP/BaseTileMap.uasset'
[2017.06.09-20.21.07:584][ 62]LogSavePackage:Display: Finished SavePackage D:/TiefeSGJ/TiefeSGJ/Unreal/WIPTitel/Content/BP/BaseTileMap.uasset
[2017.06.09-20.21.22:012][451]Cmd: OBJ SAVEPACKAGE PACKAGE="/Game/Maps/Testig" FILE="D:/TiefeSGJ/TiefeSGJ/Unreal/WIPTitel/Content/Maps/Testig.umap" SILENT=true AUTOSAVING=false KEEPDIRTY=false
[2017.06.09-20.21.22:064][451]LogSavePackage: Save=11.22ms
[2017.06.09-20.21.22:064][451]LogSavePackage: Moving 'D:/TiefeSGJ/TiefeSGJ/Unreal/WIPTitel/Saved/TestigB4D1998F43B47806F1A0F5B7E3CBBF1B.tmp' to 'D:/TiefeSGJ/TiefeSGJ/Unreal/WIPTitel/Content/Maps/Testig.umap'
[2017.06.09-20.21.22:066][451]LogSavePackage:Display: Finished SavePackage D:/TiefeSGJ/TiefeSGJ/Unreal/WIPTitel/Content/Maps/Testig.umap
[2017.06.09-20.21.22:812][467]Cmd: OBJ SAVEPACKAGE PACKAGE="/Game/BP/BaseTileMap" FILE="D:/TiefeSGJ/TiefeSGJ/Unreal/WIPTitel/Content/BP/BaseTileMap.uasset" SILENT=true
[2017.06.09-20.21.22:833][467]LogSavePackage: Save=12.91ms
[2017.06.09-20.21.22:833][467]LogSavePackage: Moving 'D:/TiefeSGJ/TiefeSGJ/Unreal/WIPTitel/Saved/BaseTileMap741635054F4788B70F0941A50B599397.tmp' to 'D:/TiefeSGJ/TiefeSGJ/Unreal/WIPTitel/Content/BP/BaseTileMap.uasset'
[2017.06.09-20.21.22:833][467]LogSavePackage:Display: Finished SavePackage D:/TiefeSGJ/TiefeSGJ/Unreal/WIPTitel/Content/BP/BaseTileMap.uasset
[2017.06.09-20.21.23:068][471]Cmd: OBJ SAVEPACKAGE PACKAGE="/Game/BP/BaseTileMap" FILE="D:/TiefeSGJ/TiefeSGJ/Unreal/WIPTitel/Content/BP/BaseTileMap.uasset" SILENT=true
[2017.06.09-20.21.23:088][471]LogSavePackage: Save=15.55ms
[2017.06.09-20.21.23:088][471]LogSavePackage: Moving 'D:/TiefeSGJ/TiefeSGJ/Unreal/WIPTitel/Saved/BaseTileMap4A5AA6BA4949163134CB1DABE3FE4D76.tmp' to 'D:/TiefeSGJ/TiefeSGJ/Unreal/WIPTitel/Content/BP/BaseTileMap.uasset'
[2017.06.09-20.21.23:089][471]LogSavePackage:Display: Finished SavePackage D:/TiefeSGJ/TiefeSGJ/Unreal/WIPTitel/Content/BP/BaseTileMap.uasset
[2017.06.09-20.21.23:430][478]Cmd: OBJ SAVEPACKAGE PACKAGE="/Game/BP/BaseTileMap" FILE="D:/TiefeSGJ/TiefeSGJ/Unreal/WIPTitel/Content/BP/BaseTileMap.uasset" SILENT=true
[2017.06.09-20.21.23:448][478]LogSavePackage: Save=15.30ms
[2017.06.09-20.21.23:448][478]LogSavePackage: Moving 'D:/TiefeSGJ/TiefeSGJ/Unreal/WIPTitel/Saved/BaseTileMap5B5027BC4B206435C0321AB27D5F7289.tmp' to 'D:/TiefeSGJ/TiefeSGJ/Unreal/WIPTitel/Content/BP/BaseTileMap.uasset'
[2017.06.09-20.21.23:448][478]LogSavePackage:Display: Finished SavePackage D:/TiefeSGJ/TiefeSGJ/Unreal/WIPTitel/Content/BP/BaseTileMap.uasset
[2017.06.09-20.21.36:856][827]LogSlate: Took 0.000487 seconds to synchronously load lazily loaded font '../../../Engine/Content/Editor/Slate/Fonts/Roboto-Italic.ttf' (157K)
[2017.06.09-20.21.46:328][ 79]LogContentBrowser: Native class hierarchy updated for 'BlueprintGraph' in 0.0018 seconds. Added 112 classes and 0 folders.
[2017.06.09-20.21.55:256][274]LogWindows: Windows GetLastError: The operation completed successfully. (0)
[2017.06.09-20.21.55:854][274]LogCrashTracker: 


[2017.06.09-20.21.55:854][274]LogCrashTracker: 


[2017.06.09-20.21.55:854][274]LogWindows:Error: === Critical error: ===
[2017.06.09-20.21.55:854][274]LogWindows:Error: 
[2017.06.09-20.21.55:854][274]LogWindows:Error: Assertion failed: Asset [File:D:\Build\++UE4+Release-4.16+Compile\Sync\Engine\Source\Editor\UnrealEd\Private\Toolkits\AssetEditorManager.cpp] [Line: 283] 
[2017.06.09-20.21.55:854][274]LogWindows:Error: 
[2017.06.09-20.21.55:854][274]LogWindows:Error: 
[2017.06.09-20.21.55:854][274]LogWindows:Error: 
[2017.06.09-20.21.55:854][274]LogWindows:Error: KERNELBASE.dll!0x000000001CF79E08
[2017.06.09-20.21.55:854][274]LogWindows:Error: UE4Editor-Core.dll!0x00000000E6E0AF0E
[2017.06.09-20.21.55:854][274]LogWindows:Error: UE4Editor-Core.dll!0x00000000E6C223AB
[2017.06.09-20.21.55:854][274]LogWindows:Error: UE4Editor-Core.dll!0x00000000E6BB0759
[2017.06.09-20.21.55:854][274]LogWindows:Error: UE4Editor-UnrealEd.dll!0x00000000D9566750
[2017.06.09-20.21.55:854][274]LogWindows:Error: UE4Editor-Paper2DEditor.dll!0x00000000CC5DE734
[2017.06.09-20.21.55:854][274]LogWindows:Error: UE4Editor-Paper2DEditor.dll!0x00000000CC545F72
[2017.06.09-20.21.55:854][274]LogWindows:Error: UE4Editor-Paper2DEditor.dll!0x00000000CC547D19
[2017.06.09-20.21.55:854][274]LogWindows:Error: UE4Editor-Paper2DEditor.dll!0x00000000CC5E1345
[2017.06.09-20.21.55:854][274]LogWindows:Error: UE4Editor-Slate.dll!0x00000000EA478F57
[2017.06.09-20.21.55:854][274]LogWindows:Error: UE4Editor-Slate.dll!0x00000000EA4A5D7B
[2017.06.09-20.21.55:854][274]LogWindows:Error: UE4Editor-Slate.dll!0x00000000EA2C9E9C
[2017.06.09-20.21.55:854][274]LogWindows:Error: UE4Editor-Slate.dll!0x00000000EA299835
[2017.06.09-20.21.55:854][274]LogWindows:Error: UE4Editor-Slate.dll!0x00000000EA33E5E2
[2017.06.09-20.21.55:854][274]LogWindows:Error: UE4Editor-Slate.dll!0x00000000EA32720F
[2017.06.09-20.21.55:854][274]LogWindows:Error: UE4Editor-Slate.dll!0x00000000EA318391
[2017.06.09-20.21.55:854][274]LogWindows:Error: UE4Editor-Core.dll!0x00000000E6E0166B
[2017.06.09-20.21.55:854][274]LogWindows:Error: UE4Editor-Core.dll!0x00000000E6DEB6E1
[2017.06.09-20.21.55:854][274]LogWindows:Error: UE4Editor-Core.dll!0x00000000E6E032EB
[2017.06.09-20.21.55:854][274]LogWindows:Error: UE4Editor-Core.dll!0x00000000E6DE7A32
[2017.06.09-20.21.55:854][274]LogWindows:Error: USER32.dll!0x00000000202EBC50
[2017.06.09-20.21.55:854][274]LogWindows:Error: USER32.dll!0x00000000202EB5CF
[2017.06.09-20.21.55:854][274]LogWindows:Error: UE4Editor-Core.dll!0x00000000E6E03BF6
[2017.06.09-20.21.55:854][274]LogWindows:Error: UE4Editor.exe!0x000000001D9DDB44
[2017.06.09-20.21.55:854][274]LogWindows:Error: UE4Editor.exe!0x000000001D9CF0B0
[2017.06.09-20.21.55:854][274]LogWindows:Error: UE4Editor.exe!0x000000001D9CF12A
[2017.06.09-20.21.55:854][274]LogWindows:Error: UE4Editor.exe!0x000000001D9E0CF9
[2017.06.09-20.21.55:854][274]LogWindows:Error: UE4Editor.exe!0x000000001D9E25F7
[2017.06.09-20.21.55:854][274]LogWindows:Error: KERNEL32.DLL!0x000000001F752774
[2017.06.09-20.21.55:854][274]LogWindows:Error: ntdll.dll!0x0000000020870D61
[2017.06.09-20.21.55:855][274]LogWindows:Error: ntdll.dll!0x0000000020870D61
[2017.06.09-20.21.55:855][274]LogWindows:Error: 
[2017.06.09-20.21.55:873][274]LogExit: Executing StaticShutdownAfterError
[2017.06.09-20.21.55:877][274]LogWindows: FPlatformMisc::RequestExit(1)
[2017.06.09-20.21.55:877][274]Log file closed, 06/09/17 22:21:55
