Log file open, 06/09/17 22:24:20
LogInit:Display: Running engine for game: WIPTitel
LogPlatformFile: Not using cached read wrapper
LogInit:Display: RandInit(-1536595769) SRandInit(-1536595769).
LogTaskGraph: Started task graph with 5 named threads and 6 total threads with 1 sets of task threads.
LogStats: Stats thread started at 0.131179
LogInit: Using libcurl 7.47.1
LogInit:  - built for x86_64-pc-win32
LogInit:  - supports SSL with OpenSSL/1.0.2g
LogInit:  - supports HTTP deflate (compression) using libz 1.2.8
LogInit:  - other features:
LogInit:      CURL_VERSION_SSL
LogInit:      CURL_VERSION_LIBZ
LogInit:      CURL_VERSION_IPV6
LogInit:      CURL_VERSION_ASYNCHDNS
LogInit:      CURL_VERSION_LARGEFILE
LogInit:      CURL_VERSION_IDN
LogInit:  CurlRequestOptions (configurable via config and command line):
LogInit:  - bVerifyPeer = false  - Libcurl will NOT verify peer certificate
LogInit:  - bUseHttpProxy = false  - Libcurl will NOT use HTTP proxy
LogInit:  - bDontReuseConnections = false  - Libcurl will reuse connections
LogInit:  - CertBundlePath = nullptr  - Libcurl will use whatever was configured at build time.
LogInit: Build: ++UE4+Release-4.16-CL-3466753
LogInit: Engine Version: 4.16.1-3466753+++UE4+Release-4.16
LogInit: Compatible Engine Version: 4.16.0-3452394+++UE4+Release-4.16
LogInit: Net CL: 3452394
LogDevObjectVersion: Number of dev versions registered: 16
LogDevObjectVersion:   Dev-Blueprints (B0D832E4-1F89-4F0D-ACCF-7EB736FD4AA2): 9
LogDevObjectVersion:   Dev-Build (E1C64328-A22C-4D53-A36C-8E866417BD8C): 0
LogDevObjectVersion:   Dev-Core (375EC13C-06E4-48FB-B500-84F0262A717E): 2
LogDevObjectVersion:   Dev-Editor (E4B068ED-F494-42E9-A231-DA0B2E46BB41): 17
LogDevObjectVersion:   Dev-Framework (CFFC743F-43B0-4480-9391-14DF171D2073): 23
LogDevObjectVersion:   Dev-Mobile (B02B49B5-BB20-44E9-A304-32B752E40360): 0
LogDevObjectVersion:   Dev-Networking (A4E4105C-59A1-49B5-A7C5-40C4547EDFEE): 0
LogDevObjectVersion:   Dev-Online (39C831C9-5AE6-47DC-9A44-9C173E1C8E7C): 0
LogDevObjectVersion:   Dev-Physics (78F01B33-EBEA-4F98-B9B4-84EACCB95AA2): 0
LogDevObjectVersion:   Dev-Platform (6631380F-2D4D-43E0-8009-CF276956A95A): 0
LogDevObjectVersion:   Dev-Rendering (12F88B9F-8875-4AFC-A67C-D90C383ABD29): 15
LogDevObjectVersion:   Dev-Sequencer (7B5AE74C-D270-4C10-A958-57980B212A5A): 4
LogDevObjectVersion:   Dev-VR (D7296918-1DD6-4BDD-9DE2-64A83CC13884): 0
LogDevObjectVersion:   Dev-LoadTimes (C2A15278-BFE7-4AFE-6C17-90FF531DF755): 1
LogDevObjectVersion:   Private-Geometry (6EACA3D4-40EC-4CC1-B786-8BED09428FC5): 1
LogDevObjectVersion:   Dev-AnimPhys (29E575DD-E0A3-4627-9D10-D276232CDCEA): 3
LogInit: Compiled (64-bit): May 31 2017 02:03:30
LogInit: Compiled with Visual C++: 19.00.24215.01
LogInit: Build Configuration: Development
LogInit: Branch Name: ++UE4+Release-4.16
LogInit: Command line: -EpicPortal
LogInit: Base directory: C:/Program Files/Epic Games/UE_4.16/Engine/Binaries/Win64/
LogInit: Installed Engine Build: 1
LogInit: Presizing for max 8388607 objects, including 0 objects not considered by GC, pre-allocating 0 bytes for permanent pool.
LogInit: Object subsystem initialized
[2017.06.09-20.24.21:325][  0]LogInit: Selected Device Profile: [Windows]
[2017.06.09-20.24.21:325][  0]LogInit: Applying CVar settings loaded from the selected device profile: [Windows]
[2017.06.09-20.24.21:339][  0]LogInit: Computer: LAPTOP-79UBS0EU
[2017.06.09-20.24.21:339][  0]LogInit: User: martin
[2017.06.09-20.24.21:339][  0]LogInit: CPU Page size=4096, Cores=2
[2017.06.09-20.24.21:339][  0]LogInit: High frequency timer resolution =2.343754 MHz
[2017.06.09-20.24.21:339][  0]LogMemory: Memory total: Physical=7.9GB (8GB approx)
[2017.06.09-20.24.21:339][  0]LogMemory: Platform Memory Stats for Windows
[2017.06.09-20.24.21:339][  0]LogMemory: Process Physical Memory: 272.18 MB used, 272.18 MB peak
[2017.06.09-20.24.21:339][  0]LogMemory: Process Virtual Memory: 258.39 MB used, 258.39 MB peak
[2017.06.09-20.24.21:339][  0]LogMemory: Physical Memory: 4103.71 MB used,  3943.73 MB free, 8047.44 MB total
[2017.06.09-20.24.21:339][  0]LogMemory: Virtual Memory: 634.27 MB used,  3943.73 MB free, 134217728.00 MB total
[2017.06.09-20.24.21:436][  0]LogInit: Using OS detected language (en-GB).
[2017.06.09-20.24.21:436][  0]LogInit: Using OS detected locale (en-GB).
[2017.06.09-20.24.21:440][  0]LogTextLocalizationManager: No specific localization for 'en-GB' exists, so the 'en' localization will be used.
[2017.06.09-20.24.22:765][  0]LogD3D11RHI: D3D11 adapters:
[2017.06.09-20.24.22:773][  0]LogD3D11RHI:    0. 'Intel(R) HD Graphics 520' (Feature Level 11_0)
[2017.06.09-20.24.22:773][  0]LogD3D11RHI:       128/0/4023 MB DedicatedVideo/DedicatedSystem/SharedSystem, Outputs:2, VendorId:0x8086
[2017.06.09-20.24.22:775][  0]LogD3D11RHI:    1. 'Microsoft Basic Render Driver' (Feature Level 11_0)
[2017.06.09-20.24.22:775][  0]LogD3D11RHI:       0/0/4023 MB DedicatedVideo/DedicatedSystem/SharedSystem, Outputs:0, VendorId:0x1414
[2017.06.09-20.24.22:775][  0]LogD3D11RHI: Chosen D3D11 Adapter: 0
[2017.06.09-20.24.22:783][  0]LogD3D11RHI: Creating new Direct3DDevice
[2017.06.09-20.24.22:783][  0]LogD3D11RHI:     GPU DeviceId: 0x1916 (for the marketing name, search the web for "GPU Device Id")
[2017.06.09-20.24.22:783][  0]LogWindows: EnumDisplayDevices:
[2017.06.09-20.24.22:783][  0]LogWindows:    0. 'Intel(R) HD Graphics 520' (P:0 D:1)
[2017.06.09-20.24.22:783][  0]LogWindows:    1. 'Intel(R) HD Graphics 520' (P:1 D:1)
[2017.06.09-20.24.22:784][  0]LogWindows:    2. 'Intel(R) HD Graphics 520' (P:0 D:0)
[2017.06.09-20.24.22:784][  0]LogWindows: DebugString: FoundDriverCount:3 
[2017.06.09-20.24.22:784][  0]LogD3D11RHI:     Adapter Name: Intel(R) HD Graphics 520
[2017.06.09-20.24.22:784][  0]LogD3D11RHI:   Driver Version: 21.20.16.4574 (internal:21.20.16.4574, unified:21.20.16.4574)
[2017.06.09-20.24.22:784][  0]LogD3D11RHI:      Driver Date: 12-23-2016
[2017.06.09-20.24.22:784][  0]LogRHI: Texture pool is 1361 MB (70% of 1945 MB)
[2017.06.09-20.24.22:790][  0]LogD3D11RHI: Async texture creation enabled
[2017.06.09-20.24.22:796][  0]LogD3D11RHI: GPU Timing Frequency: 12.000000 (Debug: 2 0)
[2017.06.09-20.24.22:798][  0]LogShaderCompilers: Guid format shader working directory is 10 characters bigger than the processId version (D:/TiefeSGJ/TiefeSGJ/Unreal/WIPTitel/Intermediate/Shaders/WorkingDirectory/9900/).
[2017.06.09-20.24.22:798][  0]LogShaderCompilers: Cleaned the shader compiler working directory 'C:/Users/marti/AppData/Local/Temp/UnrealShaderWorkingDir/E4A8685741AF5D837EC23EA041B9613A/'.
[2017.06.09-20.24.22:798][  0]LogShaderCompilers:Display: Using Local Shader Compiler.
[2017.06.09-20.24.24:225][  0]LogTemp:Display: Loaded TP AllDesktopTargetPlatform
[2017.06.09-20.24.24:290][  0]LogTemp:Display: Loaded TP MacClientTargetPlatform
[2017.06.09-20.24.24:371][  0]LogTemp:Display: Loaded TP MacNoEditorTargetPlatform
[2017.06.09-20.24.24:474][  0]LogTemp:Display: Loaded TP MacServerTargetPlatform
[2017.06.09-20.24.24:574][  0]LogTemp:Display: Loaded TP MacTargetPlatform
[2017.06.09-20.24.24:666][  0]LogTemp:Display: Loaded TP WindowsClientTargetPlatform
[2017.06.09-20.24.24:756][  0]LogTemp:Display: Loaded TP WindowsNoEditorTargetPlatform
[2017.06.09-20.24.24:851][  0]LogTemp:Display: Loaded TP WindowsServerTargetPlatform
[2017.06.09-20.24.24:938][  0]LogTemp:Display: Loaded TP WindowsTargetPlatform
[2017.06.09-20.24.25:039][  0]LogTemp:Display: Loaded TP AndroidTargetPlatform
[2017.06.09-20.24.25:143][  0]LogTemp:Display: Loaded TP Android_ASTCTargetPlatform
[2017.06.09-20.24.25:237][  0]LogTemp:Display: Loaded TP Android_ATCTargetPlatform
[2017.06.09-20.24.25:324][  0]LogTemp:Display: Loaded TP Android_DXTTargetPlatform
[2017.06.09-20.24.25:401][  0]LogTemp:Display: Loaded TP Android_ETC1TargetPlatform
[2017.06.09-20.24.25:495][  0]LogTemp:Display: Loaded TP Android_ETC2TargetPlatform
[2017.06.09-20.24.25:686][  0]LogTemp:Display: Loaded TP Android_MultiTargetPlatform
[2017.06.09-20.24.25:686][  0]LogTemp:Display: Loaded TP Android_PVRTCTargetPlatform
[2017.06.09-20.24.25:779][  0]LogTemp:Display: Loaded TP HTML5TargetPlatform
[2017.06.09-20.24.25:956][  0]LogTemp:Display: Loaded TP IOSTargetPlatform
[2017.06.09-20.24.26:004][  0]LogTemp:Display: Loaded TP TVOSTargetPlatform
[2017.06.09-20.24.26:085][  0]LogTemp:Display: Loaded TP LinuxClientTargetPlatform
[2017.06.09-20.24.26:163][  0]LogTemp:Display: Loaded TP LinuxNoEditorTargetPlatform
[2017.06.09-20.24.26:256][  0]LogTemp:Display: Loaded TP LinuxServerTargetPlatform
[2017.06.09-20.24.26:333][  0]LogTemp:Display: Loaded TP LinuxTargetPlatform
[2017.06.09-20.24.26:334][  0]LogTargetPlatformManager:Display: Building Assets For Windows
[2017.06.09-20.24.27:001][  0]LogDerivedDataCache:Display: Max Cache Size: 512 MB
[2017.06.09-20.24.27:131][  0]LogDerivedDataCache: Loaded boot cache 0.13s 90MB C:/Users/marti/AppData/Local/UnrealEngine/4.16/DerivedDataCache/Boot.ddc.
[2017.06.09-20.24.27:131][  0]LogDerivedDataCache:Display: Loaded Boot cache: C:/Users/marti/AppData/Local/UnrealEngine/4.16/DerivedDataCache/Boot.ddc
[2017.06.09-20.24.27:131][  0]LogDerivedDataCache: FDerivedDataBackendGraph:  Pak pak cache file D:/TiefeSGJ/TiefeSGJ/Unreal/WIPTitel/DerivedDataCache/DDC.ddp not found, will not use a pak cache.
[2017.06.09-20.24.27:131][  0]LogDerivedDataCache: Unable to find inner node Pak for hierarchical cache Hierarchy.
[2017.06.09-20.24.27:131][  0]LogDerivedDataCache: FDerivedDataBackendGraph:  CompressedPak pak cache file D:/TiefeSGJ/TiefeSGJ/Unreal/WIPTitel/DerivedDataCache/Compressed.ddp not found, will not use a pak cache.
[2017.06.09-20.24.27:131][  0]LogDerivedDataCache: Unable to find inner node CompressedPak for hierarchical cache Hierarchy.
[2017.06.09-20.24.27:153][  0]LogDerivedDataCache:Display: Pak cache opened for reading ../../../Engine/DerivedDataCache/Compressed.ddp.
[2017.06.09-20.24.27:166][  0]LogDerivedDataCache: Using Local data cache path C:/Users/marti/AppData/Local/UnrealEngine/Common/DerivedDataCache: Writable
[2017.06.09-20.24.27:179][  0]LogMaterial: Verifying Global Shaders for PCD3D_SM5
[2017.06.09-20.24.27:180][  0]LogSlate: Using Freetype 2.6.0
[2017.06.09-20.24.27:180][  0]LogSlate: SlateFontCache - WITH_FREETYPE: 1, WITH_HARFBUZZ: 1
[2017.06.09-20.24.27:180][  0]LogSlate: SlateFontCache - WITH_FREETYPE: 1, WITH_HARFBUZZ: 1
[2017.06.09-20.24.27:642][  0]LogInit: Selected Device Profile: [Windows]
[2017.06.09-20.24.27:746][  0]LogContentStreaming: Texture pool size is 0.00 MB
[2017.06.09-20.24.27:956][  0]LogMeshUtilities: Using QuadricMeshReduction for automatic static mesh reduction
[2017.06.09-20.24.28:013][  0]LogSimplygon: Simplygon DLL not present - disabling.
[2017.06.09-20.24.28:084][  0]LogMeshUtilities: Using SimplygonSwarm for distributed automatic mesh merging
[2017.06.09-20.24.28:084][  0]LogMeshUtilities: No automatic skeletal mesh reduction module available
[2017.06.09-20.24.28:084][  0]LogMeshUtilities: No automatic mesh merging module available
[2017.06.09-20.24.28:901][  0]LogNetVersion: WIPTitel , NetCL: 3452394, EngineNetVer: 2, GameNetVer: 0 (Checksum: 1095725465)
[2017.06.09-20.24.28:978][  0]LogAssetRegistry: FAssetRegistry took 0.0261 seconds to start up
[2017.06.09-20.24.29:053][  0]LogPackageLocalizationCache: Processed 4 localized package path(s) for 2 prioritized culture(s) in 0.035916 seconds
[2017.06.09-20.24.29:060][  0]LogUObjectArray: 34194 objects as part of root set at end of initial load.
[2017.06.09-20.24.29:060][  0]LogUObjectAllocator: 7260424 out of 0 bytes used by permanent object pool.
[2017.06.09-20.24.29:060][  0]LogUObjectArray: CloseDisregardForGC: 0/0 objects in disregard for GC pool
[2017.06.09-20.24.29:149][  0]LogInit: WinSock: version 1.1 (2.2), MaxSocks=32767, MaxUdp=65467
[2017.06.09-20.24.32:520][  0]LogTcpMessaging: Initializing TcpMessaging bridge
[2017.06.09-20.24.32:582][  0]LogUdpMessaging: Initializing bridge on interface 0.0.0.0:0 to multicast group 230.0.0.1:6666.
[2017.06.09-20.24.33:421][  0]LogMaterial: Uniform references updated for custom material expression Custom.
[2017.06.09-20.24.33:944][  0]SourceControl: Info Source control is disabled
[2017.06.09-20.24.33:978][  0]SourceControl: Info Source control is disabled
[2017.06.09-20.24.34:044][  0]SourceControl: Info Source control is disabled
[2017.06.09-20.24.34:117][  0]SourceControl: Info Source control is disabled
[2017.06.09-20.24.35:142][  0]LogAndroidPermission: UAndroidPermissionCallbackProxy::GetInstance
[2017.06.09-20.24.35:937][  0]LogEngine: Initializing Engine...
[2017.06.09-20.24.35:938][  0]LogHMD: Failed to initialize OpenVR with code 110
[2017.06.09-20.24.36:272][  0]LogStats: UGameplayTagsManager::ConstructGameplayTagTree: Construct from data asset -  0.000 s
[2017.06.09-20.24.36:272][  0]LogStats: UGameplayTagsManager::ConstructGameplayTagTree: GameplayTagTreeChangedEvent.Broadcast -  0.000 s
[2017.06.09-20.24.36:435][  0]LogAIModule: Creating AISystem for world Untitled
[2017.06.09-20.24.36:445][  0]LogInit: XAudio2 using 'Speakers (Realtek High Definition Audio)' : 2 channels at 48 kHz using 32 bits per sample (channel mask 0x3)
[2017.06.09-20.24.36:465][  0]LogInit: FAudioDevice initialized.
[2017.06.09-20.24.36:529][  0]LogDerivedDataCache: Saved boot cache 0.06s 90MB C:/Users/marti/AppData/Local/UnrealEngine/4.16/DerivedDataCache/Boot.ddc.
[2017.06.09-20.24.36:552][  0]LogInit: Texture streaming: Enabled
[2017.06.09-20.24.36:684][  0]LogEngineSessionManager: EngineSessionManager initialized
[2017.06.09-20.24.36:684][  0]LogEngineSessionManager: EngineSessionManager sent abnormal shutdown report. Type=Crashed, SessionId={CAF58BC9-4B52-3F51-EC0B-E3A27FF60799}
[2017.06.09-20.24.36:965][  0]LogInit: Transaction tracking system initialized
[2017.06.09-20.24.37:374][  0]BlueprintLog: New page: Editor Load
[2017.06.09-20.24.38:779][  0]LocalizationService: Info Localization service is disabled
[2017.06.09-20.24.39:786][  0]LogConsoleResponse:Display: 
[2017.06.09-20.24.39:981][  0]LogCook:Display: Max memory allowance for cook 16384mb min free memory 0mb
[2017.06.09-20.24.39:981][  0]LogCook:Display: Mobile HDR setting 1
[2017.06.09-20.24.40:722][  0]LogFileCache: Scanning file cache for directory 'D:/TiefeSGJ/TiefeSGJ/Unreal/WIPTitel/Content/' took 0.01s
[2017.06.09-20.24.41:590][  0]SourceControl: Info Source control is disabled
[2017.06.09-20.24.41:590][  0]Cmd: MAP LOAD FILE="../../../Engine/Content/Maps/Templates/Template_Default.umap" TEMPLATE=1 SHOWPROGRESS=1 FEATURELEVEL=3
[2017.06.09-20.24.41:591][  0]LightingResults: New page: Lighting Build
[2017.06.09-20.24.41:646][  0]MapCheck: New page: Map Check
[2017.06.09-20.24.41:646][  0]LightingResults: New page: Lighting Build
[2017.06.09-20.24.42:005][  0]LogAIModule: Creating AISystem for world Untitled_1
[2017.06.09-20.24.42:007][  0]LogActorComponent: RegisterComponentWithWorld: (/Temp/Untitled_1.Untitled_1:PersistentLevel.WorldSettings_1.StaticMeshComponent0) Trying to register component with IsPendingKill() == true. Aborting.
[2017.06.09-20.24.42:013][  0]LogEditorServer: Finished looking for orphan Actors (0.000 secs)
[2017.06.09-20.24.42:083][  0]Cmd: MAP CHECKDEP NOCLEARLOG
[2017.06.09-20.24.42:152][  0]MapCheck: Info Map check complete: 0 Error(s), 0 Warning(s), took 68.265ms to complete.
[2017.06.09-20.24.42:152][  0]LogFileHelpers: Loading map 'Template_Default' took 0.561
[2017.06.09-20.24.42:362][  0]LogCollectionManager: Loaded 0 collections in 0.002791 seconds
[2017.06.09-20.24.42:509][  0]LogFileCache: Scanning file cache for directory 'D:/TiefeSGJ/TiefeSGJ/Unreal/WIPTitel/Saved/Collections/' took 0.01s
[2017.06.09-20.24.42:509][  0]LogFileCache: Scanning file cache for directory 'D:/TiefeSGJ/TiefeSGJ/Unreal/WIPTitel/Content/Developers/martin/Collections/' took 0.01s
[2017.06.09-20.24.42:509][  0]LogFileCache: Scanning file cache for directory 'D:/TiefeSGJ/TiefeSGJ/Unreal/WIPTitel/Content/Collections/' took 0.01s
[2017.06.09-20.24.42:509][  0]LogCollectionManager: Rebuilt the GUID cache for 0 collections in 0.000002 seconds
[2017.06.09-20.24.42:524][  0]LogContentBrowser: Native class hierarchy populated in 0.0152 seconds. Added 2330 classes and 493 folders.
[2017.06.09-20.24.42:663][  0]LogContentBrowser: Native class hierarchy updated for 'WidgetCarousel' in 0.0023 seconds. Added 0 classes and 0 folders.
[2017.06.09-20.24.42:740][  0]LogContentBrowser: Native class hierarchy updated for 'AddContentDialog' in 0.0017 seconds. Added 0 classes and 0 folders.
[2017.06.09-20.24.42:823][  0]LogContentBrowser: Native class hierarchy updated for 'SceneOutliner' in 0.0016 seconds. Added 1 classes and 2 folders.
[2017.06.09-20.24.42:881][  0]LogCrashTracker: Crashtracker disabled due to settings.
[2017.06.09-20.24.42:902][  0]LogSlate: Took 0.000282 seconds to synchronously load lazily loaded font '../../../Engine/Content/Slate/Fonts/Roboto-Regular.ttf' (155K)
[2017.06.09-20.24.42:905][  0]LogSlate: Took 0.000297 seconds to synchronously load lazily loaded font '../../../Engine/Content/Slate/Fonts/Roboto-Bold.ttf' (160K)
[2017.06.09-20.24.42:916][  0]LogSlate: Took 0.000210 seconds to synchronously load lazily loaded font '../../../Engine/Content/Editor/Slate/Fonts/FontAwesome.ttf' (139K)
[2017.06.09-20.24.43:074][  0]LogRenderer: Reallocating scene render targets to support 1208x576 NumSamples 1 (Frame:1).
[2017.06.09-20.24.44:054][  0]LogContentBrowser: Native class hierarchy updated for 'HierarchicalLODOutliner' in 0.0013 seconds. Added 1 classes and 2 folders.
[2017.06.09-20.24.44:054][  0]LogLoad: (Engine Initialization) Total time: 25.15 seconds
[2017.06.09-20.24.44:054][  0]LogLoad: (Engine Initialization) Total Blueprint compile time: 0.13 seconds
[2017.06.09-20.24.44:054][  0]LogExternalProfiler: Found external profiler: VSPerf
[2017.06.09-20.24.44:054][  0]LogExternalProfiler: Using external profiler: VSPerf
[2017.06.09-20.24.44:089][  0]LogWindowsTextInputMethodSystem:Display: IME system now deactivated.
[2017.06.09-20.24.44:090][  0]LogOcInput: OculusInput pre-init called
[2017.06.09-20.24.44:090][  0]LogHMD: Starting GearVRController plugin
[2017.06.09-20.24.44:107][  0]LogContentStreaming: Texture pool size now 1000 MB
[2017.06.09-20.24.44:154][  0]LogSlate: Took 0.000212 seconds to synchronously load lazily loaded font '../../../Engine/Content/Slate/Fonts/Roboto-Light.ttf' (159K)
[2017.06.09-20.24.44:186][  1]LogAssetRegistry: Asset discovery search completed in 15.2302 seconds
[2017.06.09-20.24.44:189][  1]LogCollectionManager: Rebuilt the object cache for 0 collections in 0.000000 seconds (found 0 objects)
[2017.06.09-20.24.44:189][  1]LogCollectionManager: Fixed up redirectors for 0 collections in 0.000073 seconds (updated 0 objects)
[2017.06.09-20.24.45:189][ 20]LogSlate: Took 0.000843 seconds to synchronously load lazily loaded font '../../../Engine/Content/Slate/Fonts/Roboto-Light.ttf' (159K)
[2017.06.09-20.24.48:485][123]LogSlate: Took 0.000342 seconds to synchronously load lazily loaded font '../../../Engine/Content/Slate/Fonts/Roboto-Light.ttf' (159K)
[2017.06.09-20.24.48:542][123]LogAIModule: Creating AISystem for world Testig
[2017.06.09-20.24.48:581][123]Cmd: MAP LOAD FILE="D:/TiefeSGJ/TiefeSGJ/Unreal/WIPTitel/Content/Maps/Testig.umap" TEMPLATE=0 SHOWPROGRESS=1 FEATURELEVEL=3
[2017.06.09-20.24.48:581][123]LightingResults: New page: Lighting Build
[2017.06.09-20.24.48:582][123]LoadErrors: New page: Loading map: Testig.umap
[2017.06.09-20.24.48:583][123]MapCheck: New page: Map Check
[2017.06.09-20.24.48:583][123]LightingResults: New page: Lighting Build
[2017.06.09-20.24.48:612][123]LogEditorServer: Finished looking for orphan Actors (0.000 secs)
[2017.06.09-20.24.48:658][123]Cmd: MAP CHECKDEP NOCLEARLOG
[2017.06.09-20.24.48:734][123]MapCheck: Info Map check complete: 0 Error(s), 0 Warning(s), took 75.33ms to complete.
[2017.06.09-20.24.48:734][123]LogFileHelpers: Loading map 'Testig' took 0.154
[2017.06.09-20.25.16:262][805]LogSlate: Took 0.000337 seconds to synchronously load lazily loaded font '../../../Engine/Content/Editor/Slate/Fonts/Roboto-Italic.ttf' (157K)
[2017.06.09-20.29.34:967][ 82]LogSlate: Took 0.010488 seconds to synchronously load lazily loaded font '../../../Engine/Content/Editor/Slate/Fonts/Roboto-BoldCondensed.ttf' (158K)
[2017.06.09-20.30.17:386][ 80]Cmd: OBJ SAVEPACKAGE PACKAGE="/Game/NewPaperTileSet" FILE="D:/TiefeSGJ/TiefeSGJ/Unreal/WIPTitel/Content/NewPaperTileSet.uasset" SILENT=true
[2017.06.09-20.30.17:397][ 80]LogSavePackage: Save=9.92ms
[2017.06.09-20.30.17:397][ 80]LogSavePackage: Moving 'D:/TiefeSGJ/TiefeSGJ/Unreal/WIPTitel/Saved/NewPaperTileSet221BCD0A41A2AE6059B855A78B829BBE.tmp' to 'D:/TiefeSGJ/TiefeSGJ/Unreal/WIPTitel/Content/NewPaperTileSet.uasset'
[2017.06.09-20.30.17:399][ 80]LogSavePackage:Display: Finished SavePackage D:/TiefeSGJ/TiefeSGJ/Unreal/WIPTitel/Content/NewPaperTileSet.uasset
[2017.06.09-20.30.25:587][358]Cmd: OBJ SAVEPACKAGE PACKAGE="/Game/Assets/NewPaperTileSet" FILE="D:/TiefeSGJ/TiefeSGJ/Unreal/WIPTitel/Content/Assets/NewPaperTileSet.uasset" SILENT=true
[2017.06.09-20.30.25:599][358]LogSavePackage: Save=7.52ms
[2017.06.09-20.30.25:599][358]LogSavePackage: Moving 'D:/TiefeSGJ/TiefeSGJ/Unreal/WIPTitel/Saved/NewPaperTileSet60133DD4485F1BEB64CB5FBDC425518E.tmp' to 'D:/TiefeSGJ/TiefeSGJ/Unreal/WIPTitel/Content/Assets/NewPaperTileSet.uasset'
[2017.06.09-20.30.25:600][358]LogSavePackage:Display: Finished SavePackage D:/TiefeSGJ/TiefeSGJ/Unreal/WIPTitel/Content/Assets/NewPaperTileSet.uasset
[2017.06.09-20.31.05:371][670]LogFactory: FactoryCreateFile: Texture with ReimportTextureFactory (0 0 D:/TiefeSGJ/TiefeSGJ/Art/ChummusBoi.png)
[2017.06.09-20.31.05:378][670]LogTexture:Display: Building textures: ChummusBoi (AutoDXT, 32X32)
[2017.06.09-20.31.13:455][852]Cmd: OBJ SAVEPACKAGE PACKAGE="/Game/Assets/NewPaperTileSet" FILE="D:/TiefeSGJ/TiefeSGJ/Unreal/WIPTitel/Content/Assets/NewPaperTileSet.uasset" SILENT=true
[2017.06.09-20.31.13:468][852]LogSavePackage: Save=10.86ms
[2017.06.09-20.31.13:468][852]LogSavePackage: Moving 'D:/TiefeSGJ/TiefeSGJ/Unreal/WIPTitel/Saved/NewPaperTileSet1185008D49496B43050C7987BF63336D.tmp' to 'D:/TiefeSGJ/TiefeSGJ/Unreal/WIPTitel/Content/Assets/NewPaperTileSet.uasset'
[2017.06.09-20.31.13:470][852]LogSavePackage:Display: Finished SavePackage D:/TiefeSGJ/TiefeSGJ/Unreal/WIPTitel/Content/Assets/NewPaperTileSet.uasset
[2017.06.09-20.31.14:298][868]Cmd: OBJ SAVEPACKAGE PACKAGE="/Game/Assets/NewPaperTileSet" FILE="D:/TiefeSGJ/TiefeSGJ/Unreal/WIPTitel/Content/Assets/NewPaperTileSet.uasset" SILENT=true
[2017.06.09-20.31.14:306][868]LogSavePackage: Save=4.74ms
[2017.06.09-20.31.14:306][868]LogSavePackage: Moving 'D:/TiefeSGJ/TiefeSGJ/Unreal/WIPTitel/Saved/NewPaperTileSetC6BDEFAF45FE88A2CB7DE896A308DB20.tmp' to 'D:/TiefeSGJ/TiefeSGJ/Unreal/WIPTitel/Content/Assets/NewPaperTileSet.uasset'
[2017.06.09-20.31.14:307][868]LogSavePackage:Display: Finished SavePackage D:/TiefeSGJ/TiefeSGJ/Unreal/WIPTitel/Content/Assets/NewPaperTileSet.uasset
[2017.06.09-20.31.14:558][872]Cmd: OBJ SAVEPACKAGE PACKAGE="/Game/Assets/NewPaperTileSet" FILE="D:/TiefeSGJ/TiefeSGJ/Unreal/WIPTitel/Content/Assets/NewPaperTileSet.uasset" SILENT=true
[2017.06.09-20.31.14:567][872]LogSavePackage: Save=6.66ms
[2017.06.09-20.31.14:567][872]LogSavePackage: Moving 'D:/TiefeSGJ/TiefeSGJ/Unreal/WIPTitel/Saved/NewPaperTileSet41572E9C428F38D7B2414AA0B8233ABE.tmp' to 'D:/TiefeSGJ/TiefeSGJ/Unreal/WIPTitel/Content/Assets/NewPaperTileSet.uasset'
[2017.06.09-20.31.14:568][872]LogSavePackage:Display: Finished SavePackage D:/TiefeSGJ/TiefeSGJ/Unreal/WIPTitel/Content/Assets/NewPaperTileSet.uasset
[2017.06.09-20.31.17:838][933]Cmd: OBJ SAVEPACKAGE PACKAGE="/Game/Assets/NewPaperTileSet" FILE="D:/TiefeSGJ/TiefeSGJ/Unreal/WIPTitel/Content/Assets/NewPaperTileSet.uasset" SILENT=true
[2017.06.09-20.31.17:845][933]LogSavePackage: Save=4.78ms
[2017.06.09-20.31.17:845][933]LogSavePackage: Moving 'D:/TiefeSGJ/TiefeSGJ/Unreal/WIPTitel/Saved/NewPaperTileSetA45E5517457166F03A9DEAA55AC0EEB9.tmp' to 'D:/TiefeSGJ/TiefeSGJ/Unreal/WIPTitel/Content/Assets/NewPaperTileSet.uasset'
[2017.06.09-20.31.17:845][933]LogSavePackage:Display: Finished SavePackage D:/TiefeSGJ/TiefeSGJ/Unreal/WIPTitel/Content/Assets/NewPaperTileSet.uasset
[2017.06.09-20.31.19:018][962]Cmd: OBJ SAVEPACKAGE PACKAGE="/Game/Assets/ChummusBoi" FILE="D:/TiefeSGJ/TiefeSGJ/Unreal/WIPTitel/Content/Assets/ChummusBoi.uasset" SILENT=true
[2017.06.09-20.31.19:026][962]LogSavePackage: Save=7.19ms
[2017.06.09-20.31.19:026][962]LogSavePackage: Moving 'D:/TiefeSGJ/TiefeSGJ/Unreal/WIPTitel/Saved/ChummusBoiC032CE82476E1BE32AFBB98793A9849F.tmp' to 'D:/TiefeSGJ/TiefeSGJ/Unreal/WIPTitel/Content/Assets/ChummusBoi.uasset'
[2017.06.09-20.31.19:028][962]LogSavePackage:Display: Finished SavePackage D:/TiefeSGJ/TiefeSGJ/Unreal/WIPTitel/Content/Assets/ChummusBoi.uasset
[2017.06.09-20.31.32:325][164]LogObjectTools:Warning: ForceReplaceReferences replaced references for a transient object 'DEADCLASS_BaseTileMap_C_1' or package '/Engine/Transient'.
[2017.06.09-20.31.32:326][164]LogObjectTools:Warning: ForceReplaceReferences replaced references for a transient object 'DefaultSceneRoot_GEN_VARIABLE' or package '/Engine/Transient'.
[2017.06.09-20.31.32:326][164]LogObjectTools:Warning: ForceReplaceReferences replaced references for a transient object 'SimpleConstructionScript_0' or package '/Engine/Transient'.
[2017.06.09-20.31.32:326][164]LogObjectTools:Warning: ForceReplaceReferences replaced references for a transient object 'DEADCLASS_BaseTileMap_C_0' or package '/Engine/Transient'.
[2017.06.09-20.31.32:326][164]LogObjectTools:Warning: ForceReplaceReferences replaced references for a transient object 'REINST_SKEL_BaseTileMap_C_12' or package '/Engine/Transient'.
[2017.06.09-20.31.32:326][164]LogObjectTools:Warning: ForceReplaceReferences replaced references for a transient object 'REINST_BaseTileMap_C_11' or package '/Engine/Transient'.
[2017.06.09-20.31.49:502][769]Cmd: OBJ SAVEPACKAGE PACKAGE="/Game/BP/BaseTileMap" FILE="D:/TiefeSGJ/TiefeSGJ/Unreal/WIPTitel/Content/BP/BaseTileMap.uasset" SILENT=true
[2017.06.09-20.31.49:510][769]LogSavePackage: Save=5.76ms
[2017.06.09-20.31.49:510][769]LogSavePackage: Moving 'D:/TiefeSGJ/TiefeSGJ/Unreal/WIPTitel/Saved/BaseTileMap56D5334B457B06B3B3EBBBA311C4D22C.tmp' to 'D:/TiefeSGJ/TiefeSGJ/Unreal/WIPTitel/Content/BP/BaseTileMap.uasset'
[2017.06.09-20.31.49:513][769]LogSavePackage:Display: Finished SavePackage D:/TiefeSGJ/TiefeSGJ/Unreal/WIPTitel/Content/BP/BaseTileMap.uasset
[2017.06.09-20.32.08:292][304]Cmd: OBJ SAVEPACKAGE PACKAGE="/Game/Assets/BaseTileMap" FILE="D:/TiefeSGJ/TiefeSGJ/Unreal/WIPTitel/Content/Assets/BaseTileMap.uasset" SILENT=true
[2017.06.09-20.32.08:301][304]LogSavePackage: Save=7.08ms
[2017.06.09-20.32.08:301][304]LogSavePackage: Moving 'D:/TiefeSGJ/TiefeSGJ/Unreal/WIPTitel/Saved/BaseTileMap7F25F7B6446ED34402B36EA35E40B128.tmp' to 'D:/TiefeSGJ/TiefeSGJ/Unreal/WIPTitel/Content/Assets/BaseTileMap.uasset'
[2017.06.09-20.32.08:303][304]LogSavePackage:Display: Finished SavePackage D:/TiefeSGJ/TiefeSGJ/Unreal/WIPTitel/Content/Assets/BaseTileMap.uasset
[2017.06.09-20.32.27:371][967]Cmd: OBJ SAVEPACKAGE PACKAGE="/Game/TileMaps/BaseTileMap" FILE="D:/TiefeSGJ/TiefeSGJ/Unreal/WIPTitel/Content/TileMaps/BaseTileMap.uasset" SILENT=true
[2017.06.09-20.32.27:380][967]LogSavePackage: Save=7.47ms
[2017.06.09-20.32.27:380][967]LogSavePackage: Moving 'D:/TiefeSGJ/TiefeSGJ/Unreal/WIPTitel/Saved/BaseTileMapE592F87F467C1C50C9AC7E9C1BEBC4FF.tmp' to 'D:/TiefeSGJ/TiefeSGJ/Unreal/WIPTitel/Content/TileMaps/BaseTileMap.uasset'
[2017.06.09-20.32.27:382][967]LogSavePackage:Display: Finished SavePackage D:/TiefeSGJ/TiefeSGJ/Unreal/WIPTitel/Content/TileMaps/BaseTileMap.uasset
[2017.06.09-20.32.52:753][500]LogRenderer: Reallocating scene render targets to support 1208x924 NumSamples 1 (Frame:33).
[2017.06.09-20.33.10:409][895]Cmd: OBJ SAVEPACKAGE PACKAGE="/Game/Assets/ChummusBoi_TileSet" FILE="D:/TiefeSGJ/TiefeSGJ/Unreal/WIPTitel/Content/Assets/ChummusBoi_TileSet.uasset" SILENT=true
[2017.06.09-20.33.10:421][895]LogSavePackage: Save=10.79ms
[2017.06.09-20.33.10:421][895]LogSavePackage: Moving 'D:/TiefeSGJ/TiefeSGJ/Unreal/WIPTitel/Saved/ChummusBoi_TileSet5C694C0F441903429F9A168524EC9977.tmp' to 'D:/TiefeSGJ/TiefeSGJ/Unreal/WIPTitel/Content/Assets/ChummusBoi_TileSet.uasset'
[2017.06.09-20.33.10:423][895]LogSavePackage:Display: Finished SavePackage D:/TiefeSGJ/TiefeSGJ/Unreal/WIPTitel/Content/Assets/ChummusBoi_TileSet.uasset
[2017.06.09-20.33.12:890][952]Cmd: OBJ SAVEPACKAGE PACKAGE="/Game/Maps/Testig" FILE="D:/TiefeSGJ/TiefeSGJ/Unreal/WIPTitel/Content/Maps/Testig.umap" SILENT=true AUTOSAVING=false KEEPDIRTY=false
[2017.06.09-20.33.12:933][952]LogSavePackage: Save=11.68ms
[2017.06.09-20.33.12:933][952]LogSavePackage: Moving 'D:/TiefeSGJ/TiefeSGJ/Unreal/WIPTitel/Saved/TestigE46E7DC6425CAC55CD1F5EA3CE376353.tmp' to 'D:/TiefeSGJ/TiefeSGJ/Unreal/WIPTitel/Content/Maps/Testig.umap'
[2017.06.09-20.33.12:938][952]LogSavePackage:Display: Finished SavePackage D:/TiefeSGJ/TiefeSGJ/Unreal/WIPTitel/Content/Maps/Testig.umap
[2017.06.09-20.34.22:937][971]Cmd: OBJ SAVEPACKAGE PACKAGE="/Game/TileMaps/BaseTileMap" FILE="D:/TiefeSGJ/TiefeSGJ/Unreal/WIPTitel/Content/TileMaps/BaseTileMap.uasset" SILENT=true
[2017.06.09-20.34.22:957][971]LogSavePackage: Save=13.27ms
[2017.06.09-20.34.22:957][971]LogSavePackage: Moving 'D:/TiefeSGJ/TiefeSGJ/Unreal/WIPTitel/Saved/BaseTileMapB9538CDA4776026196C4DBB97FB109FB.tmp' to 'D:/TiefeSGJ/TiefeSGJ/Unreal/WIPTitel/Content/TileMaps/BaseTileMap.uasset'
[2017.06.09-20.34.22:960][971]LogSavePackage:Display: Finished SavePackage D:/TiefeSGJ/TiefeSGJ/Unreal/WIPTitel/Content/TileMaps/BaseTileMap.uasset
[2017.06.09-20.34.25:271][ 22]LogWindowsTextInputMethodSystem:Display: IME system now deactivated.
[2017.06.09-20.34.25:565][ 23]Cmd: QUIT_EDITOR
[2017.06.09-20.34.25:616][ 23]LogExit: Preparing to exit.
[2017.06.09-20.34.26:165][ 23]LogExit: Editor shut down
[2017.06.09-20.34.26:170][ 23]LogExit: Transaction tracking system shut down
[2017.06.09-20.34.26:276][ 23]LogObj: Freed 0b from 0 cluster array pools.
[2017.06.09-20.34.26:277][ 23]LogExit: Object subsystem successfully closed.
[2017.06.09-20.34.26:309][ 23]LogD3D11RHI: Shutdown
[2017.06.09-20.34.26:309][ 23]LogD3D11RHI: CleanupD3DDevice
[2017.06.09-20.34.26:520][ 23]LogD3D11RHI: ~FD3D11DynamicRHI
[2017.06.09-20.34.26:545][ 23]LogModuleManager: Shutting down and abandoning module HierarchicalLODOutliner (526)
[2017.06.09-20.34.26:545][ 23]LogModuleManager: Shutting down and abandoning module CrashTracker (524)
[2017.06.09-20.34.26:545][ 23]LogModuleManager: Shutting down and abandoning module SceneOutliner (522)
[2017.06.09-20.34.26:545][ 23]LogModuleManager: Shutting down and abandoning module AddContentDialog (520)
[2017.06.09-20.34.26:545][ 23]LogDirectoryWatcher: A directory notification for 'C:/Program Files/Epic Games/UE_4.16/FeaturePacks/' was aborted.
[2017.06.09-20.34.26:548][ 23]LogModuleManager: Shutting down and abandoning module WidgetCarousel (519)
[2017.06.09-20.34.26:548][ 23]LogModuleManager: Shutting down and abandoning module EditorWidgets (516)
[2017.06.09-20.34.26:548][ 23]LogModuleManager: Shutting down and abandoning module CollectionManager (514)
[2017.06.09-20.34.26:548][ 23]LogDirectoryWatcher: A directory notification for 'D:/TiefeSGJ/TiefeSGJ/Unreal/WIPTitel/Content/Collections/' was aborted.
[2017.06.09-20.34.26:548][ 23]LogDirectoryWatcher: A directory notification for 'D:/TiefeSGJ/TiefeSGJ/Unreal/WIPTitel/Content/Developers/martin/Collections/' was aborted.
[2017.06.09-20.34.26:548][ 23]LogDirectoryWatcher: A directory notification for 'D:/TiefeSGJ/TiefeSGJ/Unreal/WIPTitel/Saved/Collections/' was aborted.
[2017.06.09-20.34.26:548][ 23]LogModuleManager: Shutting down and abandoning module StatsViewer (512)
[2017.06.09-20.34.26:548][ 23]LogModuleManager: Shutting down and abandoning module FoliageEdit (510)
[2017.06.09-20.34.26:548][ 23]LogModuleManager: Shutting down and abandoning module LandscapeEditor (508)
[2017.06.09-20.34.26:548][ 23]LogModuleManager: Shutting down and abandoning module MeshPaintMode (506)
[2017.06.09-20.34.26:548][ 23]LogModuleManager: Shutting down and abandoning module SceneDepthPickerMode (504)
[2017.06.09-20.34.26:548][ 23]LogModuleManager: Shutting down and abandoning module ActorPickerMode (502)
[2017.06.09-20.34.26:548][ 23]LogModuleManager: Shutting down and abandoning module GeometryMode (500)
[2017.06.09-20.34.26:548][ 23]LogModuleManager: Shutting down and abandoning module TextureAlignMode (498)
[2017.06.09-20.34.26:548][ 23]LogModuleManager: Shutting down and abandoning module BspMode (496)
[2017.06.09-20.34.26:548][ 23]LogModuleManager: Shutting down and abandoning module HardwareSurvey (494)
[2017.06.09-20.34.26:548][ 23]LogModuleManager: Shutting down and abandoning module SequenceRecorderSections (492)
[2017.06.09-20.34.26:548][ 23]LogModuleManager: Shutting down and abandoning module AutomationWorker (490)
[2017.06.09-20.34.26:548][ 23]LogModuleManager: Shutting down and abandoning module MatineeToLevelSequence (488)
[2017.06.09-20.34.26:548][ 23]LogModuleManager: Shutting down and abandoning module LevelSequenceEditor (486)
[2017.06.09-20.34.26:548][ 23]LogModuleManager: Shutting down and abandoning module PlacementMode (485)
[2017.06.09-20.34.26:548][ 23]LogModuleManager: Shutting down and abandoning module WmfMediaFactory (482)
[2017.06.09-20.34.26:548][ 23]LogModuleManager: Shutting down and abandoning module WmfMediaEditor (480)
[2017.06.09-20.34.26:548][ 23]LogModuleManager: Shutting down and abandoning module AvfMediaFactory (478)
[2017.06.09-20.34.26:548][ 23]LogModuleManager: Shutting down and abandoning module AvfMediaEditor (476)
[2017.06.09-20.34.26:548][ 23]LogModuleManager: Shutting down and abandoning module AndroidMediaFactory (474)
[2017.06.09-20.34.26:548][ 23]LogModuleManager: Shutting down and abandoning module Media (473)
[2017.06.09-20.34.26:548][ 23]LogModuleManager: Shutting down and abandoning module AndroidMediaEditor (470)
[2017.06.09-20.34.26:548][ 23]LogModuleManager: Shutting down and abandoning module CharacterAI (468)
[2017.06.09-20.34.26:548][ 23]LogModuleManager: Shutting down and abandoning module AudioCapture (466)
[2017.06.09-20.34.26:548][ 23]LogModuleManager: Shutting down and abandoning module SequenceRecorder (465)
[2017.06.09-20.34.26:548][ 23]LogModuleManager: Shutting down and abandoning module SmartSnapping (462)
[2017.06.09-20.34.26:548][ 23]LogModuleManager: Shutting down and abandoning module SessionServices (460)
[2017.06.09-20.34.26:548][ 23]LogModuleManager: Shutting down and abandoning module ViewportSnapping (458)
[2017.06.09-20.34.26:549][ 23]LogModuleManager: Shutting down and abandoning module ViewportInteraction (456)
[2017.06.09-20.34.26:549][ 23]LogModuleManager: Shutting down and abandoning module ClothPainter (454)
[2017.06.09-20.34.26:549][ 23]LogModuleManager: Shutting down and abandoning module LogVisualizer (452)
[2017.06.09-20.34.26:549][ 23]LogModuleManager: Shutting down and abandoning module IntroTutorials (450)
[2017.06.09-20.34.26:549][ 23]LogModuleManager: Shutting down and abandoning module GameProjectGeneration (449)
[2017.06.09-20.34.26:549][ 23]LogModuleManager: Shutting down and abandoning module EditorLiveStreaming (446)
[2017.06.09-20.34.26:549][ 23]LogModuleManager: Shutting down and abandoning module IOSPlatformEditor (444)
[2017.06.09-20.34.26:549][ 23]LogModuleManager: Shutting down and abandoning module HTML5PlatformEditor (442)
[2017.06.09-20.34.26:549][ 23]LogModuleManager: Shutting down and abandoning module AndroidPlatformEditor (440)
[2017.06.09-20.34.26:549][ 23]LogModuleManager: Shutting down and abandoning module AndroidDeviceDetection (439)
[2017.06.09-20.34.27:542][ 23]LogModuleManager: Shutting down and abandoning module IOSRuntimeSettings (436)
[2017.06.09-20.34.27:542][ 23]LogModuleManager: Shutting down and abandoning module AndroidRuntimeSettings (434)
[2017.06.09-20.34.27:542][ 23]LogModuleManager: Shutting down and abandoning module InputBindingEditor (432)
[2017.06.09-20.34.27:542][ 23]LogModuleManager: Shutting down and abandoning module MergeActors (430)
[2017.06.09-20.34.27:542][ 23]LogModuleManager: Shutting down and abandoning module SizeMap (428)
[2017.06.09-20.34.27:542][ 23]LogModuleManager: Shutting down and abandoning module TreeMap (426)
[2017.06.09-20.34.27:542][ 23]LogModuleManager: Shutting down and abandoning module ReferenceViewer (424)
[2017.06.09-20.34.27:542][ 23]LogModuleManager: Shutting down and abandoning module LocalizationDashboard (422)
[2017.06.09-20.34.27:542][ 23]LogModuleManager: Shutting down and abandoning module LocalizationService (421)
[2017.06.09-20.34.27:542][ 23]LogModuleManager: Shutting down and abandoning module HardwareTargeting (418)
[2017.06.09-20.34.27:542][ 23]LogModuleManager: Shutting down and abandoning module DeviceProfileEditor (416)
[2017.06.09-20.34.27:542][ 23]LogModuleManager: Shutting down and abandoning module UndoHistory (414)
[2017.06.09-20.34.27:542][ 23]LogModuleManager: Shutting down and abandoning module UserFeedback (412)
[2017.06.09-20.34.27:542][ 23]LogModuleManager: Shutting down and abandoning module XmlParser (410)
[2017.06.09-20.34.27:542][ 23]LogModuleManager: Shutting down and abandoning module Blutility (408)
[2017.06.09-20.34.27:542][ 23]LogModuleManager: Shutting down and abandoning module ProjectSettingsViewer (406)
[2017.06.09-20.34.27:542][ 23]LogModuleManager: Shutting down and abandoning module ProjectTargetPlatformEditor (405)
[2017.06.09-20.34.27:543][ 23]LogModuleManager: Shutting down and abandoning module EditorSettingsViewer (402)
[2017.06.09-20.34.27:543][ 23]LogModuleManager: Shutting down and abandoning module SettingsEditor (400)
[2017.06.09-20.34.27:543][ 23]LogModuleManager: Shutting down and abandoning module ProjectLauncher (398)
[2017.06.09-20.34.27:543][ 23]LogModuleManager: Shutting down and abandoning module SessionFrontend (396)
[2017.06.09-20.34.27:543][ 23]LogModuleManager: Shutting down and abandoning module ProfilerClient (394)
[2017.06.09-20.34.27:543][ 23]LogModuleManager: Shutting down and abandoning module DeviceManager (392)
[2017.06.09-20.34.27:543][ 23]LogModuleManager: Shutting down and abandoning module TargetDeviceServices (391)
[2017.06.09-20.34.27:605][ 23]LogModuleManager: Shutting down and abandoning module AutomationController (388)
[2017.06.09-20.34.27:605][ 23]LogModuleManager: Shutting down and abandoning module AutomationWindow (386)
[2017.06.09-20.34.27:605][ 23]LogModuleManager: Shutting down and abandoning module Layers (384)
[2017.06.09-20.34.27:605][ 23]LogModuleManager: Shutting down and abandoning module ComponentVisualizers (382)
[2017.06.09-20.34.27:605][ 23]LogModuleManager: Shutting down and abandoning module DetailCustomizations (380)
[2017.06.09-20.34.27:605][ 23]LogModuleManager: Shutting down and abandoning module PackagesDialog (378)
[2017.06.09-20.34.27:606][ 23]LogModuleManager: Shutting down and abandoning module Persona (376)
[2017.06.09-20.34.27:606][ 23]LogModuleManager: Shutting down and abandoning module AdvancedPreviewScene (375)
[2017.06.09-20.34.27:606][ 23]LogModuleManager: Shutting down and abandoning module AnimGraph (373)
[2017.06.09-20.34.27:606][ 23]LogModuleManager: Shutting down and abandoning module Kismet (370)
[2017.06.09-20.34.27:607][ 23]LogModuleManager: Shutting down and abandoning module ClassViewer (368)
[2017.06.09-20.34.27:611][ 23]LogModuleManager: Shutting down and abandoning module Toolbox (366)
[2017.06.09-20.34.27:611][ 23]LogModuleManager: Shutting down and abandoning module ModuleUI (364)
[2017.06.09-20.34.27:612][ 23]LogModuleManager: Shutting down and abandoning module MovieSceneTools (362)
[2017.06.09-20.34.27:612][ 23]LogModuleManager: Shutting down and abandoning module OutputLog (360)
[2017.06.09-20.34.27:612][ 23]LogModuleManager: Shutting down and abandoning module GammaUI (358)
[2017.06.09-20.34.27:612][ 23]LogModuleManager: Shutting down and abandoning module Documentation (356)
[2017.06.09-20.34.27:612][ 23]LogModuleManager: Shutting down and abandoning module MovieSceneTracks (354)
[2017.06.09-20.34.27:612][ 23]LogModuleManager: Shutting down and abandoning module MovieScene (352)
[2017.06.09-20.34.27:612][ 23]LogModuleManager: Shutting down and abandoning module Niagara (350)
[2017.06.09-20.34.27:612][ 23]LogModuleManager: Shutting down and abandoning module NiagaraEditor (349)
[2017.06.09-20.34.27:613][ 23]LogModuleManager: Shutting down and abandoning module StreamingPauseRendering (346)
[2017.06.09-20.34.27:613][ 23]LogModuleManager: Shutting down and abandoning module AnalyticsET (344)
[2017.06.09-20.34.27:613][ 23]LogModuleManager: Shutting down and abandoning module PortalServices (342)
[2017.06.09-20.34.27:613][ 23]LogModuleManager: Shutting down and abandoning module PortalRpc (340)
[2017.06.09-20.34.27:613][ 23]LogModuleManager: Shutting down and abandoning module MessagingRpc (338)
[2017.06.09-20.34.27:613][ 23]LogModuleManager: Shutting down and abandoning module AIModule (336)
[2017.06.09-20.34.27:613][ 23]LogModuleManager: Shutting down and abandoning module GameplayDebugger (335)
[2017.06.09-20.34.27:613][ 23]LogModuleManager: Shutting down and abandoning module AITestSuite (333)
[2017.06.09-20.34.27:613][ 23]LogModuleManager: Shutting down and abandoning module ProfilerService (330)
[2017.06.09-20.34.27:655][ 23]LogModuleManager: Shutting down and abandoning module TaskGraph (328)
[2017.06.09-20.34.27:655][ 23]LogModuleManager: Shutting down and abandoning module SteamVRController (326)
[2017.06.09-20.34.27:655][ 23]LogModuleManager: Shutting down and abandoning module SteamVR (324)
[2017.06.09-20.34.27:655][ 23]LogModuleManager: Shutting down and abandoning module ProceduralMeshComponentEditor (322)
[2017.06.09-20.34.27:655][ 23]LogModuleManager: Shutting down and abandoning module ProceduralMeshComponent (320)
[2017.06.09-20.34.27:655][ 23]LogModuleManager: Shutting down and abandoning module OculusLibrary (318)
[2017.06.09-20.34.27:655][ 23]LogModuleManager: Shutting down and abandoning module OculusInput (316)
[2017.06.09-20.34.27:655][ 23]LogModuleManager: Shutting down and abandoning module MobilePatchingUtils (314)
[2017.06.09-20.34.27:655][ 23]LogModuleManager: Shutting down and abandoning module CustomMeshComponent (312)
[2017.06.09-20.34.27:655][ 23]LogModuleManager: Shutting down and abandoning module CableComponent (310)
[2017.06.09-20.34.27:656][ 23]LogModuleManager: Shutting down and abandoning module ArchVisCharacter (308)
[2017.06.09-20.34.27:656][ 23]LogModuleManager: Shutting down and abandoning module AndroidPermission (306)
[2017.06.09-20.34.27:656][ 23]LogModuleManager: Shutting down and abandoning module MediaPlayerEditor (302)
[2017.06.09-20.34.27:656][ 23]LogModuleManager: Shutting down and abandoning module HTML5Networking (300)
[2017.06.09-20.34.27:656][ 23]LogModuleManager: Shutting down and abandoning module AlembicImporter (298)
[2017.06.09-20.34.27:656][ 23]LogModuleManager: Shutting down and abandoning module AlembicLibrary (297)
[2017.06.09-20.34.27:656][ 23]LogModuleManager: Shutting down and abandoning module GeometryCache (296)
[2017.06.09-20.34.27:656][ 23]LogModuleManager: Shutting down and abandoning module GeometryCacheEd (295)
[2017.06.09-20.34.27:656][ 23]LogModuleManager: Shutting down and abandoning module SuperSearchEditor (290)
[2017.06.09-20.34.27:656][ 23]LogModuleManager: Shutting down and abandoning module SuperSearch (289)
[2017.06.09-20.34.27:656][ 23]LogModuleManager: Shutting down and abandoning module SpeedTreeImporter (286)
[2017.06.09-20.34.27:656][ 23]LogModuleManager: Shutting down and abandoning module PluginBrowser (284)
[2017.06.09-20.34.27:656][ 23]LogModuleManager: Shutting down and abandoning module MobileLauncherProfileWizard (282)
[2017.06.09-20.34.27:656][ 23]LogModuleManager: Shutting down and abandoning module VisualStudioSourceCodeAccess (280)
[2017.06.09-20.34.27:656][ 23]LogModuleManager: Shutting down and abandoning module DesktopPlatform (279)
[2017.06.09-20.34.27:656][ 23]LogModuleManager: Shutting down and abandoning module UObjectPlugin (276)
[2017.06.09-20.34.27:656][ 23]LogModuleManager: Shutting down and abandoning module SubversionSourceControl (274)
[2017.06.09-20.34.27:656][ 23]LogModuleManager: Shutting down and abandoning module PerforceSourceControl (272)
[2017.06.09-20.34.27:656][ 23]LogModuleManager: Shutting down and abandoning module GitSourceControl (270)
[2017.06.09-20.34.27:656][ 23]LogModuleManager: Shutting down and abandoning module SourceControl (269)
[2017.06.09-20.34.27:656][ 23]LogModuleManager: Shutting down and abandoning module LightPropagationVolumeEditor (266)
[2017.06.09-20.34.27:656][ 23]LogModuleManager: Shutting down and abandoning module PaperTiledImporter (264)
[2017.06.09-20.34.27:656][ 23]LogModuleManager: Shutting down and abandoning module PaperSpriteSheetImporter (262)
[2017.06.09-20.34.27:656][ 23]LogModuleManager: Shutting down and abandoning module Paper2DEditor (260)
[2017.06.09-20.34.27:656][ 23]LogModuleManager: Shutting down and abandoning module MeshPaint (259)
[2017.06.09-20.34.27:657][ 23]LogModuleManager: Shutting down and abandoning module LevelEditor (257)
[2017.06.09-20.34.27:658][ 23]LogModuleManager: Shutting down and abandoning module PixelInspectorModule (256)
[2017.06.09-20.34.27:658][ 23]LogModuleManager: Shutting down and abandoning module MainFrame (254)
[2017.06.09-20.34.27:659][ 23]LogModuleManager: Shutting down and abandoning module HotReload (253)
[2017.06.09-20.34.27:659][ 23]LogDirectoryWatcher: A directory notification for 'D:/TiefeSGJ/TiefeSGJ/Unreal/WIPTitel/Binaries/Win64' was aborted.
[2017.06.09-20.34.27:663][ 23]LogModuleManager: Shutting down and abandoning module WIPTitel (248)
[2017.06.09-20.34.27:663][ 23]LogModuleManager: Shutting down and abandoning module PhysXVehiclesEditor (246)
[2017.06.09-20.34.27:663][ 23]LogModuleManager: Shutting down and abandoning module PhysXVehicles (244)
[2017.06.09-20.34.27:663][ 23]LogModuleManager: Shutting down and abandoning module LocationServicesBPLibrary (242)
[2017.06.09-20.34.27:664][ 23]LogModuleManager: Shutting down and abandoning module ImmediatePhysicsEditor (240)
[2017.06.09-20.34.27:664][ 23]LogModuleManager: Shutting down and abandoning module ImmediatePhysics (238)
[2017.06.09-20.34.27:664][ 23]LogModuleManager: Shutting down and abandoning module UdpMessaging (236)
[2017.06.09-20.34.27:764][ 23]LogModuleManager: Shutting down and abandoning module TcpMessaging (234)
[2017.06.09-20.34.27:864][ 23]LogModuleManager: Shutting down and abandoning module GameplayTagsEditor (232)
[2017.06.09-20.34.27:864][ 23]LogModuleManager: Shutting down and abandoning module FacialAnimationEditor (230)
[2017.06.09-20.34.27:864][ 23]LogModuleManager: Shutting down and abandoning module FacialAnimation (228)
[2017.06.09-20.34.27:864][ 23]LogModuleManager: Shutting down and abandoning module AssetManagerEditor (226)
[2017.06.09-20.34.27:864][ 23]LogModuleManager: Shutting down and abandoning module GraphEditor (225)
[2017.06.09-20.34.27:865][ 23]LogModuleManager: Shutting down and abandoning module ContentBrowser (223)
[2017.06.09-20.34.27:867][ 23]LogModuleManager: Shutting down and abandoning module LightPropagationVolumeRuntime (220)
[2017.06.09-20.34.27:867][ 23]LogModuleManager: Shutting down and abandoning module Paper2D (218)
[2017.06.09-20.34.27:867][ 23]LogModuleManager: Shutting down and abandoning module WindowsMoviePlayer (216)
[2017.06.09-20.34.27:867][ 23]LogModuleManager: Shutting down and abandoning module WmfMedia (214)
[2017.06.09-20.34.27:867][ 23]LogModuleManager: Shutting down and abandoning module ClothingSystemEditor (212)
[2017.06.09-20.34.27:867][ 23]LogModuleManager: Shutting down and abandoning module ClothingSystemRuntime (210)
[2017.06.09-20.34.27:867][ 23]LogModuleManager: Shutting down and abandoning module MediaAssets (208)
[2017.06.09-20.34.27:867][ 23]LogModuleManager: Shutting down and abandoning module GameLiveStreaming (206)
[2017.06.09-20.34.27:867][ 23]LogModuleManager: Shutting down and abandoning module VREditor (204)
[2017.06.09-20.34.27:867][ 23]LogModuleManager: Shutting down and abandoning module StringTableEditor (202)
[2017.06.09-20.34.27:867][ 23]LogModuleManager: Shutting down and abandoning module GameplayTasksEditor (200)
[2017.06.09-20.34.27:867][ 23]LogModuleManager: Shutting down and abandoning module BehaviorTreeEditor (198)
[2017.06.09-20.34.27:867][ 23]LogModuleManager: Shutting down and abandoning module FunctionalTesting (196)
[2017.06.09-20.34.27:867][ 23]LogModuleManager: Shutting down and abandoning module CollisionAnalyzer (194)
[2017.06.09-20.34.27:868][ 23]LogModuleManager: Shutting down and abandoning module UMG (192)
[2017.06.09-20.34.27:868][ 23]LogModuleManager: Shutting down and abandoning module UMGEditor (191)
[2017.06.09-20.34.27:868][ 23]LogModuleManager: Shutting down and abandoning module Sequencer (190)
[2017.06.09-20.34.27:868][ 23]LogModuleManager: Shutting down and abandoning module AssetTools (188)
[2017.06.09-20.34.27:868][ 23]LogModuleManager: Shutting down and abandoning module MessageLog (187)
[2017.06.09-20.34.27:868][ 23]LogModuleManager: Shutting down and abandoning module WorkspaceMenuStructure (186)
[2017.06.09-20.34.27:868][ 23]LogModuleManager: Shutting down and abandoning module SlateReflector (180)
[2017.06.09-20.34.27:868][ 23]LogModuleManager: Shutting down and abandoning module Slate (178)
[2017.06.09-20.34.27:868][ 23]LogModuleManager: Shutting down and abandoning module EditorStyle (176)
[2017.06.09-20.34.27:875][ 23]LogModuleManager: Shutting down and abandoning module SourceCodeAccess (174)
[2017.06.09-20.34.27:875][ 23]LogModuleManager: Shutting down and abandoning module HeadMountedDisplay (172)
[2017.06.09-20.34.27:875][ 23]LogModuleManager: Shutting down and abandoning module XAudio2 (170)
[2017.06.09-20.34.27:875][ 23]LogModuleManager: Shutting down and abandoning module Networking (168)
[2017.06.09-20.34.27:875][ 23]LogModuleManager: Shutting down and abandoning module Core (164)
[2017.06.09-20.34.27:875][ 23]LogModuleManager: Shutting down and abandoning module AssetRegistry (162)
[2017.06.09-20.34.27:954][ 23]LogDirectoryWatcher: A directory notification for '../../../Engine/Content/' was aborted.
[2017.06.09-20.34.27:954][ 23]LogDirectoryWatcher: A directory notification for 'D:/TiefeSGJ/TiefeSGJ/Unreal/WIPTitel/Content/' was aborted.
[2017.06.09-20.34.27:954][ 23]LogDirectoryWatcher: A directory notification for '../../../Engine/Plugins/2D/Paper2D/Content/' was aborted.
[2017.06.09-20.34.27:954][ 23]LogDirectoryWatcher: A directory notification for '../../../Engine/Plugins/Runtime/GearVR/Content/' was aborted.
[2017.06.09-20.34.27:956][ 23]LogModuleManager: Shutting down and abandoning module DirectoryWatcher (161)
[2017.06.09-20.34.27:957][ 23]LogModuleManager: Shutting down and abandoning module KismetCompiler (158)
[2017.06.09-20.34.27:957][ 23]LogModuleManager: Shutting down and abandoning module LevelSequence (156)
[2017.06.09-20.34.27:957][ 23]LogModuleManager: Shutting down and abandoning module PhysXFormats (154)
[2017.06.09-20.34.27:957][ 23]LogModuleManager: Shutting down and abandoning module MeshUtilities (152)
[2017.06.09-20.34.27:957][ 23]LogModuleManager: Shutting down and abandoning module SimplygonSwarm (151)
[2017.06.09-20.34.27:957][ 23]LogModuleManager: Shutting down and abandoning module SimplygonMeshReduction (149)
[2017.06.09-20.34.27:957][ 23]LogModuleManager: Shutting down and abandoning module QuadricMeshReduction (147)
[2017.06.09-20.34.27:957][ 23]LogModuleManager: Shutting down and abandoning module DerivedDataCache (144)
[2017.06.09-20.34.28:035][ 23]LogDerivedDataCache: Shutdown
[2017.06.09-20.34.28:035][ 23]LogModuleManager: Shutting down and abandoning module TargetPlatform (142)
[2017.06.09-20.34.28:035][ 23]LogModuleManager: Shutting down and abandoning module VulkanShaderFormat (141)
[2017.06.09-20.34.28:035][ 23]LogModuleManager: Shutting down and abandoning module ShaderFormatVectorVM (139)
[2017.06.09-20.34.28:035][ 23]LogModuleManager: Shutting down and abandoning module ShaderFormatOpenGL (137)
[2017.06.09-20.34.28:035][ 23]LogModuleManager: Shutting down and abandoning module ShaderFormatD3D (135)
[2017.06.09-20.34.28:035][ 23]LogModuleManager: Shutting down and abandoning module MetalShaderFormat (133)
[2017.06.09-20.34.28:035][ 23]LogModuleManager: Shutting down and abandoning module TextureFormatUncompressed (131)
[2017.06.09-20.34.28:035][ 23]LogModuleManager: Shutting down and abandoning module TextureFormatPVR (129)
[2017.06.09-20.34.28:035][ 23]LogModuleManager: Shutting down and abandoning module TextureFormatDXT (127)
[2017.06.09-20.34.28:035][ 23]LogModuleManager: Shutting down and abandoning module TextureFormatIntelISPCTexComp (125)
[2017.06.09-20.34.28:035][ 23]LogModuleManager: Shutting down and abandoning module TextureFormatASTC (123)
[2017.06.09-20.34.28:035][ 23]LogModuleManager: Shutting down and abandoning module ImageWrapper (122)
[2017.06.09-20.34.28:035][ 23]LogModuleManager: Shutting down and abandoning module TextureFormatAndroid (119)
[2017.06.09-20.34.28:035][ 23]LogModuleManager: Shutting down and abandoning module AudioFormatOpus (117)
[2017.06.09-20.34.28:035][ 23]LogModuleManager: Shutting down and abandoning module AudioFormatOgg (115)
[2017.06.09-20.34.28:035][ 23]LogModuleManager: Shutting down and abandoning module AudioFormatADPCM (113)
[2017.06.09-20.34.28:035][ 23]LogModuleManager: Shutting down and abandoning module LinuxTargetPlatform (111)
[2017.06.09-20.34.28:035][ 23]LogModuleManager: Shutting down and abandoning module LinuxServerTargetPlatform (109)
[2017.06.09-20.34.28:035][ 23]LogModuleManager: Shutting down and abandoning module LinuxNoEditorTargetPlatform (107)
[2017.06.09-20.34.28:035][ 23]LogModuleManager: Shutting down and abandoning module LinuxClientTargetPlatform (105)
[2017.06.09-20.34.28:035][ 23]LogModuleManager: Shutting down and abandoning module TVOSTargetPlatform (103)
[2017.06.09-20.34.28:035][ 23]LogModuleManager: Shutting down and abandoning module Messaging (101)
[2017.06.09-20.34.28:035][ 23]LogModuleManager: Shutting down and abandoning module IOSTargetPlatform (99)
[2017.06.09-20.34.28:035][ 23]LogModuleManager: Shutting down and abandoning module HTML5TargetPlatform (97)
[2017.06.09-20.34.28:035][ 23]LogModuleManager: Shutting down and abandoning module Android_PVRTCTargetPlatform (95)
[2017.06.09-20.34.28:035][ 23]LogModuleManager: Shutting down and abandoning module Android_MultiTargetPlatform (93)
[2017.06.09-20.34.28:035][ 23]LogModuleManager: Shutting down and abandoning module Android_ETC2TargetPlatform (91)
[2017.06.09-20.34.28:035][ 23]LogModuleManager: Shutting down and abandoning module Android_ETC1TargetPlatform (89)
[2017.06.09-20.34.28:035][ 23]LogModuleManager: Shutting down and abandoning module Android_DXTTargetPlatform (87)
[2017.06.09-20.34.28:035][ 23]LogModuleManager: Shutting down and abandoning module Android_ATCTargetPlatform (85)
[2017.06.09-20.34.28:035][ 23]LogModuleManager: Shutting down and abandoning module Android_ASTCTargetPlatform (83)
[2017.06.09-20.34.28:035][ 23]LogModuleManager: Shutting down and abandoning module AndroidTargetPlatform (81)
[2017.06.09-20.34.28:035][ 23]LogModuleManager: Shutting down and abandoning module WindowsTargetPlatform (79)
[2017.06.09-20.34.28:035][ 23]LogModuleManager: Shutting down and abandoning module WindowsServerTargetPlatform (77)
[2017.06.09-20.34.28:035][ 23]LogModuleManager: Shutting down and abandoning module WindowsNoEditorTargetPlatform (75)
[2017.06.09-20.34.28:035][ 23]LogModuleManager: Shutting down and abandoning module WindowsClientTargetPlatform (73)
[2017.06.09-20.34.28:035][ 23]LogModuleManager: Shutting down and abandoning module MacTargetPlatform (71)
[2017.06.09-20.34.28:035][ 23]LogModuleManager: Shutting down and abandoning module MacServerTargetPlatform (69)
[2017.06.09-20.34.28:035][ 23]LogModuleManager: Shutting down and abandoning module MacNoEditorTargetPlatform (67)
[2017.06.09-20.34.28:035][ 23]LogModuleManager: Shutting down and abandoning module MacClientTargetPlatform (65)
[2017.06.09-20.34.28:035][ 23]LogModuleManager: Shutting down and abandoning module AllDesktopTargetPlatform (63)
[2017.06.09-20.34.28:035][ 23]LogModuleManager: Shutting down and abandoning module InputCore (60)
[2017.06.09-20.34.28:035][ 23]LogModuleManager: Shutting down and abandoning module Settings (58)
[2017.06.09-20.34.28:036][ 23]LogModuleManager: Shutting down and abandoning module OculusRift (56)
[2017.06.09-20.34.28:036][ 23]LogModuleManager: Shutting down and abandoning module GearVRController (54)
[2017.06.09-20.34.28:036][ 23]LogModuleManager: Shutting down and abandoning module GearVR (52)
[2017.06.09-20.34.28:036][ 23]LogModuleManager: Shutting down and abandoning module ExampleDeviceProfileSelector (50)
[2017.06.09-20.34.28:036][ 23]LogModuleManager: Shutting down and abandoning module OnlineBlueprintSupport (48)
[2017.06.09-20.34.28:036][ 23]LogModuleManager: Shutting down and abandoning module OnlineSubsystem (44)
[2017.06.09-20.34.28:036][ 23]LogOnline:Display: Unloading online subsystem: NULL
[2017.06.09-20.34.28:036][ 23]LogModuleManager: Shutting down and abandoning module XMPP (43)
[2017.06.09-20.34.28:036][ 23]LogModuleManager: Shutting down and abandoning module HTTP (41)
[2017.06.09-20.34.28:036][ 23]LogHttp:Display: Http module shutting down, but needs to wait on 1 outstanding Http requests:
[2017.06.09-20.34.28:036][ 23]LogHttp:Display: 	verb=[POST] url=[https://datarouter.ol.epicgames.com/datarouter/api/v1/public/data?SessionID=%7B90EAB42C-4A6D-1D71-C789-71A58D2C7A7D%7D&AppID=UEEditor.Rocket.Release&AppVersion=4.16.1-3466753%2B%2B%2BUE4%2BRelease-4.16&UserID=1a48ba864cdbd6d617ea9b8e5128255b%7Cb7162003403c4cd0b428110ae038c086%7Cfde8cee8-0051-4819-a487-1be27664bf26&AppEnvironment=datacollector-binary&UploadType=eteventstream] status=Processing
[2017.06.09-20.34.28:067][ 23]LogModuleManager: Shutting down and abandoning module SSL (40)
[2017.06.09-20.34.28:068][ 23]LogModuleManager: Shutting down and abandoning module HTTPChunkInstaller (36)
[2017.06.09-20.34.28:068][ 23]LogModuleManager: Shutting down and abandoning module AnimationModifiers (34)
[2017.06.09-20.34.28:068][ 23]LogModuleManager: Shutting down and abandoning module PropertyEditor (33)
[2017.06.09-20.34.28:068][ 23]LogModuleManager: Shutting down and abandoning module AudioEditor (30)
[2017.06.09-20.34.28:068][ 23]LogModuleManager: Shutting down and abandoning module TextureCompressor (28)
[2017.06.09-20.34.28:068][ 23]LogModuleManager: Shutting down and abandoning module ShaderCore (26)
[2017.06.09-20.34.28:068][ 23]LogModuleManager: Shutting down and abandoning module Landscape (24)
[2017.06.09-20.34.28:068][ 23]LogModuleManager: Shutting down and abandoning module SlateRHIRenderer (22)
[2017.06.09-20.34.28:069][ 23]LogModuleManager: Shutting down and abandoning module OpenGLDrv (20)
[2017.06.09-20.34.28:069][ 23]LogModuleManager: Shutting down and abandoning module D3D11RHI (18)
[2017.06.09-20.34.28:069][ 23]LogModuleManager: Shutting down and abandoning module AnimGraphRuntime (16)
[2017.06.09-20.34.28:069][ 23]LogModuleManager: Shutting down and abandoning module Renderer (14)
[2017.06.09-20.34.28:069][ 23]LogModuleManager: Shutting down and abandoning module Engine (12)
[2017.06.09-20.34.28:069][ 23]LogModuleManager: Shutting down and abandoning module CoreUObject (10)
[2017.06.09-20.34.28:069][ 23]LogModuleManager: Shutting down and abandoning module NetworkFile (8)
[2017.06.09-20.34.28:069][ 23]LogModuleManager: Shutting down and abandoning module StreamingFile (6)
[2017.06.09-20.34.28:069][ 23]LogModuleManager: Shutting down and abandoning module SandboxFile (4)
[2017.06.09-20.34.28:069][ 23]LogModuleManager: Shutting down and abandoning module PakFile (2)
[2017.06.09-20.34.28:070][ 23]LogExit: Exiting.
[2017.06.09-20.34.28:084][ 23]Log file closed, 06/09/17 22:34:28
