Log file open, 06/09/17 22:36:04
LogInit:Display: Running engine for game: WIPTitel
LogPlatformFile: Not using cached read wrapper
LogInit:Display: RandInit(112620871) SRandInit(112620871).
LogTaskGraph: Started task graph with 5 named threads and 6 total threads with 1 sets of task threads.
LogStats: Stats thread started at 0.080959
LogInit: Using libcurl 7.47.1
LogInit:  - built for x86_64-pc-win32
LogInit:  - supports SSL with OpenSSL/1.0.2g
LogInit:  - supports HTTP deflate (compression) using libz 1.2.8
LogInit:  - other features:
LogInit:      CURL_VERSION_SSL
LogInit:      CURL_VERSION_LIBZ
LogInit:      CURL_VERSION_IPV6
LogInit:      CURL_VERSION_ASYNCHDNS
LogInit:      CURL_VERSION_LARGEFILE
LogInit:      CURL_VERSION_IDN
LogInit:  CurlRequestOptions (configurable via config and command line):
LogInit:  - bVerifyPeer = false  - Libcurl will NOT verify peer certificate
LogInit:  - bUseHttpProxy = false  - Libcurl will NOT use HTTP proxy
LogInit:  - bDontReuseConnections = false  - Libcurl will reuse connections
LogInit:  - CertBundlePath = nullptr  - Libcurl will use whatever was configured at build time.
LogInit: Build: ++UE4+Release-4.16-CL-3466753
LogInit: Engine Version: 4.16.1-3466753+++UE4+Release-4.16
LogInit: Compatible Engine Version: 4.16.0-3452394+++UE4+Release-4.16
LogInit: Net CL: 3452394
LogDevObjectVersion: Number of dev versions registered: 16
LogDevObjectVersion:   Dev-Blueprints (B0D832E4-1F89-4F0D-ACCF-7EB736FD4AA2): 9
LogDevObjectVersion:   Dev-Build (E1C64328-A22C-4D53-A36C-8E866417BD8C): 0
LogDevObjectVersion:   Dev-Core (375EC13C-06E4-48FB-B500-84F0262A717E): 2
LogDevObjectVersion:   Dev-Editor (E4B068ED-F494-42E9-A231-DA0B2E46BB41): 17
LogDevObjectVersion:   Dev-Framework (CFFC743F-43B0-4480-9391-14DF171D2073): 23
LogDevObjectVersion:   Dev-Mobile (B02B49B5-BB20-44E9-A304-32B752E40360): 0
LogDevObjectVersion:   Dev-Networking (A4E4105C-59A1-49B5-A7C5-40C4547EDFEE): 0
LogDevObjectVersion:   Dev-Online (39C831C9-5AE6-47DC-9A44-9C173E1C8E7C): 0
LogDevObjectVersion:   Dev-Physics (78F01B33-EBEA-4F98-B9B4-84EACCB95AA2): 0
LogDevObjectVersion:   Dev-Platform (6631380F-2D4D-43E0-8009-CF276956A95A): 0
LogDevObjectVersion:   Dev-Rendering (12F88B9F-8875-4AFC-A67C-D90C383ABD29): 15
LogDevObjectVersion:   Dev-Sequencer (7B5AE74C-D270-4C10-A958-57980B212A5A): 4
LogDevObjectVersion:   Dev-VR (D7296918-1DD6-4BDD-9DE2-64A83CC13884): 0
LogDevObjectVersion:   Dev-LoadTimes (C2A15278-BFE7-4AFE-6C17-90FF531DF755): 1
LogDevObjectVersion:   Private-Geometry (6EACA3D4-40EC-4CC1-B786-8BED09428FC5): 1
LogDevObjectVersion:   Dev-AnimPhys (29E575DD-E0A3-4627-9D10-D276232CDCEA): 3
LogInit: Compiled (64-bit): May 31 2017 02:03:30
LogInit: Compiled with Visual C++: 19.00.24215.01
LogInit: Build Configuration: Development
LogInit: Branch Name: ++UE4+Release-4.16
LogInit: Command line:  
LogInit: Base directory: C:/Program Files/Epic Games/UE_4.16/Engine/Binaries/Win64/
LogInit: Installed Engine Build: 1
LogInit: Presizing for max 8388607 objects, including 0 objects not considered by GC, pre-allocating 0 bytes for permanent pool.
LogInit: Object subsystem initialized
[2017.06.09-20.36.04:636][  0]LogInit: Selected Device Profile: [Windows]
[2017.06.09-20.36.04:636][  0]LogInit: Applying CVar settings loaded from the selected device profile: [Windows]
[2017.06.09-20.36.04:649][  0]LogInit: Computer: LAPTOP-79UBS0EU
[2017.06.09-20.36.04:649][  0]LogInit: User: martin
[2017.06.09-20.36.04:649][  0]LogInit: CPU Page size=4096, Cores=2
[2017.06.09-20.36.04:649][  0]LogInit: High frequency timer resolution =2.343754 MHz
[2017.06.09-20.36.04:649][  0]LogMemory: Memory total: Physical=7.9GB (8GB approx)
[2017.06.09-20.36.04:649][  0]LogMemory: Platform Memory Stats for Windows
[2017.06.09-20.36.04:649][  0]LogMemory: Process Physical Memory: 271.55 MB used, 271.55 MB peak
[2017.06.09-20.36.04:649][  0]LogMemory: Process Virtual Memory: 258.51 MB used, 258.51 MB peak
[2017.06.09-20.36.04:649][  0]LogMemory: Physical Memory: 4093.47 MB used,  3953.96 MB free, 8047.44 MB total
[2017.06.09-20.36.04:649][  0]LogMemory: Virtual Memory: 634.27 MB used,  3953.96 MB free, 134217728.00 MB total
[2017.06.09-20.36.04:735][  0]LogInit: Using OS detected language (en-GB).
[2017.06.09-20.36.04:735][  0]LogInit: Using OS detected locale (en-GB).
[2017.06.09-20.36.04:738][  0]LogTextLocalizationManager: No specific localization for 'en-GB' exists, so the 'en' localization will be used.
[2017.06.09-20.36.05:909][  0]LogD3D11RHI: D3D11 adapters:
[2017.06.09-20.36.05:917][  0]LogD3D11RHI:    0. 'Intel(R) HD Graphics 520' (Feature Level 11_0)
[2017.06.09-20.36.05:917][  0]LogD3D11RHI:       128/0/4023 MB DedicatedVideo/DedicatedSystem/SharedSystem, Outputs:2, VendorId:0x8086
[2017.06.09-20.36.05:918][  0]LogD3D11RHI:    1. 'Microsoft Basic Render Driver' (Feature Level 11_0)
[2017.06.09-20.36.05:918][  0]LogD3D11RHI:       0/0/4023 MB DedicatedVideo/DedicatedSystem/SharedSystem, Outputs:0, VendorId:0x1414
[2017.06.09-20.36.05:918][  0]LogD3D11RHI: Chosen D3D11 Adapter: 0
[2017.06.09-20.36.05:924][  0]LogD3D11RHI: Creating new Direct3DDevice
[2017.06.09-20.36.05:924][  0]LogD3D11RHI:     GPU DeviceId: 0x1916 (for the marketing name, search the web for "GPU Device Id")
[2017.06.09-20.36.05:924][  0]LogWindows: EnumDisplayDevices:
[2017.06.09-20.36.05:924][  0]LogWindows:    0. 'Intel(R) HD Graphics 520' (P:0 D:1)
[2017.06.09-20.36.05:924][  0]LogWindows:    1. 'Intel(R) HD Graphics 520' (P:1 D:1)
[2017.06.09-20.36.05:925][  0]LogWindows:    2. 'Intel(R) HD Graphics 520' (P:0 D:0)
[2017.06.09-20.36.05:925][  0]LogWindows: DebugString: FoundDriverCount:3 
[2017.06.09-20.36.05:925][  0]LogD3D11RHI:     Adapter Name: Intel(R) HD Graphics 520
[2017.06.09-20.36.05:925][  0]LogD3D11RHI:   Driver Version: 21.20.16.4574 (internal:21.20.16.4574, unified:21.20.16.4574)
[2017.06.09-20.36.05:925][  0]LogD3D11RHI:      Driver Date: 12-23-2016
[2017.06.09-20.36.05:925][  0]LogRHI: Texture pool is 1361 MB (70% of 1945 MB)
[2017.06.09-20.36.05:930][  0]LogD3D11RHI: Async texture creation enabled
[2017.06.09-20.36.05:937][  0]LogD3D11RHI: GPU Timing Frequency: 12.000000 (Debug: 2 0)
[2017.06.09-20.36.05:938][  0]LogShaderCompilers: Guid format shader working directory is 10 characters bigger than the processId version (D:/TiefeSGJ/TiefeSGJ/Unreal/WIPTitel/Intermediate/Shaders/WorkingDirectory/8584/).
[2017.06.09-20.36.05:938][  0]LogShaderCompilers: Cleaned the shader compiler working directory 'C:/Users/marti/AppData/Local/Temp/UnrealShaderWorkingDir/AFEDAE68467680CB8CE1629A58909B8B/'.
[2017.06.09-20.36.05:938][  0]LogShaderCompilers:Display: Using Local Shader Compiler.
[2017.06.09-20.36.07:190][  0]LogTemp:Display: Loaded TP AllDesktopTargetPlatform
[2017.06.09-20.36.07:252][  0]LogTemp:Display: Loaded TP MacClientTargetPlatform
[2017.06.09-20.36.07:315][  0]LogTemp:Display: Loaded TP MacNoEditorTargetPlatform
[2017.06.09-20.36.07:377][  0]LogTemp:Display: Loaded TP MacServerTargetPlatform
[2017.06.09-20.36.07:440][  0]LogTemp:Display: Loaded TP MacTargetPlatform
[2017.06.09-20.36.07:502][  0]LogTemp:Display: Loaded TP WindowsClientTargetPlatform
[2017.06.09-20.36.07:565][  0]LogTemp:Display: Loaded TP WindowsNoEditorTargetPlatform
[2017.06.09-20.36.07:625][  0]LogTemp:Display: Loaded TP WindowsServerTargetPlatform
[2017.06.09-20.36.07:682][  0]LogTemp:Display: Loaded TP WindowsTargetPlatform
[2017.06.09-20.36.07:741][  0]LogTemp:Display: Loaded TP AndroidTargetPlatform
[2017.06.09-20.36.07:801][  0]LogTemp:Display: Loaded TP Android_ASTCTargetPlatform
[2017.06.09-20.36.07:861][  0]LogTemp:Display: Loaded TP Android_ATCTargetPlatform
[2017.06.09-20.36.07:921][  0]LogTemp:Display: Loaded TP Android_DXTTargetPlatform
[2017.06.09-20.36.07:980][  0]LogTemp:Display: Loaded TP Android_ETC1TargetPlatform
[2017.06.09-20.36.08:040][  0]LogTemp:Display: Loaded TP Android_ETC2TargetPlatform
[2017.06.09-20.36.08:159][  0]LogTemp:Display: Loaded TP Android_MultiTargetPlatform
[2017.06.09-20.36.08:159][  0]LogTemp:Display: Loaded TP Android_PVRTCTargetPlatform
[2017.06.09-20.36.08:208][  0]LogTemp:Display: Loaded TP HTML5TargetPlatform
[2017.06.09-20.36.08:317][  0]LogTemp:Display: Loaded TP IOSTargetPlatform
[2017.06.09-20.36.08:354][  0]LogTemp:Display: Loaded TP TVOSTargetPlatform
[2017.06.09-20.36.08:413][  0]LogTemp:Display: Loaded TP LinuxClientTargetPlatform
[2017.06.09-20.36.08:474][  0]LogTemp:Display: Loaded TP LinuxNoEditorTargetPlatform
[2017.06.09-20.36.08:535][  0]LogTemp:Display: Loaded TP LinuxServerTargetPlatform
[2017.06.09-20.36.08:594][  0]LogTemp:Display: Loaded TP LinuxTargetPlatform
[2017.06.09-20.36.08:594][  0]LogTargetPlatformManager:Display: Building Assets For Windows
[2017.06.09-20.36.09:221][  0]LogDerivedDataCache:Display: Max Cache Size: 512 MB
[2017.06.09-20.36.09:354][  0]LogDerivedDataCache: Loaded boot cache 0.13s 90MB C:/Users/marti/AppData/Local/UnrealEngine/4.16/DerivedDataCache/Boot.ddc.
[2017.06.09-20.36.09:354][  0]LogDerivedDataCache:Display: Loaded Boot cache: C:/Users/marti/AppData/Local/UnrealEngine/4.16/DerivedDataCache/Boot.ddc
[2017.06.09-20.36.09:354][  0]LogDerivedDataCache: FDerivedDataBackendGraph:  Pak pak cache file D:/TiefeSGJ/TiefeSGJ/Unreal/WIPTitel/DerivedDataCache/DDC.ddp not found, will not use a pak cache.
[2017.06.09-20.36.09:354][  0]LogDerivedDataCache: Unable to find inner node Pak for hierarchical cache Hierarchy.
[2017.06.09-20.36.09:354][  0]LogDerivedDataCache: FDerivedDataBackendGraph:  CompressedPak pak cache file D:/TiefeSGJ/TiefeSGJ/Unreal/WIPTitel/DerivedDataCache/Compressed.ddp not found, will not use a pak cache.
[2017.06.09-20.36.09:354][  0]LogDerivedDataCache: Unable to find inner node CompressedPak for hierarchical cache Hierarchy.
[2017.06.09-20.36.09:374][  0]LogDerivedDataCache:Display: Pak cache opened for reading ../../../Engine/DerivedDataCache/Compressed.ddp.
[2017.06.09-20.36.09:386][  0]LogDerivedDataCache: Using Local data cache path C:/Users/marti/AppData/Local/UnrealEngine/Common/DerivedDataCache: Writable
[2017.06.09-20.36.09:400][  0]LogMaterial: Verifying Global Shaders for PCD3D_SM5
[2017.06.09-20.36.09:400][  0]LogSlate: Using Freetype 2.6.0
[2017.06.09-20.36.09:401][  0]LogSlate: SlateFontCache - WITH_FREETYPE: 1, WITH_HARFBUZZ: 1
[2017.06.09-20.36.09:401][  0]LogSlate: SlateFontCache - WITH_FREETYPE: 1, WITH_HARFBUZZ: 1
[2017.06.09-20.36.09:797][  0]LogInit: Selected Device Profile: [Windows]
[2017.06.09-20.36.09:900][  0]LogContentStreaming: Texture pool size is 0.00 MB
[2017.06.09-20.36.10:104][  0]LogMeshUtilities: Using QuadricMeshReduction for automatic static mesh reduction
[2017.06.09-20.36.10:161][  0]LogSimplygon: Simplygon DLL not present - disabling.
[2017.06.09-20.36.10:223][  0]LogMeshUtilities: Using SimplygonSwarm for distributed automatic mesh merging
[2017.06.09-20.36.10:223][  0]LogMeshUtilities: No automatic skeletal mesh reduction module available
[2017.06.09-20.36.10:223][  0]LogMeshUtilities: No automatic mesh merging module available
[2017.06.09-20.36.10:997][  0]LogNetVersion: WIPTitel , NetCL: 3452394, EngineNetVer: 2, GameNetVer: 0 (Checksum: 1095725465)
[2017.06.09-20.36.11:071][  0]LogAssetRegistry: FAssetRegistry took 0.0272 seconds to start up
[2017.06.09-20.36.11:146][  0]LogPackageLocalizationCache: Processed 4 localized package path(s) for 2 prioritized culture(s) in 0.040779 seconds
[2017.06.09-20.36.11:153][  0]LogUObjectArray: 34194 objects as part of root set at end of initial load.
[2017.06.09-20.36.11:153][  0]LogUObjectAllocator: 7260416 out of 0 bytes used by permanent object pool.
[2017.06.09-20.36.11:153][  0]LogUObjectArray: CloseDisregardForGC: 0/0 objects in disregard for GC pool
[2017.06.09-20.36.11:244][  0]LogInit: WinSock: version 1.1 (2.2), MaxSocks=32767, MaxUdp=65467
[2017.06.09-20.36.14:719][  0]LogTcpMessaging: Initializing TcpMessaging bridge
[2017.06.09-20.36.14:771][  0]LogUdpMessaging: Initializing bridge on interface 0.0.0.0:0 to multicast group 230.0.0.1:6666.
[2017.06.09-20.36.15:539][  0]LogMaterial: Uniform references updated for custom material expression Custom.
[2017.06.09-20.36.16:054][  0]SourceControl: Info Source control is disabled
[2017.06.09-20.36.16:088][  0]SourceControl: Info Source control is disabled
[2017.06.09-20.36.16:148][  0]SourceControl: Info Source control is disabled
[2017.06.09-20.36.16:207][  0]SourceControl: Info Source control is disabled
[2017.06.09-20.36.17:067][  0]LogAndroidPermission: UAndroidPermissionCallbackProxy::GetInstance
[2017.06.09-20.36.17:815][  0]LogEngine: Initializing Engine...
[2017.06.09-20.36.17:816][  0]LogHMD: Failed to initialize OpenVR with code 110
[2017.06.09-20.36.18:090][  0]LogStats: UGameplayTagsManager::ConstructGameplayTagTree: Construct from data asset -  0.000 s
[2017.06.09-20.36.18:090][  0]LogStats: UGameplayTagsManager::ConstructGameplayTagTree: GameplayTagTreeChangedEvent.Broadcast -  0.000 s
[2017.06.09-20.36.18:263][  0]LogAIModule: Creating AISystem for world Untitled
[2017.06.09-20.36.18:272][  0]LogInit: XAudio2 using 'Speakers (Realtek High Definition Audio)' : 2 channels at 48 kHz using 32 bits per sample (channel mask 0x3)
[2017.06.09-20.36.18:293][  0]LogInit: FAudioDevice initialized.
[2017.06.09-20.36.18:351][  0]LogDerivedDataCache: Saved boot cache 0.06s 90MB C:/Users/marti/AppData/Local/UnrealEngine/4.16/DerivedDataCache/Boot.ddc.
[2017.06.09-20.36.18:363][  0]LogInit: Texture streaming: Enabled
[2017.06.09-20.36.18:484][  0]LogEngineSessionManager: EngineSessionManager initialized
[2017.06.09-20.36.18:764][  0]LogInit: Transaction tracking system initialized
[2017.06.09-20.36.19:155][  0]BlueprintLog: New page: Editor Load
[2017.06.09-20.36.20:322][  0]LocalizationService: Info Localization service is disabled
[2017.06.09-20.36.21:176][  0]LogConsoleResponse:Display: 
[2017.06.09-20.36.21:370][  0]LogFileCache: Scanning file cache for directory 'D:/TiefeSGJ/TiefeSGJ/Unreal/WIPTitel/Content/' took 0.01s
[2017.06.09-20.36.21:370][  0]LogCook:Display: Max memory allowance for cook 16384mb min free memory 0mb
[2017.06.09-20.36.21:370][  0]LogCook:Display: Mobile HDR setting 1
[2017.06.09-20.36.22:699][  0]SourceControl: Info Source control is disabled
[2017.06.09-20.36.22:699][  0]Cmd: MAP LOAD FILE="../../../Engine/Content/Maps/Templates/Template_Default.umap" TEMPLATE=1 SHOWPROGRESS=1 FEATURELEVEL=3
[2017.06.09-20.36.22:700][  0]LightingResults: New page: Lighting Build
[2017.06.09-20.36.22:751][  0]MapCheck: New page: Map Check
[2017.06.09-20.36.22:751][  0]LightingResults: New page: Lighting Build
[2017.06.09-20.36.23:010][  0]LogAIModule: Creating AISystem for world Untitled_1
[2017.06.09-20.36.23:011][  0]LogActorComponent: RegisterComponentWithWorld: (/Temp/Untitled_1.Untitled_1:PersistentLevel.WorldSettings_1.StaticMeshComponent0) Trying to register component with IsPendingKill() == true. Aborting.
[2017.06.09-20.36.23:017][  0]LogEditorServer: Finished looking for orphan Actors (0.000 secs)
[2017.06.09-20.36.23:072][  0]Cmd: MAP CHECKDEP NOCLEARLOG
[2017.06.09-20.36.23:124][  0]MapCheck: Info Map check complete: 0 Error(s), 0 Warning(s), took 52.465ms to complete.
[2017.06.09-20.36.23:124][  0]LogFileHelpers: Loading map 'Template_Default' took 0.425
[2017.06.09-20.36.23:320][  0]LogCollectionManager: Loaded 0 collections in 0.002283 seconds
[2017.06.09-20.36.23:414][  0]LogFileCache: Scanning file cache for directory 'D:/TiefeSGJ/TiefeSGJ/Unreal/WIPTitel/Saved/Collections/' took 0.01s
[2017.06.09-20.36.23:414][  0]LogFileCache: Scanning file cache for directory 'D:/TiefeSGJ/TiefeSGJ/Unreal/WIPTitel/Content/Developers/martin/Collections/' took 0.01s
[2017.06.09-20.36.23:414][  0]LogFileCache: Scanning file cache for directory 'D:/TiefeSGJ/TiefeSGJ/Unreal/WIPTitel/Content/Collections/' took 0.01s
[2017.06.09-20.36.23:414][  0]LogCollectionManager: Rebuilt the GUID cache for 0 collections in 0.000002 seconds
[2017.06.09-20.36.23:427][  0]LogContentBrowser: Native class hierarchy populated in 0.0121 seconds. Added 2330 classes and 493 folders.
[2017.06.09-20.36.23:516][  0]LogContentBrowser: Native class hierarchy updated for 'WidgetCarousel' in 0.0012 seconds. Added 0 classes and 0 folders.
[2017.06.09-20.36.23:568][  0]LogContentBrowser: Native class hierarchy updated for 'AddContentDialog' in 0.0013 seconds. Added 0 classes and 0 folders.
[2017.06.09-20.36.23:624][  0]LogContentBrowser: Native class hierarchy updated for 'SceneOutliner' in 0.0015 seconds. Added 1 classes and 2 folders.
[2017.06.09-20.36.23:672][  0]LogCrashTracker: Crashtracker disabled due to settings.
[2017.06.09-20.36.23:678][  0]LogSlate: Took 0.000369 seconds to synchronously load lazily loaded font '../../../Engine/Content/Slate/Fonts/Roboto-Regular.ttf' (155K)
[2017.06.09-20.36.23:682][  0]LogSlate: Took 0.000433 seconds to synchronously load lazily loaded font '../../../Engine/Content/Slate/Fonts/Roboto-Bold.ttf' (160K)
[2017.06.09-20.36.23:690][  0]LogSlate: Took 0.000247 seconds to synchronously load lazily loaded font '../../../Engine/Content/Editor/Slate/Fonts/FontAwesome.ttf' (139K)
[2017.06.09-20.36.23:815][  0]LogRenderer: Reallocating scene render targets to support 1208x576 NumSamples 1 (Frame:1).
[2017.06.09-20.36.24:758][  0]LogContentBrowser: Native class hierarchy updated for 'HierarchicalLODOutliner' in 0.0014 seconds. Added 1 classes and 2 folders.
[2017.06.09-20.36.24:759][  0]LogLoad: (Engine Initialization) Total time: 22.14 seconds
[2017.06.09-20.36.24:759][  0]LogLoad: (Engine Initialization) Total Blueprint compile time: 0.11 seconds
[2017.06.09-20.36.24:759][  0]LogExternalProfiler: Found external profiler: VSPerf
[2017.06.09-20.36.24:759][  0]LogExternalProfiler: Using external profiler: VSPerf
[2017.06.09-20.36.24:777][  0]LogWindowsTextInputMethodSystem:Display: IME system now deactivated.
[2017.06.09-20.36.24:777][  0]LogOcInput: OculusInput pre-init called
[2017.06.09-20.36.24:777][  0]LogHMD: Starting GearVRController plugin
[2017.06.09-20.36.24:795][  0]LogContentStreaming: Texture pool size now 1000 MB
[2017.06.09-20.36.24:841][  1]LogAssetRegistry: Asset discovery search completed in 13.7922 seconds
[2017.06.09-20.36.24:845][  1]LogCollectionManager: Rebuilt the object cache for 0 collections in 0.000001 seconds (found 0 objects)
[2017.06.09-20.36.24:845][  1]LogCollectionManager: Fixed up redirectors for 0 collections in 0.000043 seconds (updated 0 objects)
[2017.06.09-20.36.28:870][ 79]LogSlate: Took 0.000253 seconds to synchronously load lazily loaded font '../../../Engine/Content/Slate/Fonts/Roboto-Light.ttf' (159K)
[2017.06.09-20.37.02:324][747]LogSlate: Took 0.000464 seconds to synchronously load lazily loaded font '../../../Engine/Content/Slate/Fonts/Roboto-Light.ttf' (159K)
[2017.06.09-20.37.02:386][747]LogAIModule: Creating AISystem for world Testig
[2017.06.09-20.37.02:428][747]Cmd: MAP LOAD FILE="D:/TiefeSGJ/TiefeSGJ/Unreal/WIPTitel/Content/Maps/Testig.umap" TEMPLATE=0 SHOWPROGRESS=1 FEATURELEVEL=3
[2017.06.09-20.37.02:428][747]LightingResults: New page: Lighting Build
[2017.06.09-20.37.02:430][747]LoadErrors: New page: Loading map: Testig.umap
[2017.06.09-20.37.02:430][747]MapCheck: New page: Map Check
[2017.06.09-20.37.02:430][747]LightingResults: New page: Lighting Build
[2017.06.09-20.37.02:463][747]LogEditorServer: Finished looking for orphan Actors (0.000 secs)
[2017.06.09-20.37.02:522][747]Cmd: MAP CHECKDEP NOCLEARLOG
[2017.06.09-20.37.02:602][747]MapCheck: Info Map check complete: 0 Error(s), 0 Warning(s), took 79.043ms to complete.
[2017.06.09-20.37.02:604][747]LogFileHelpers: Loading map 'Testig' took 0.177
[2017.06.09-20.38.20:965][738]LogSlate: Took 0.000339 seconds to synchronously load lazily loaded font '../../../Engine/Content/Editor/Slate/Fonts/Roboto-BoldCondensed.ttf' (158K)
[2017.06.09-20.38.21:085][738]LogRenderer: Reallocating scene render targets to support 1208x924 NumSamples 1 (Frame:1).
[2017.06.09-20.40.41:401][873]Cmd: OBJ SAVEPACKAGE PACKAGE="/Game/BP/MapHandler" FILE="D:/TiefeSGJ/TiefeSGJ/Unreal/WIPTitel/Content/BP/MapHandler.uasset" SILENT=true
[2017.06.09-20.40.41:422][873]LogSavePackage: Save=18.04ms
[2017.06.09-20.40.41:422][873]LogSavePackage: Moving 'D:/TiefeSGJ/TiefeSGJ/Unreal/WIPTitel/Saved/MapHandler932E3142406997667D463E8BA3D09097.tmp' to 'D:/TiefeSGJ/TiefeSGJ/Unreal/WIPTitel/Content/BP/MapHandler.uasset'
[2017.06.09-20.40.41:424][873]LogSavePackage:Display: Finished SavePackage D:/TiefeSGJ/TiefeSGJ/Unreal/WIPTitel/Content/BP/MapHandler.uasset
[2017.06.09-20.40.42:877][897]LogContentBrowser: Native class hierarchy updated for 'BlueprintGraph' in 0.0020 seconds. Added 112 classes and 0 folders.
[2017.06.09-20.40.43:594][897]LogSlate: Took 0.000140 seconds to synchronously load lazily loaded font '../../../Engine/Content/Slate/Fonts/Roboto-Regular.ttf' (155K)
[2017.06.09-20.40.44:816][910]LogSlate: Took 0.000284 seconds to synchronously load lazily loaded font '../../../Engine/Content/Editor/Slate/Fonts/Roboto-Italic.ttf' (157K)
[2017.06.09-20.41.21:693][432]LogSlate: Took 0.011392 seconds to synchronously load lazily loaded font '../../../Engine/Content/Editor/Slate/Fonts/Roboto-BoldCondensedItalic.ttf' (160K)
[2017.06.09-20.41.46:176][ 96]Cmd: OBJ SAVEPACKAGE PACKAGE="/Game/BP/MapHandler" FILE="D:/TiefeSGJ/TiefeSGJ/Unreal/WIPTitel/Content/BP/MapHandler.uasset" SILENT=true
[2017.06.09-20.41.46:200][ 96]LogSavePackage: Save=13.59ms
[2017.06.09-20.41.46:200][ 96]LogSavePackage: Moving 'D:/TiefeSGJ/TiefeSGJ/Unreal/WIPTitel/Saved/MapHandlerC24E5A1D4DAD48501FC3ACA5A62F6900.tmp' to 'D:/TiefeSGJ/TiefeSGJ/Unreal/WIPTitel/Content/BP/MapHandler.uasset'
[2017.06.09-20.41.46:201][ 96]LogSavePackage:Display: Finished SavePackage D:/TiefeSGJ/TiefeSGJ/Unreal/WIPTitel/Content/BP/MapHandler.uasset
[2017.06.09-20.41.53:190][189]BlueprintLog: New page: Compile MapHandler
[2017.06.09-20.48.22:962][552]LogSlate: Took 0.000297 seconds to synchronously load lazily loaded font '../../../Engine/Content/Slate/Fonts/Roboto-Light.ttf' (159K)
[2017.06.09-20.48.32:028][579]LogFileHelpers: Editor autosave (incl. sublevels) for '/Game/Maps/Testig' took 0.038
[2017.06.09-20.48.32:032][579]OBJ SavePackage: Generating thumbnails for [0] asset(s) in package [/Game/BP/MapHandler] ([1] browsable assets)...
[2017.06.09-20.48.32:032][579]OBJ SavePackage: Finished generating thumbnails for package [/Game/BP/MapHandler]
[2017.06.09-20.48.32:032][579]Cmd: OBJ SAVEPACKAGE PACKAGE="/Game/BP/MapHandler" FILE="D:/TiefeSGJ/TiefeSGJ/Unreal/WIPTitel/Saved/Autosaves/Game/BP/MapHandler_Auto1.uasset" SILENT=false AUTOSAVING=true
[2017.06.09-20.48.32:053][579]LogSavePackage: Save=13.80ms
[2017.06.09-20.48.32:053][579]LogSavePackage: Moving 'D:/TiefeSGJ/TiefeSGJ/Unreal/WIPTitel/Saved/MapHandler_Auto1098D7319453D32BCEFD4249B30710F8C.tmp' to 'D:/TiefeSGJ/TiefeSGJ/Unreal/WIPTitel/Saved/Autosaves/Game/BP/MapHandler_Auto1.uasset'
[2017.06.09-20.48.32:054][579]LogSavePackage:Display: Finished SavePackage D:/TiefeSGJ/TiefeSGJ/Unreal/WIPTitel/Saved/Autosaves/Game/BP/MapHandler_Auto1.uasset
[2017.06.09-20.48.32:054][579]LogFileHelpers: Auto-saving content packages took 0.024
[2017.06.09-20.52.21:489][369]Cmd: OBJ SAVEPACKAGE PACKAGE="/Game/Maps/Testig" FILE="D:/TiefeSGJ/TiefeSGJ/Unreal/WIPTitel/Content/Maps/Testig.umap" SILENT=true AUTOSAVING=false KEEPDIRTY=false
[2017.06.09-20.52.21:571][369]LogSavePackage: Save=17.74ms
[2017.06.09-20.52.21:572][369]LogSavePackage: Moving 'D:/TiefeSGJ/TiefeSGJ/Unreal/WIPTitel/Saved/Testig720D358645F13937E8508BB6369518A2.tmp' to 'D:/TiefeSGJ/TiefeSGJ/Unreal/WIPTitel/Content/Maps/Testig.umap'
[2017.06.09-20.52.21:572][369]LogSavePackage:Display: Finished SavePackage D:/TiefeSGJ/TiefeSGJ/Unreal/WIPTitel/Content/Maps/Testig.umap
[2017.06.09-20.52.21:712][371]Cmd: OBJ SAVEPACKAGE PACKAGE="/Game/Maps/Testig" FILE="D:/TiefeSGJ/TiefeSGJ/Unreal/WIPTitel/Content/Maps/Testig.umap" SILENT=true AUTOSAVING=false KEEPDIRTY=false
[2017.06.09-20.52.21:770][371]LogSavePackage: Save=11.67ms
[2017.06.09-20.52.21:770][371]LogSavePackage: Moving 'D:/TiefeSGJ/TiefeSGJ/Unreal/WIPTitel/Saved/TestigFB518C3340C4597AAE814FABFD3D40E5.tmp' to 'D:/TiefeSGJ/TiefeSGJ/Unreal/WIPTitel/Content/Maps/Testig.umap'
[2017.06.09-20.52.21:770][371]LogSavePackage:Display: Finished SavePackage D:/TiefeSGJ/TiefeSGJ/Unreal/WIPTitel/Content/Maps/Testig.umap
[2017.06.09-20.52.22:205][380]Cmd: OBJ SAVEPACKAGE PACKAGE="/Game/Maps/Testig" FILE="D:/TiefeSGJ/TiefeSGJ/Unreal/WIPTitel/Content/Maps/Testig.umap" SILENT=true AUTOSAVING=false KEEPDIRTY=false
[2017.06.09-20.52.22:260][380]LogSavePackage: Save=11.50ms
[2017.06.09-20.52.22:260][380]LogSavePackage: Moving 'D:/TiefeSGJ/TiefeSGJ/Unreal/WIPTitel/Saved/Testig710775D84579FA2047D0B0BE2735AA99.tmp' to 'D:/TiefeSGJ/TiefeSGJ/Unreal/WIPTitel/Content/Maps/Testig.umap'
[2017.06.09-20.52.22:261][380]LogSavePackage:Display: Finished SavePackage D:/TiefeSGJ/TiefeSGJ/Unreal/WIPTitel/Content/Maps/Testig.umap
[2017.06.09-20.52.22:489][384]Cmd: OBJ SAVEPACKAGE PACKAGE="/Game/Maps/Testig" FILE="D:/TiefeSGJ/TiefeSGJ/Unreal/WIPTitel/Content/Maps/Testig.umap" SILENT=true AUTOSAVING=false KEEPDIRTY=false
[2017.06.09-20.52.22:544][384]LogSavePackage: Save=11.52ms
[2017.06.09-20.52.22:544][384]LogSavePackage: Moving 'D:/TiefeSGJ/TiefeSGJ/Unreal/WIPTitel/Saved/Testig5372D44447F0773C71FA43BD83214F43.tmp' to 'D:/TiefeSGJ/TiefeSGJ/Unreal/WIPTitel/Content/Maps/Testig.umap'
[2017.06.09-20.52.22:545][384]LogSavePackage:Display: Finished SavePackage D:/TiefeSGJ/TiefeSGJ/Unreal/WIPTitel/Content/Maps/Testig.umap
[2017.06.09-20.52.24:098][419]Cmd: OBJ SAVEPACKAGE PACKAGE="/Game/BP/MapHandler" FILE="D:/TiefeSGJ/TiefeSGJ/Unreal/WIPTitel/Content/BP/MapHandler.uasset" SILENT=true
[2017.06.09-20.52.24:114][419]LogSavePackage: Save=14.37ms
[2017.06.09-20.52.24:114][419]LogSavePackage: Moving 'D:/TiefeSGJ/TiefeSGJ/Unreal/WIPTitel/Saved/MapHandler0A2E2E0A446E855C4B6B77A9AAAF06BD.tmp' to 'D:/TiefeSGJ/TiefeSGJ/Unreal/WIPTitel/Content/BP/MapHandler.uasset'
[2017.06.09-20.52.24:120][419]LogSavePackage:Display: Finished SavePackage D:/TiefeSGJ/TiefeSGJ/Unreal/WIPTitel/Content/BP/MapHandler.uasset
[2017.06.09-20.56.48:543][629]BlueprintLog: New page: Compile MapHandler
[2017.06.09-20.56.49:005][635]BlueprintLog: New page: Compile MapHandler
[2017.06.09-20.56.49:479][641]Cmd: OBJ SAVEPACKAGE PACKAGE="/Game/BP/MapHandler" FILE="D:/TiefeSGJ/TiefeSGJ/Unreal/WIPTitel/Content/BP/MapHandler.uasset" SILENT=true
[2017.06.09-20.56.49:518][641]LogSavePackage: Save=21.22ms
[2017.06.09-20.56.49:518][641]LogSavePackage: Moving 'D:/TiefeSGJ/TiefeSGJ/Unreal/WIPTitel/Saved/MapHandler8782979745DF81BDFF9BE6B95B91EA21.tmp' to 'D:/TiefeSGJ/TiefeSGJ/Unreal/WIPTitel/Content/BP/MapHandler.uasset'
[2017.06.09-20.56.49:521][641]LogSavePackage:Display: Finished SavePackage D:/TiefeSGJ/TiefeSGJ/Unreal/WIPTitel/Content/BP/MapHandler.uasset
[2017.06.09-20.56.49:720][643]Cmd: OBJ SAVEPACKAGE PACKAGE="/Game/BP/MapHandler" FILE="D:/TiefeSGJ/TiefeSGJ/Unreal/WIPTitel/Content/BP/MapHandler.uasset" SILENT=true
[2017.06.09-20.56.49:742][643]LogSavePackage: Save=20.58ms
[2017.06.09-20.56.49:742][643]LogSavePackage: Moving 'D:/TiefeSGJ/TiefeSGJ/Unreal/WIPTitel/Saved/MapHandler1DC17C8446BBA41D54D32C8F33B26F19.tmp' to 'D:/TiefeSGJ/TiefeSGJ/Unreal/WIPTitel/Content/BP/MapHandler.uasset'
[2017.06.09-20.56.49:743][643]LogSavePackage:Display: Finished SavePackage D:/TiefeSGJ/TiefeSGJ/Unreal/WIPTitel/Content/BP/MapHandler.uasset
[2017.06.09-20.56.49:873][644]Cmd: OBJ SAVEPACKAGE PACKAGE="/Game/BP/MapHandler" FILE="D:/TiefeSGJ/TiefeSGJ/Unreal/WIPTitel/Content/BP/MapHandler.uasset" SILENT=true
[2017.06.09-20.56.49:896][644]LogSavePackage: Save=20.79ms
[2017.06.09-20.56.49:896][644]LogSavePackage: Moving 'D:/TiefeSGJ/TiefeSGJ/Unreal/WIPTitel/Saved/MapHandlerCC9F8FA545F6E536C21BCD85F6E3A3F3.tmp' to 'D:/TiefeSGJ/TiefeSGJ/Unreal/WIPTitel/Content/BP/MapHandler.uasset'
[2017.06.09-20.56.49:897][644]LogSavePackage:Display: Finished SavePackage D:/TiefeSGJ/TiefeSGJ/Unreal/WIPTitel/Content/BP/MapHandler.uasset
[2017.06.09-20.56.52:458][697]LogWindowsTextInputMethodSystem:Display: IME system now deactivated.
[2017.06.09-20.56.52:651][698]Cmd: QUIT_EDITOR
[2017.06.09-20.56.52:687][698]LogExit: Preparing to exit.
[2017.06.09-20.56.53:858][698]LogExit: Editor shut down
[2017.06.09-20.56.53:862][698]LogExit: Transaction tracking system shut down
[2017.06.09-20.56.53:964][698]LogObj: Freed 0b from 0 cluster array pools.
[2017.06.09-20.56.53:964][698]LogExit: Object subsystem successfully closed.
[2017.06.09-20.56.53:987][698]LogD3D11RHI: Shutdown
[2017.06.09-20.56.53:987][698]LogD3D11RHI: CleanupD3DDevice
[2017.06.09-20.56.54:139][698]LogD3D11RHI: ~FD3D11DynamicRHI
[2017.06.09-20.56.54:158][698]LogModuleManager: Shutting down and abandoning module BlueprintGraph (530)
[2017.06.09-20.56.54:158][698]LogModuleManager: Shutting down and abandoning module BlueprintProfiler (528)
[2017.06.09-20.56.54:158][698]LogModuleManager: Shutting down and abandoning module HierarchicalLODOutliner (526)
[2017.06.09-20.56.54:158][698]LogModuleManager: Shutting down and abandoning module CrashTracker (524)
[2017.06.09-20.56.54:158][698]LogModuleManager: Shutting down and abandoning module SceneOutliner (522)
[2017.06.09-20.56.54:159][698]LogModuleManager: Shutting down and abandoning module AddContentDialog (520)
[2017.06.09-20.56.54:159][698]LogDirectoryWatcher: A directory notification for 'C:/Program Files/Epic Games/UE_4.16/FeaturePacks/' was aborted.
[2017.06.09-20.56.54:160][698]LogModuleManager: Shutting down and abandoning module WidgetCarousel (519)
[2017.06.09-20.56.54:160][698]LogModuleManager: Shutting down and abandoning module EditorWidgets (516)
[2017.06.09-20.56.54:160][698]LogModuleManager: Shutting down and abandoning module CollectionManager (514)
[2017.06.09-20.56.54:160][698]LogDirectoryWatcher: A directory notification for 'D:/TiefeSGJ/TiefeSGJ/Unreal/WIPTitel/Content/Collections/' was aborted.
[2017.06.09-20.56.54:160][698]LogDirectoryWatcher: A directory notification for 'D:/TiefeSGJ/TiefeSGJ/Unreal/WIPTitel/Content/Developers/martin/Collections/' was aborted.
[2017.06.09-20.56.54:160][698]LogDirectoryWatcher: A directory notification for 'D:/TiefeSGJ/TiefeSGJ/Unreal/WIPTitel/Saved/Collections/' was aborted.
[2017.06.09-20.56.54:160][698]LogModuleManager: Shutting down and abandoning module StatsViewer (512)
[2017.06.09-20.56.54:160][698]LogModuleManager: Shutting down and abandoning module FoliageEdit (510)
[2017.06.09-20.56.54:160][698]LogModuleManager: Shutting down and abandoning module LandscapeEditor (508)
[2017.06.09-20.56.54:160][698]LogModuleManager: Shutting down and abandoning module MeshPaintMode (506)
[2017.06.09-20.56.54:160][698]LogModuleManager: Shutting down and abandoning module SceneDepthPickerMode (504)
[2017.06.09-20.56.54:160][698]LogModuleManager: Shutting down and abandoning module ActorPickerMode (502)
[2017.06.09-20.56.54:160][698]LogModuleManager: Shutting down and abandoning module GeometryMode (500)
[2017.06.09-20.56.54:160][698]LogModuleManager: Shutting down and abandoning module TextureAlignMode (498)
[2017.06.09-20.56.54:160][698]LogModuleManager: Shutting down and abandoning module BspMode (496)
[2017.06.09-20.56.54:160][698]LogModuleManager: Shutting down and abandoning module HardwareSurvey (494)
[2017.06.09-20.56.54:160][698]LogModuleManager: Shutting down and abandoning module SequenceRecorderSections (492)
[2017.06.09-20.56.54:160][698]LogModuleManager: Shutting down and abandoning module AutomationWorker (490)
[2017.06.09-20.56.54:160][698]LogModuleManager: Shutting down and abandoning module MatineeToLevelSequence (488)
[2017.06.09-20.56.54:160][698]LogModuleManager: Shutting down and abandoning module LevelSequenceEditor (486)
[2017.06.09-20.56.54:160][698]LogModuleManager: Shutting down and abandoning module PlacementMode (485)
[2017.06.09-20.56.54:160][698]LogModuleManager: Shutting down and abandoning module WmfMediaFactory (482)
[2017.06.09-20.56.54:160][698]LogModuleManager: Shutting down and abandoning module WmfMediaEditor (480)
[2017.06.09-20.56.54:160][698]LogModuleManager: Shutting down and abandoning module AvfMediaFactory (478)
[2017.06.09-20.56.54:160][698]LogModuleManager: Shutting down and abandoning module AvfMediaEditor (476)
[2017.06.09-20.56.54:160][698]LogModuleManager: Shutting down and abandoning module AndroidMediaFactory (474)
[2017.06.09-20.56.54:160][698]LogModuleManager: Shutting down and abandoning module Media (473)
[2017.06.09-20.56.54:160][698]LogModuleManager: Shutting down and abandoning module AndroidMediaEditor (470)
[2017.06.09-20.56.54:160][698]LogModuleManager: Shutting down and abandoning module CharacterAI (468)
[2017.06.09-20.56.54:160][698]LogModuleManager: Shutting down and abandoning module AudioCapture (466)
[2017.06.09-20.56.54:160][698]LogModuleManager: Shutting down and abandoning module SequenceRecorder (465)
[2017.06.09-20.56.54:160][698]LogModuleManager: Shutting down and abandoning module SmartSnapping (462)
[2017.06.09-20.56.54:160][698]LogModuleManager: Shutting down and abandoning module SessionServices (460)
[2017.06.09-20.56.54:160][698]LogModuleManager: Shutting down and abandoning module ViewportSnapping (458)
[2017.06.09-20.56.54:160][698]LogModuleManager: Shutting down and abandoning module ViewportInteraction (456)
[2017.06.09-20.56.54:160][698]LogModuleManager: Shutting down and abandoning module ClothPainter (454)
[2017.06.09-20.56.54:160][698]LogModuleManager: Shutting down and abandoning module LogVisualizer (452)
[2017.06.09-20.56.54:160][698]LogModuleManager: Shutting down and abandoning module IntroTutorials (450)
[2017.06.09-20.56.54:161][698]LogModuleManager: Shutting down and abandoning module GameProjectGeneration (449)
[2017.06.09-20.56.54:161][698]LogModuleManager: Shutting down and abandoning module EditorLiveStreaming (446)
[2017.06.09-20.56.54:161][698]LogModuleManager: Shutting down and abandoning module IOSPlatformEditor (444)
[2017.06.09-20.56.54:161][698]LogModuleManager: Shutting down and abandoning module HTML5PlatformEditor (442)
[2017.06.09-20.56.54:161][698]LogModuleManager: Shutting down and abandoning module AndroidPlatformEditor (440)
[2017.06.09-20.56.54:161][698]LogModuleManager: Shutting down and abandoning module AndroidDeviceDetection (439)
[2017.06.09-20.56.54:288][698]LogModuleManager: Shutting down and abandoning module IOSRuntimeSettings (436)
[2017.06.09-20.56.54:288][698]LogModuleManager: Shutting down and abandoning module AndroidRuntimeSettings (434)
[2017.06.09-20.56.54:288][698]LogModuleManager: Shutting down and abandoning module InputBindingEditor (432)
[2017.06.09-20.56.54:288][698]LogModuleManager: Shutting down and abandoning module MergeActors (430)
[2017.06.09-20.56.54:288][698]LogModuleManager: Shutting down and abandoning module SizeMap (428)
[2017.06.09-20.56.54:288][698]LogModuleManager: Shutting down and abandoning module TreeMap (426)
[2017.06.09-20.56.54:288][698]LogModuleManager: Shutting down and abandoning module ReferenceViewer (424)
[2017.06.09-20.56.54:288][698]LogModuleManager: Shutting down and abandoning module LocalizationDashboard (422)
[2017.06.09-20.56.54:288][698]LogModuleManager: Shutting down and abandoning module LocalizationService (421)
[2017.06.09-20.56.54:288][698]LogModuleManager: Shutting down and abandoning module HardwareTargeting (418)
[2017.06.09-20.56.54:288][698]LogModuleManager: Shutting down and abandoning module DeviceProfileEditor (416)
[2017.06.09-20.56.54:288][698]LogModuleManager: Shutting down and abandoning module UndoHistory (414)
[2017.06.09-20.56.54:288][698]LogModuleManager: Shutting down and abandoning module UserFeedback (412)
[2017.06.09-20.56.54:288][698]LogModuleManager: Shutting down and abandoning module XmlParser (410)
[2017.06.09-20.56.54:288][698]LogModuleManager: Shutting down and abandoning module Blutility (408)
[2017.06.09-20.56.54:289][698]LogModuleManager: Shutting down and abandoning module ProjectSettingsViewer (406)
[2017.06.09-20.56.54:289][698]LogModuleManager: Shutting down and abandoning module ProjectTargetPlatformEditor (405)
[2017.06.09-20.56.54:289][698]LogModuleManager: Shutting down and abandoning module EditorSettingsViewer (402)
[2017.06.09-20.56.54:289][698]LogModuleManager: Shutting down and abandoning module SettingsEditor (400)
[2017.06.09-20.56.54:289][698]LogModuleManager: Shutting down and abandoning module ProjectLauncher (398)
[2017.06.09-20.56.54:289][698]LogModuleManager: Shutting down and abandoning module SessionFrontend (396)
[2017.06.09-20.56.54:289][698]LogModuleManager: Shutting down and abandoning module ProfilerClient (394)
[2017.06.09-20.56.54:289][698]LogModuleManager: Shutting down and abandoning module DeviceManager (392)
[2017.06.09-20.56.54:289][698]LogModuleManager: Shutting down and abandoning module TargetDeviceServices (391)
[2017.06.09-20.56.54:352][698]LogModuleManager: Shutting down and abandoning module AutomationController (388)
[2017.06.09-20.56.54:352][698]LogModuleManager: Shutting down and abandoning module AutomationWindow (386)
[2017.06.09-20.56.54:352][698]LogModuleManager: Shutting down and abandoning module Layers (384)
[2017.06.09-20.56.54:352][698]LogModuleManager: Shutting down and abandoning module ComponentVisualizers (382)
[2017.06.09-20.56.54:352][698]LogModuleManager: Shutting down and abandoning module DetailCustomizations (380)
[2017.06.09-20.56.54:353][698]LogModuleManager: Shutting down and abandoning module PackagesDialog (378)
[2017.06.09-20.56.54:353][698]LogModuleManager: Shutting down and abandoning module Persona (376)
[2017.06.09-20.56.54:353][698]LogModuleManager: Shutting down and abandoning module AdvancedPreviewScene (375)
[2017.06.09-20.56.54:353][698]LogModuleManager: Shutting down and abandoning module AnimGraph (373)
[2017.06.09-20.56.54:353][698]LogModuleManager: Shutting down and abandoning module Kismet (370)
[2017.06.09-20.56.54:371][698]LogModuleManager: Shutting down and abandoning module ClassViewer (368)
[2017.06.09-20.56.54:374][698]LogModuleManager: Shutting down and abandoning module Toolbox (366)
[2017.06.09-20.56.54:374][698]LogModuleManager: Shutting down and abandoning module ModuleUI (364)
[2017.06.09-20.56.54:374][698]LogModuleManager: Shutting down and abandoning module MovieSceneTools (362)
[2017.06.09-20.56.54:374][698]LogModuleManager: Shutting down and abandoning module OutputLog (360)
[2017.06.09-20.56.54:374][698]LogModuleManager: Shutting down and abandoning module GammaUI (358)
[2017.06.09-20.56.54:375][698]LogModuleManager: Shutting down and abandoning module Documentation (356)
[2017.06.09-20.56.54:375][698]LogModuleManager: Shutting down and abandoning module MovieSceneTracks (354)
[2017.06.09-20.56.54:375][698]LogModuleManager: Shutting down and abandoning module MovieScene (352)
[2017.06.09-20.56.54:375][698]LogModuleManager: Shutting down and abandoning module Niagara (350)
[2017.06.09-20.56.54:375][698]LogModuleManager: Shutting down and abandoning module NiagaraEditor (349)
[2017.06.09-20.56.54:375][698]LogModuleManager: Shutting down and abandoning module StreamingPauseRendering (346)
[2017.06.09-20.56.54:375][698]LogModuleManager: Shutting down and abandoning module AnalyticsET (344)
[2017.06.09-20.56.54:375][698]LogModuleManager: Shutting down and abandoning module PortalServices (342)
[2017.06.09-20.56.54:375][698]LogModuleManager: Shutting down and abandoning module PortalRpc (340)
[2017.06.09-20.56.54:375][698]LogModuleManager: Shutting down and abandoning module MessagingRpc (338)
[2017.06.09-20.56.54:375][698]LogModuleManager: Shutting down and abandoning module AIModule (336)
[2017.06.09-20.56.54:375][698]LogModuleManager: Shutting down and abandoning module GameplayDebugger (335)
[2017.06.09-20.56.54:375][698]LogModuleManager: Shutting down and abandoning module AITestSuite (333)
[2017.06.09-20.56.54:375][698]LogModuleManager: Shutting down and abandoning module ProfilerService (330)
[2017.06.09-20.56.54:494][698]LogModuleManager: Shutting down and abandoning module TaskGraph (328)
[2017.06.09-20.56.54:494][698]LogModuleManager: Shutting down and abandoning module SteamVRController (326)
[2017.06.09-20.56.54:494][698]LogModuleManager: Shutting down and abandoning module SteamVR (324)
[2017.06.09-20.56.54:494][698]LogModuleManager: Shutting down and abandoning module ProceduralMeshComponentEditor (322)
[2017.06.09-20.56.54:494][698]LogModuleManager: Shutting down and abandoning module ProceduralMeshComponent (320)
[2017.06.09-20.56.54:494][698]LogModuleManager: Shutting down and abandoning module OculusLibrary (318)
[2017.06.09-20.56.54:494][698]LogModuleManager: Shutting down and abandoning module OculusInput (316)
[2017.06.09-20.56.54:494][698]LogModuleManager: Shutting down and abandoning module MobilePatchingUtils (314)
[2017.06.09-20.56.54:494][698]LogModuleManager: Shutting down and abandoning module CustomMeshComponent (312)
[2017.06.09-20.56.54:494][698]LogModuleManager: Shutting down and abandoning module CableComponent (310)
[2017.06.09-20.56.54:494][698]LogModuleManager: Shutting down and abandoning module ArchVisCharacter (308)
[2017.06.09-20.56.54:494][698]LogModuleManager: Shutting down and abandoning module AndroidPermission (306)
[2017.06.09-20.56.54:494][698]LogModuleManager: Shutting down and abandoning module MediaPlayerEditor (302)
[2017.06.09-20.56.54:494][698]LogModuleManager: Shutting down and abandoning module HTML5Networking (300)
[2017.06.09-20.56.54:494][698]LogModuleManager: Shutting down and abandoning module AlembicImporter (298)
[2017.06.09-20.56.54:494][698]LogModuleManager: Shutting down and abandoning module AlembicLibrary (297)
[2017.06.09-20.56.54:494][698]LogModuleManager: Shutting down and abandoning module GeometryCache (296)
[2017.06.09-20.56.54:494][698]LogModuleManager: Shutting down and abandoning module GeometryCacheEd (295)
[2017.06.09-20.56.54:494][698]LogModuleManager: Shutting down and abandoning module SuperSearchEditor (290)
[2017.06.09-20.56.54:495][698]LogModuleManager: Shutting down and abandoning module SuperSearch (289)
[2017.06.09-20.56.54:495][698]LogModuleManager: Shutting down and abandoning module SpeedTreeImporter (286)
[2017.06.09-20.56.54:495][698]LogModuleManager: Shutting down and abandoning module PluginBrowser (284)
[2017.06.09-20.56.54:495][698]LogModuleManager: Shutting down and abandoning module MobileLauncherProfileWizard (282)
[2017.06.09-20.56.54:495][698]LogModuleManager: Shutting down and abandoning module VisualStudioSourceCodeAccess (280)
[2017.06.09-20.56.54:495][698]LogModuleManager: Shutting down and abandoning module DesktopPlatform (279)
[2017.06.09-20.56.54:495][698]LogModuleManager: Shutting down and abandoning module UObjectPlugin (276)
[2017.06.09-20.56.54:495][698]LogModuleManager: Shutting down and abandoning module SubversionSourceControl (274)
[2017.06.09-20.56.54:495][698]LogModuleManager: Shutting down and abandoning module PerforceSourceControl (272)
[2017.06.09-20.56.54:495][698]LogModuleManager: Shutting down and abandoning module GitSourceControl (270)
[2017.06.09-20.56.54:495][698]LogModuleManager: Shutting down and abandoning module SourceControl (269)
[2017.06.09-20.56.54:495][698]LogModuleManager: Shutting down and abandoning module LightPropagationVolumeEditor (266)
[2017.06.09-20.56.54:495][698]LogModuleManager: Shutting down and abandoning module PaperTiledImporter (264)
[2017.06.09-20.56.54:495][698]LogModuleManager: Shutting down and abandoning module PaperSpriteSheetImporter (262)
[2017.06.09-20.56.54:495][698]LogModuleManager: Shutting down and abandoning module Paper2DEditor (260)
[2017.06.09-20.56.54:495][698]LogModuleManager: Shutting down and abandoning module MeshPaint (259)
[2017.06.09-20.56.54:495][698]LogModuleManager: Shutting down and abandoning module LevelEditor (257)
[2017.06.09-20.56.54:497][698]LogModuleManager: Shutting down and abandoning module PixelInspectorModule (256)
[2017.06.09-20.56.54:497][698]LogModuleManager: Shutting down and abandoning module MainFrame (254)
[2017.06.09-20.56.54:497][698]LogModuleManager: Shutting down and abandoning module HotReload (253)
[2017.06.09-20.56.54:497][698]LogDirectoryWatcher: A directory notification for 'D:/TiefeSGJ/TiefeSGJ/Unreal/WIPTitel/Binaries/Win64' was aborted.
[2017.06.09-20.56.54:499][698]LogModuleManager: Shutting down and abandoning module WIPTitel (248)
[2017.06.09-20.56.54:499][698]LogModuleManager: Shutting down and abandoning module PhysXVehiclesEditor (246)
[2017.06.09-20.56.54:499][698]LogModuleManager: Shutting down and abandoning module PhysXVehicles (244)
[2017.06.09-20.56.54:499][698]LogModuleManager: Shutting down and abandoning module LocationServicesBPLibrary (242)
[2017.06.09-20.56.54:499][698]LogModuleManager: Shutting down and abandoning module ImmediatePhysicsEditor (240)
[2017.06.09-20.56.54:499][698]LogModuleManager: Shutting down and abandoning module ImmediatePhysics (238)
[2017.06.09-20.56.54:499][698]LogModuleManager: Shutting down and abandoning module UdpMessaging (236)
[2017.06.09-20.56.54:600][698]LogModuleManager: Shutting down and abandoning module TcpMessaging (234)
[2017.06.09-20.56.54:700][698]LogModuleManager: Shutting down and abandoning module GameplayTagsEditor (232)
[2017.06.09-20.56.54:700][698]LogModuleManager: Shutting down and abandoning module FacialAnimationEditor (230)
[2017.06.09-20.56.54:700][698]LogModuleManager: Shutting down and abandoning module FacialAnimation (228)
[2017.06.09-20.56.54:700][698]LogModuleManager: Shutting down and abandoning module AssetManagerEditor (226)
[2017.06.09-20.56.54:700][698]LogModuleManager: Shutting down and abandoning module GraphEditor (225)
[2017.06.09-20.56.54:700][698]LogModuleManager: Shutting down and abandoning module ContentBrowser (223)
[2017.06.09-20.56.54:704][698]LogModuleManager: Shutting down and abandoning module LightPropagationVolumeRuntime (220)
[2017.06.09-20.56.54:704][698]LogModuleManager: Shutting down and abandoning module Paper2D (218)
[2017.06.09-20.56.54:704][698]LogModuleManager: Shutting down and abandoning module WindowsMoviePlayer (216)
[2017.06.09-20.56.54:705][698]LogModuleManager: Shutting down and abandoning module WmfMedia (214)
[2017.06.09-20.56.54:705][698]LogModuleManager: Shutting down and abandoning module ClothingSystemEditor (212)
[2017.06.09-20.56.54:705][698]LogModuleManager: Shutting down and abandoning module ClothingSystemRuntime (210)
[2017.06.09-20.56.54:705][698]LogModuleManager: Shutting down and abandoning module MediaAssets (208)
[2017.06.09-20.56.54:705][698]LogModuleManager: Shutting down and abandoning module GameLiveStreaming (206)
[2017.06.09-20.56.54:705][698]LogModuleManager: Shutting down and abandoning module VREditor (204)
[2017.06.09-20.56.54:705][698]LogModuleManager: Shutting down and abandoning module StringTableEditor (202)
[2017.06.09-20.56.54:706][698]LogModuleManager: Shutting down and abandoning module GameplayTasksEditor (200)
[2017.06.09-20.56.54:706][698]LogModuleManager: Shutting down and abandoning module BehaviorTreeEditor (198)
[2017.06.09-20.56.54:706][698]LogModuleManager: Shutting down and abandoning module FunctionalTesting (196)
[2017.06.09-20.56.54:706][698]LogModuleManager: Shutting down and abandoning module CollisionAnalyzer (194)
[2017.06.09-20.56.54:706][698]LogModuleManager: Shutting down and abandoning module UMG (192)
[2017.06.09-20.56.54:706][698]LogModuleManager: Shutting down and abandoning module UMGEditor (191)
[2017.06.09-20.56.54:706][698]LogModuleManager: Shutting down and abandoning module Sequencer (190)
[2017.06.09-20.56.54:706][698]LogModuleManager: Shutting down and abandoning module AssetTools (188)
[2017.06.09-20.56.54:706][698]LogModuleManager: Shutting down and abandoning module MessageLog (187)
[2017.06.09-20.56.54:706][698]LogModuleManager: Shutting down and abandoning module WorkspaceMenuStructure (186)
[2017.06.09-20.56.54:707][698]LogModuleManager: Shutting down and abandoning module SlateReflector (180)
[2017.06.09-20.56.54:707][698]LogModuleManager: Shutting down and abandoning module Slate (178)
[2017.06.09-20.56.54:707][698]LogModuleManager: Shutting down and abandoning module EditorStyle (176)
[2017.06.09-20.56.54:713][698]LogModuleManager: Shutting down and abandoning module SourceCodeAccess (174)
[2017.06.09-20.56.54:713][698]LogModuleManager: Shutting down and abandoning module HeadMountedDisplay (172)
[2017.06.09-20.56.54:713][698]LogModuleManager: Shutting down and abandoning module XAudio2 (170)
[2017.06.09-20.56.54:713][698]LogModuleManager: Shutting down and abandoning module Networking (168)
[2017.06.09-20.56.54:713][698]LogModuleManager: Shutting down and abandoning module Core (164)
[2017.06.09-20.56.54:713][698]LogModuleManager: Shutting down and abandoning module AssetRegistry (162)
[2017.06.09-20.56.54:909][698]LogDirectoryWatcher: A directory notification for '../../../Engine/Content/' was aborted.
[2017.06.09-20.56.54:910][698]LogDirectoryWatcher: A directory notification for 'D:/TiefeSGJ/TiefeSGJ/Unreal/WIPTitel/Content/' was aborted.
[2017.06.09-20.56.54:910][698]LogDirectoryWatcher: A directory notification for '../../../Engine/Plugins/2D/Paper2D/Content/' was aborted.
[2017.06.09-20.56.54:910][698]LogDirectoryWatcher: A directory notification for '../../../Engine/Plugins/Runtime/GearVR/Content/' was aborted.
[2017.06.09-20.56.54:912][698]LogModuleManager: Shutting down and abandoning module DirectoryWatcher (161)
[2017.06.09-20.56.54:912][698]LogModuleManager: Shutting down and abandoning module KismetCompiler (158)
[2017.06.09-20.56.54:912][698]LogModuleManager: Shutting down and abandoning module LevelSequence (156)
[2017.06.09-20.56.54:912][698]LogModuleManager: Shutting down and abandoning module PhysXFormats (154)
[2017.06.09-20.56.54:912][698]LogModuleManager: Shutting down and abandoning module MeshUtilities (152)
[2017.06.09-20.56.54:912][698]LogModuleManager: Shutting down and abandoning module SimplygonSwarm (151)
[2017.06.09-20.56.54:912][698]LogModuleManager: Shutting down and abandoning module SimplygonMeshReduction (149)
[2017.06.09-20.56.54:912][698]LogModuleManager: Shutting down and abandoning module QuadricMeshReduction (147)
[2017.06.09-20.56.54:912][698]LogModuleManager: Shutting down and abandoning module DerivedDataCache (144)
[2017.06.09-20.56.54:974][698]LogDerivedDataCache: Shutdown
[2017.06.09-20.56.54:974][698]LogModuleManager: Shutting down and abandoning module TargetPlatform (142)
[2017.06.09-20.56.54:974][698]LogModuleManager: Shutting down and abandoning module VulkanShaderFormat (141)
[2017.06.09-20.56.54:974][698]LogModuleManager: Shutting down and abandoning module ShaderFormatVectorVM (139)
[2017.06.09-20.56.54:974][698]LogModuleManager: Shutting down and abandoning module ShaderFormatOpenGL (137)
[2017.06.09-20.56.54:974][698]LogModuleManager: Shutting down and abandoning module ShaderFormatD3D (135)
[2017.06.09-20.56.54:974][698]LogModuleManager: Shutting down and abandoning module MetalShaderFormat (133)
[2017.06.09-20.56.54:974][698]LogModuleManager: Shutting down and abandoning module TextureFormatUncompressed (131)
[2017.06.09-20.56.54:974][698]LogModuleManager: Shutting down and abandoning module TextureFormatPVR (129)
[2017.06.09-20.56.54:974][698]LogModuleManager: Shutting down and abandoning module TextureFormatDXT (127)
[2017.06.09-20.56.54:974][698]LogModuleManager: Shutting down and abandoning module TextureFormatIntelISPCTexComp (125)
[2017.06.09-20.56.54:974][698]LogModuleManager: Shutting down and abandoning module TextureFormatASTC (123)
[2017.06.09-20.56.54:974][698]LogModuleManager: Shutting down and abandoning module ImageWrapper (122)
[2017.06.09-20.56.54:974][698]LogModuleManager: Shutting down and abandoning module TextureFormatAndroid (119)
[2017.06.09-20.56.54:974][698]LogModuleManager: Shutting down and abandoning module AudioFormatOpus (117)
[2017.06.09-20.56.54:974][698]LogModuleManager: Shutting down and abandoning module AudioFormatOgg (115)
[2017.06.09-20.56.54:974][698]LogModuleManager: Shutting down and abandoning module AudioFormatADPCM (113)
[2017.06.09-20.56.54:974][698]LogModuleManager: Shutting down and abandoning module LinuxTargetPlatform (111)
[2017.06.09-20.56.54:974][698]LogModuleManager: Shutting down and abandoning module LinuxServerTargetPlatform (109)
[2017.06.09-20.56.54:974][698]LogModuleManager: Shutting down and abandoning module LinuxNoEditorTargetPlatform (107)
[2017.06.09-20.56.54:974][698]LogModuleManager: Shutting down and abandoning module LinuxClientTargetPlatform (105)
[2017.06.09-20.56.54:974][698]LogModuleManager: Shutting down and abandoning module TVOSTargetPlatform (103)
[2017.06.09-20.56.54:974][698]LogModuleManager: Shutting down and abandoning module Messaging (101)
[2017.06.09-20.56.54:974][698]LogModuleManager: Shutting down and abandoning module IOSTargetPlatform (99)
[2017.06.09-20.56.54:974][698]LogModuleManager: Shutting down and abandoning module HTML5TargetPlatform (97)
[2017.06.09-20.56.54:974][698]LogModuleManager: Shutting down and abandoning module Android_PVRTCTargetPlatform (95)
[2017.06.09-20.56.54:974][698]LogModuleManager: Shutting down and abandoning module Android_MultiTargetPlatform (93)
[2017.06.09-20.56.54:974][698]LogModuleManager: Shutting down and abandoning module Android_ETC2TargetPlatform (91)
[2017.06.09-20.56.54:974][698]LogModuleManager: Shutting down and abandoning module Android_ETC1TargetPlatform (89)
[2017.06.09-20.56.54:974][698]LogModuleManager: Shutting down and abandoning module Android_DXTTargetPlatform (87)
[2017.06.09-20.56.54:974][698]LogModuleManager: Shutting down and abandoning module Android_ATCTargetPlatform (85)
[2017.06.09-20.56.54:974][698]LogModuleManager: Shutting down and abandoning module Android_ASTCTargetPlatform (83)
[2017.06.09-20.56.54:974][698]LogModuleManager: Shutting down and abandoning module AndroidTargetPlatform (81)
[2017.06.09-20.56.54:974][698]LogModuleManager: Shutting down and abandoning module WindowsTargetPlatform (79)
[2017.06.09-20.56.54:974][698]LogModuleManager: Shutting down and abandoning module WindowsServerTargetPlatform (77)
[2017.06.09-20.56.54:974][698]LogModuleManager: Shutting down and abandoning module WindowsNoEditorTargetPlatform (75)
[2017.06.09-20.56.54:974][698]LogModuleManager: Shutting down and abandoning module WindowsClientTargetPlatform (73)
[2017.06.09-20.56.54:974][698]LogModuleManager: Shutting down and abandoning module MacTargetPlatform (71)
[2017.06.09-20.56.54:974][698]LogModuleManager: Shutting down and abandoning module MacServerTargetPlatform (69)
[2017.06.09-20.56.54:974][698]LogModuleManager: Shutting down and abandoning module MacNoEditorTargetPlatform (67)
[2017.06.09-20.56.54:974][698]LogModuleManager: Shutting down and abandoning module MacClientTargetPlatform (65)
[2017.06.09-20.56.54:974][698]LogModuleManager: Shutting down and abandoning module AllDesktopTargetPlatform (63)
[2017.06.09-20.56.54:974][698]LogModuleManager: Shutting down and abandoning module InputCore (60)
[2017.06.09-20.56.54:974][698]LogModuleManager: Shutting down and abandoning module Settings (58)
[2017.06.09-20.56.54:974][698]LogModuleManager: Shutting down and abandoning module OculusRift (56)
[2017.06.09-20.56.54:974][698]LogModuleManager: Shutting down and abandoning module GearVRController (54)
[2017.06.09-20.56.54:974][698]LogModuleManager: Shutting down and abandoning module GearVR (52)
[2017.06.09-20.56.54:974][698]LogModuleManager: Shutting down and abandoning module ExampleDeviceProfileSelector (50)
[2017.06.09-20.56.54:974][698]LogModuleManager: Shutting down and abandoning module OnlineBlueprintSupport (48)
[2017.06.09-20.56.54:974][698]LogModuleManager: Shutting down and abandoning module OnlineSubsystem (44)
[2017.06.09-20.56.54:975][698]LogOnline:Display: Unloading online subsystem: NULL
[2017.06.09-20.56.54:975][698]LogModuleManager: Shutting down and abandoning module XMPP (43)
[2017.06.09-20.56.54:975][698]LogModuleManager: Shutting down and abandoning module HTTP (41)
[2017.06.09-20.56.54:975][698]LogHttp:Display: Http module shutting down, but needs to wait on 1 outstanding Http requests:
[2017.06.09-20.56.54:975][698]LogHttp:Display: 	verb=[POST] url=[https://datarouter.ol.epicgames.com/datarouter/api/v1/public/data?SessionID=%7B422C1167-4AFC-C9AF-3D1C-33A8EF413B82%7D&AppID=UEEditor.Rocket.Release&AppVersion=4.16.1-3466753%2B%2B%2BUE4%2BRelease-4.16&UserID=1a48ba864cdbd6d617ea9b8e5128255b%7Cb7162003403c4cd0b428110ae038c086%7Cfde8cee8-0051-4819-a487-1be27664bf26&AppEnvironment=datacollector-binary&UploadType=eteventstream] status=Processing
[2017.06.09-20.56.55:005][698]LogModuleManager: Shutting down and abandoning module SSL (40)
[2017.06.09-20.56.55:007][698]LogModuleManager: Shutting down and abandoning module HTTPChunkInstaller (36)
[2017.06.09-20.56.55:007][698]LogModuleManager: Shutting down and abandoning module AnimationModifiers (34)
[2017.06.09-20.56.55:007][698]LogModuleManager: Shutting down and abandoning module PropertyEditor (33)
[2017.06.09-20.56.55:007][698]LogModuleManager: Shutting down and abandoning module AudioEditor (30)
[2017.06.09-20.56.55:007][698]LogModuleManager: Shutting down and abandoning module TextureCompressor (28)
[2017.06.09-20.56.55:007][698]LogModuleManager: Shutting down and abandoning module ShaderCore (26)
[2017.06.09-20.56.55:007][698]LogModuleManager: Shutting down and abandoning module Landscape (24)
[2017.06.09-20.56.55:007][698]LogModuleManager: Shutting down and abandoning module SlateRHIRenderer (22)
[2017.06.09-20.56.55:008][698]LogModuleManager: Shutting down and abandoning module OpenGLDrv (20)
[2017.06.09-20.56.55:008][698]LogModuleManager: Shutting down and abandoning module D3D11RHI (18)
[2017.06.09-20.56.55:008][698]LogModuleManager: Shutting down and abandoning module AnimGraphRuntime (16)
[2017.06.09-20.56.55:008][698]LogModuleManager: Shutting down and abandoning module Renderer (14)
[2017.06.09-20.56.55:008][698]LogModuleManager: Shutting down and abandoning module Engine (12)
[2017.06.09-20.56.55:008][698]LogModuleManager: Shutting down and abandoning module CoreUObject (10)
[2017.06.09-20.56.55:009][698]LogModuleManager: Shutting down and abandoning module NetworkFile (8)
[2017.06.09-20.56.55:009][698]LogModuleManager: Shutting down and abandoning module StreamingFile (6)
[2017.06.09-20.56.55:009][698]LogModuleManager: Shutting down and abandoning module SandboxFile (4)
[2017.06.09-20.56.55:009][698]LogModuleManager: Shutting down and abandoning module PakFile (2)
[2017.06.09-20.56.55:009][698]LogExit: Exiting.
[2017.06.09-20.56.55:022][698]Log file closed, 06/09/17 22:56:55
