Log file open, 06/09/17 22:04:20
LogInit:Display: Running engine for game: WIPTitel
LogPlatformFile: Not using cached read wrapper
LogInit:Display: RandInit(-62369391) SRandInit(-62369391).
LogTaskGraph: Started task graph with 5 named threads and 6 total threads with 1 sets of task threads.
LogStats: Stats thread started at 0.388768
LogInit: Using libcurl 7.47.1
LogInit:  - built for x86_64-pc-win32
LogInit:  - supports SSL with OpenSSL/1.0.2g
LogInit:  - supports HTTP deflate (compression) using libz 1.2.8
LogInit:  - other features:
LogInit:      CURL_VERSION_SSL
LogInit:      CURL_VERSION_LIBZ
LogInit:      CURL_VERSION_IPV6
LogInit:      CURL_VERSION_ASYNCHDNS
LogInit:      CURL_VERSION_LARGEFILE
LogInit:      CURL_VERSION_IDN
LogInit:  CurlRequestOptions (configurable via config and command line):
LogInit:  - bVerifyPeer = false  - Libcurl will NOT verify peer certificate
LogInit:  - bUseHttpProxy = false  - Libcurl will NOT use HTTP proxy
LogInit:  - bDontReuseConnections = false  - Libcurl will reuse connections
LogInit:  - CertBundlePath = nullptr  - Libcurl will use whatever was configured at build time.
LogInit: Build: ++UE4+Release-4.16-CL-3466753
LogInit: Engine Version: 4.16.1-3466753+++UE4+Release-4.16
LogInit: Compatible Engine Version: 4.16.0-3452394+++UE4+Release-4.16
LogInit: Net CL: 3452394
LogDevObjectVersion: Number of dev versions registered: 16
LogDevObjectVersion:   Dev-Blueprints (B0D832E4-1F89-4F0D-ACCF-7EB736FD4AA2): 9
LogDevObjectVersion:   Dev-Build (E1C64328-A22C-4D53-A36C-8E866417BD8C): 0
LogDevObjectVersion:   Dev-Core (375EC13C-06E4-48FB-B500-84F0262A717E): 2
LogDevObjectVersion:   Dev-Editor (E4B068ED-F494-42E9-A231-DA0B2E46BB41): 17
LogDevObjectVersion:   Dev-Framework (CFFC743F-43B0-4480-9391-14DF171D2073): 23
LogDevObjectVersion:   Dev-Mobile (B02B49B5-BB20-44E9-A304-32B752E40360): 0
LogDevObjectVersion:   Dev-Networking (A4E4105C-59A1-49B5-A7C5-40C4547EDFEE): 0
LogDevObjectVersion:   Dev-Online (39C831C9-5AE6-47DC-9A44-9C173E1C8E7C): 0
LogDevObjectVersion:   Dev-Physics (78F01B33-EBEA-4F98-B9B4-84EACCB95AA2): 0
LogDevObjectVersion:   Dev-Platform (6631380F-2D4D-43E0-8009-CF276956A95A): 0
LogDevObjectVersion:   Dev-Rendering (12F88B9F-8875-4AFC-A67C-D90C383ABD29): 15
LogDevObjectVersion:   Dev-Sequencer (7B5AE74C-D270-4C10-A958-57980B212A5A): 4
LogDevObjectVersion:   Dev-VR (D7296918-1DD6-4BDD-9DE2-64A83CC13884): 0
LogDevObjectVersion:   Dev-LoadTimes (C2A15278-BFE7-4AFE-6C17-90FF531DF755): 1
LogDevObjectVersion:   Private-Geometry (6EACA3D4-40EC-4CC1-B786-8BED09428FC5): 1
LogDevObjectVersion:   Dev-AnimPhys (29E575DD-E0A3-4627-9D10-D276232CDCEA): 3
LogInit: Compiled (64-bit): May 31 2017 02:03:30
LogInit: Compiled with Visual C++: 19.00.24215.01
LogInit: Build Configuration: Development
LogInit: Branch Name: ++UE4+Release-4.16
LogInit: Command line:  -skipcompile
LogInit: Base directory: C:/Program Files/Epic Games/UE_4.16/Engine/Binaries/Win64/
LogInit: Installed Engine Build: 1
LogInit: Presizing for max 8388607 objects, including 0 objects not considered by GC, pre-allocating 0 bytes for permanent pool.
LogInit: Object subsystem initialized
[2017.06.09-20.04.23:007][  0]LogInit: Selected Device Profile: [Windows]
[2017.06.09-20.04.23:007][  0]LogInit: Applying CVar settings loaded from the selected device profile: [Windows]
[2017.06.09-20.04.23:063][  0]LogInit: Computer: LAPTOP-79UBS0EU
[2017.06.09-20.04.23:073][  0]LogInit: User: martin
[2017.06.09-20.04.23:075][  0]LogInit: CPU Page size=4096, Cores=2
[2017.06.09-20.04.23:075][  0]LogInit: High frequency timer resolution =2.343754 MHz
[2017.06.09-20.04.23:077][  0]LogMemory: Memory total: Physical=7.9GB (8GB approx)
[2017.06.09-20.04.23:077][  0]LogMemory: Platform Memory Stats for Windows
[2017.06.09-20.04.23:080][  0]LogMemory: Process Physical Memory: 272.88 MB used, 272.88 MB peak
[2017.06.09-20.04.23:100][  0]LogMemory: Process Virtual Memory: 258.46 MB used, 258.46 MB peak
[2017.06.09-20.04.23:112][  0]LogMemory: Physical Memory: 6009.05 MB used,  2038.38 MB free, 8047.44 MB total
[2017.06.09-20.04.23:117][  0]LogMemory: Virtual Memory: 634.27 MB used,  2038.38 MB free, 134217728.00 MB total
[2017.06.09-20.04.23:502][  0]LogInit: Using OS detected language (en-GB).
[2017.06.09-20.04.23:502][  0]LogInit: Using OS detected locale (en-GB).
[2017.06.09-20.04.23:508][  0]LogTextLocalizationManager: No specific localization for 'en-GB' exists, so the 'en' localization will be used.
[2017.06.09-20.04.26:000][  0]LogD3D11RHI: D3D11 adapters:
[2017.06.09-20.04.26:028][  0]LogD3D11RHI:    0. 'Intel(R) HD Graphics 520' (Feature Level 11_0)
[2017.06.09-20.04.26:028][  0]LogD3D11RHI:       128/0/4023 MB DedicatedVideo/DedicatedSystem/SharedSystem, Outputs:2, VendorId:0x8086
[2017.06.09-20.04.26:060][  0]LogD3D11RHI:    1. 'Microsoft Basic Render Driver' (Feature Level 11_0)
[2017.06.09-20.04.26:060][  0]LogD3D11RHI:       0/0/4023 MB DedicatedVideo/DedicatedSystem/SharedSystem, Outputs:0, VendorId:0x1414
[2017.06.09-20.04.26:060][  0]LogD3D11RHI: Chosen D3D11 Adapter: 0
[2017.06.09-20.04.26:072][  0]LogD3D11RHI: Creating new Direct3DDevice
[2017.06.09-20.04.26:073][  0]LogD3D11RHI:     GPU DeviceId: 0x1916 (for the marketing name, search the web for "GPU Device Id")
[2017.06.09-20.04.26:075][  0]LogWindows: EnumDisplayDevices:
[2017.06.09-20.04.26:076][  0]LogWindows:    0. 'Intel(R) HD Graphics 520' (P:0 D:1)
[2017.06.09-20.04.26:077][  0]LogWindows:    1. 'Intel(R) HD Graphics 520' (P:1 D:1)
[2017.06.09-20.04.26:077][  0]LogWindows:    2. 'Intel(R) HD Graphics 520' (P:0 D:0)
[2017.06.09-20.04.26:077][  0]LogWindows: DebugString: FoundDriverCount:3 
[2017.06.09-20.04.26:077][  0]LogD3D11RHI:     Adapter Name: Intel(R) HD Graphics 520
[2017.06.09-20.04.26:078][  0]LogD3D11RHI:   Driver Version: 21.20.16.4574 (internal:21.20.16.4574, unified:21.20.16.4574)
[2017.06.09-20.04.26:078][  0]LogD3D11RHI:      Driver Date: 12-23-2016
[2017.06.09-20.04.26:078][  0]LogRHI: Texture pool is 1361 MB (70% of 1945 MB)
[2017.06.09-20.04.26:093][  0]LogD3D11RHI: Async texture creation enabled
[2017.06.09-20.04.26:104][  0]LogD3D11RHI: GPU Timing Frequency: 12.000000 (Debug: 2 0)
[2017.06.09-20.04.26:109][  0]LogShaderCompilers: Guid format shader working directory is 10 characters bigger than the processId version (D:/TiefeSGJ/TiefeSGJ/Unreal/WIPTitel/Intermediate/Shaders/WorkingDirectory/9924/).
[2017.06.09-20.04.26:110][  0]LogShaderCompilers: Cleaned the shader compiler working directory 'C:/Users/marti/AppData/Local/Temp/UnrealShaderWorkingDir/A1D01EFB4EC78B26341BCA8BD42D9B98/'.
[2017.06.09-20.04.26:110][  0]LogShaderCompilers:Display: Using Local Shader Compiler.
[2017.06.09-20.04.28:389][  0]LogTemp:Display: Loaded TP AllDesktopTargetPlatform
[2017.06.09-20.04.28:503][  0]LogTemp:Display: Loaded TP MacClientTargetPlatform
[2017.06.09-20.04.28:618][  0]LogTemp:Display: Loaded TP MacNoEditorTargetPlatform
[2017.06.09-20.04.28:728][  0]LogTemp:Display: Loaded TP MacServerTargetPlatform
[2017.06.09-20.04.28:846][  0]LogTemp:Display: Loaded TP MacTargetPlatform
[2017.06.09-20.04.28:963][  0]LogTemp:Display: Loaded TP WindowsClientTargetPlatform
[2017.06.09-20.04.29:081][  0]LogTemp:Display: Loaded TP WindowsNoEditorTargetPlatform
[2017.06.09-20.04.29:195][  0]LogTemp:Display: Loaded TP WindowsServerTargetPlatform
[2017.06.09-20.04.29:304][  0]LogTemp:Display: Loaded TP WindowsTargetPlatform
[2017.06.09-20.04.29:408][  0]LogTemp:Display: Loaded TP AndroidTargetPlatform
[2017.06.09-20.04.29:528][  0]LogTemp:Display: Loaded TP Android_ASTCTargetPlatform
[2017.06.09-20.04.29:635][  0]LogTemp:Display: Loaded TP Android_ATCTargetPlatform
[2017.06.09-20.04.29:750][  0]LogTemp:Display: Loaded TP Android_DXTTargetPlatform
[2017.06.09-20.04.29:864][  0]LogTemp:Display: Loaded TP Android_ETC1TargetPlatform
[2017.06.09-20.04.29:983][  0]LogTemp:Display: Loaded TP Android_ETC2TargetPlatform
[2017.06.09-20.04.30:202][  0]LogTemp:Display: Loaded TP Android_MultiTargetPlatform
[2017.06.09-20.04.30:202][  0]LogTemp:Display: Loaded TP Android_PVRTCTargetPlatform
[2017.06.09-20.04.30:308][  0]LogTemp:Display: Loaded TP HTML5TargetPlatform
[2017.06.09-20.04.30:543][  0]LogTemp:Display: Loaded TP IOSTargetPlatform
[2017.06.09-20.04.30:610][  0]LogTemp:Display: Loaded TP TVOSTargetPlatform
[2017.06.09-20.04.30:750][  0]LogTemp:Display: Loaded TP LinuxClientTargetPlatform
[2017.06.09-20.04.30:863][  0]LogTemp:Display: Loaded TP LinuxNoEditorTargetPlatform
[2017.06.09-20.04.30:989][  0]LogTemp:Display: Loaded TP LinuxServerTargetPlatform
[2017.06.09-20.04.31:098][  0]LogTemp:Display: Loaded TP LinuxTargetPlatform
[2017.06.09-20.04.31:098][  0]LogTargetPlatformManager:Display: Building Assets For Windows
[2017.06.09-20.04.32:363][  0]LogDerivedDataCache:Display: Max Cache Size: 512 MB
[2017.06.09-20.04.32:568][  0]LogDerivedDataCache: Loaded boot cache 0.20s 90MB C:/Users/marti/AppData/Local/UnrealEngine/4.16/DerivedDataCache/Boot.ddc.
[2017.06.09-20.04.32:568][  0]LogDerivedDataCache:Display: Loaded Boot cache: C:/Users/marti/AppData/Local/UnrealEngine/4.16/DerivedDataCache/Boot.ddc
[2017.06.09-20.04.32:568][  0]LogDerivedDataCache: FDerivedDataBackendGraph:  Pak pak cache file D:/TiefeSGJ/TiefeSGJ/Unreal/WIPTitel/DerivedDataCache/DDC.ddp not found, will not use a pak cache.
[2017.06.09-20.04.32:569][  0]LogDerivedDataCache: Unable to find inner node Pak for hierarchical cache Hierarchy.
[2017.06.09-20.04.32:569][  0]LogDerivedDataCache: FDerivedDataBackendGraph:  CompressedPak pak cache file D:/TiefeSGJ/TiefeSGJ/Unreal/WIPTitel/DerivedDataCache/Compressed.ddp not found, will not use a pak cache.
[2017.06.09-20.04.32:572][  0]LogDerivedDataCache: Unable to find inner node CompressedPak for hierarchical cache Hierarchy.
[2017.06.09-20.04.32:600][  0]LogDerivedDataCache:Display: Pak cache opened for reading ../../../Engine/DerivedDataCache/Compressed.ddp.
[2017.06.09-20.04.32:615][  0]LogDerivedDataCache: Using Local data cache path C:/Users/marti/AppData/Local/UnrealEngine/Common/DerivedDataCache: Writable
[2017.06.09-20.04.32:636][  0]LogMaterial: Verifying Global Shaders for PCD3D_SM5
[2017.06.09-20.04.32:637][  0]LogSlate: Using Freetype 2.6.0
[2017.06.09-20.04.32:638][  0]LogSlate: SlateFontCache - WITH_FREETYPE: 1, WITH_HARFBUZZ: 1
[2017.06.09-20.04.32:638][  0]LogSlate: SlateFontCache - WITH_FREETYPE: 1, WITH_HARFBUZZ: 1
[2017.06.09-20.04.33:300][  0]LogInit: Selected Device Profile: [Windows]
[2017.06.09-20.04.33:459][  0]LogContentStreaming: Texture pool size is 0.00 MB
[2017.06.09-20.04.33:854][  0]LogMeshUtilities: Using QuadricMeshReduction for automatic static mesh reduction
[2017.06.09-20.04.33:966][  0]LogSimplygon: Simplygon DLL not present - disabling.
[2017.06.09-20.04.34:106][  0]LogMeshUtilities: Using SimplygonSwarm for distributed automatic mesh merging
[2017.06.09-20.04.34:106][  0]LogMeshUtilities: No automatic skeletal mesh reduction module available
[2017.06.09-20.04.34:106][  0]LogMeshUtilities: No automatic mesh merging module available
[2017.06.09-20.04.35:228][  0]LogNetVersion: WIPTitel , NetCL: 3452394, EngineNetVer: 2, GameNetVer: 0 (Checksum: 1095725465)
[2017.06.09-20.04.35:350][  0]LogAssetRegistry: FAssetRegistry took 0.0365 seconds to start up
[2017.06.09-20.04.35:451][  0]LogPackageLocalizationCache: Processed 4 localized package path(s) for 2 prioritized culture(s) in 0.054438 seconds
[2017.06.09-20.04.35:464][  0]LogUObjectArray: 34194 objects as part of root set at end of initial load.
[2017.06.09-20.04.35:464][  0]LogUObjectAllocator: 7260416 out of 0 bytes used by permanent object pool.
[2017.06.09-20.04.35:466][  0]LogUObjectArray: CloseDisregardForGC: 0/0 objects in disregard for GC pool
[2017.06.09-20.04.35:612][  0]LogInit: WinSock: version 1.1 (2.2), MaxSocks=32767, MaxUdp=65467
[2017.06.09-20.04.40:518][  0]LogTcpMessaging: Initializing TcpMessaging bridge
[2017.06.09-20.04.40:593][  0]LogUdpMessaging: Initializing bridge on interface 0.0.0.0:0 to multicast group 230.0.0.1:6666.
[2017.06.09-20.04.42:946][  0]LogMaterial: Uniform references updated for custom material expression Custom.
[2017.06.09-20.04.44:072][  0]SourceControl: Info Source control is disabled
[2017.06.09-20.04.44:131][  0]SourceControl: Info Source control is disabled
[2017.06.09-20.04.44:247][  0]SourceControl: Info Source control is disabled
[2017.06.09-20.04.44:370][  0]SourceControl: Info Source control is disabled
[2017.06.09-20.04.46:675][  0]LogAndroidPermission: UAndroidPermissionCallbackProxy::GetInstance
[2017.06.09-20.04.48:287][  0]LogEngine: Initializing Engine...
[2017.06.09-20.04.48:288][  0]LogHMD: Failed to initialize OpenVR with code 110
[2017.06.09-20.04.48:892][  0]LogStats: UGameplayTagsManager::ConstructGameplayTagTree: Construct from data asset -  0.000 s
[2017.06.09-20.04.48:893][  0]LogStats: UGameplayTagsManager::ConstructGameplayTagTree: GameplayTagTreeChangedEvent.Broadcast -  0.000 s
[2017.06.09-20.04.49:276][  0]LogAIModule: Creating AISystem for world Untitled
[2017.06.09-20.04.49:315][  0]LogInit: XAudio2 using 'Speakers (Realtek High Definition Audio)' : 2 channels at 48 kHz using 32 bits per sample (channel mask 0x3)
[2017.06.09-20.04.49:376][  0]LogInit: FAudioDevice initialized.
[2017.06.09-20.04.49:478][  0]LogDerivedDataCache: Saved boot cache 0.10s 90MB C:/Users/marti/AppData/Local/UnrealEngine/4.16/DerivedDataCache/Boot.ddc.
[2017.06.09-20.04.49:513][  0]LogInit: Texture streaming: Enabled
[2017.06.09-20.04.49:891][  0]LogEngineSessionManager: EngineSessionManager initialized
[2017.06.09-20.04.50:597][  0]LogInit: Transaction tracking system initialized
[2017.06.09-20.04.51:555][  0]BlueprintLog: New page: Editor Load
[2017.06.09-20.04.54:446][  0]LocalizationService: Info Localization service is disabled
[2017.06.09-20.04.56:315][  0]LogConsoleResponse:Display: 
[2017.06.09-20.04.56:738][  0]LogCook:Display: Max memory allowance for cook 16384mb min free memory 0mb
[2017.06.09-20.04.56:738][  0]LogCook:Display: Mobile HDR setting 1
[2017.06.09-20.04.57:259][  0]LogFileCache: Scanning file cache for directory 'D:/TiefeSGJ/TiefeSGJ/Unreal/WIPTitel/Content/' took 0.03s
[2017.06.09-20.05.00:457][  0]SourceControl: Info Source control is disabled
[2017.06.09-20.05.00:458][  0]Cmd: MAP LOAD FILE="../../../Engine/Content/Maps/Templates/Template_Default.umap" TEMPLATE=1 SHOWPROGRESS=1 FEATURELEVEL=3
[2017.06.09-20.05.00:460][  0]LightingResults: New page: Lighting Build
[2017.06.09-20.05.00:605][  0]MapCheck: New page: Map Check
[2017.06.09-20.05.00:608][  0]LightingResults: New page: Lighting Build
[2017.06.09-20.05.01:544][  0]LogAIModule: Creating AISystem for world Untitled_1
[2017.06.09-20.05.01:614][  0]LogActorComponent: RegisterComponentWithWorld: (/Temp/Untitled_1.Untitled_1:PersistentLevel.WorldSettings_1.StaticMeshComponent0) Trying to register component with IsPendingKill() == true. Aborting.
[2017.06.09-20.05.01:702][  0]LogEditorServer: Finished looking for orphan Actors (0.000 secs)
[2017.06.09-20.05.02:068][  0]Cmd: MAP CHECKDEP NOCLEARLOG
[2017.06.09-20.05.02:225][  0]MapCheck: Info Map check complete: 0 Error(s), 0 Warning(s), took 150.206ms to complete.
[2017.06.09-20.05.02:225][  0]LogFileHelpers: Loading map 'Template_Default' took 1.767
[2017.06.09-20.05.02:613][  0]LogCollectionManager: Loaded 0 collections in 0.003234 seconds
[2017.06.09-20.05.02:789][  0]LogFileCache: Scanning file cache for directory 'D:/TiefeSGJ/TiefeSGJ/Unreal/WIPTitel/Saved/Collections/' took 0.01s
[2017.06.09-20.05.02:790][  0]LogFileCache: Scanning file cache for directory 'D:/TiefeSGJ/TiefeSGJ/Unreal/WIPTitel/Content/Developers/martin/Collections/' took 0.02s
[2017.06.09-20.05.02:790][  0]LogFileCache: Scanning file cache for directory 'D:/TiefeSGJ/TiefeSGJ/Unreal/WIPTitel/Content/Collections/' took 0.01s
[2017.06.09-20.05.02:790][  0]LogCollectionManager: Rebuilt the GUID cache for 0 collections in 0.000002 seconds
[2017.06.09-20.05.02:810][  0]LogContentBrowser: Native class hierarchy populated in 0.0201 seconds. Added 2330 classes and 493 folders.
[2017.06.09-20.05.02:988][  0]LogContentBrowser: Native class hierarchy updated for 'WidgetCarousel' in 0.0067 seconds. Added 0 classes and 0 folders.
[2017.06.09-20.05.03:089][  0]LogContentBrowser: Native class hierarchy updated for 'AddContentDialog' in 0.0033 seconds. Added 0 classes and 0 folders.
[2017.06.09-20.05.03:210][  0]LogContentBrowser: Native class hierarchy updated for 'SceneOutliner' in 0.0021 seconds. Added 1 classes and 2 folders.
[2017.06.09-20.05.03:324][  0]LogCrashTracker: Crashtracker disabled due to settings.
[2017.06.09-20.05.03:331][  0]LogSlate: Took 0.000248 seconds to synchronously load lazily loaded font '../../../Engine/Content/Slate/Fonts/Roboto-Regular.ttf' (155K)
[2017.06.09-20.05.03:340][  0]LogSlate: Took 0.000262 seconds to synchronously load lazily loaded font '../../../Engine/Content/Slate/Fonts/Roboto-Bold.ttf' (160K)
[2017.06.09-20.05.03:352][  0]LogSlate: Took 0.000684 seconds to synchronously load lazily loaded font '../../../Engine/Content/Editor/Slate/Fonts/FontAwesome.ttf' (139K)
[2017.06.09-20.05.03:587][  0]LogRenderer: Reallocating scene render targets to support 1208x576 NumSamples 1 (Frame:1).
[2017.06.09-20.05.05:480][  0]LogContentBrowser: Native class hierarchy updated for 'HierarchicalLODOutliner' in 0.0018 seconds. Added 1 classes and 2 folders.
[2017.06.09-20.05.05:481][  0]LogLoad: (Engine Initialization) Total time: 50.25 seconds
[2017.06.09-20.05.05:481][  0]LogLoad: (Engine Initialization) Total Blueprint compile time: 0.35 seconds
[2017.06.09-20.05.05:481][  0]LogExternalProfiler: Found external profiler: VSPerf
[2017.06.09-20.05.05:481][  0]LogExternalProfiler: Using external profiler: VSPerf
[2017.06.09-20.05.05:505][  0]LogOcInput: OculusInput pre-init called
[2017.06.09-20.05.05:506][  0]LogHMD: Starting GearVRController plugin
[2017.06.09-20.05.05:525][  0]LogContentStreaming: Texture pool size now 1000 MB
[2017.06.09-20.05.05:797][  2]LogAssetRegistry: Asset discovery search completed in 30.4741 seconds
[2017.06.09-20.05.05:811][  2]LogCollectionManager: Rebuilt the object cache for 0 collections in 0.000002 seconds (found 0 objects)
[2017.06.09-20.05.05:816][  2]LogCollectionManager: Fixed up redirectors for 0 collections in 0.004647 seconds (updated 0 objects)
[2017.06.09-20.05.10:630][ 82]LogWindowsTextInputMethodSystem:Display: IME system now deactivated.
[2017.06.09-20.05.11:082][ 83]Cmd: QUIT_EDITOR
[2017.06.09-20.05.11:666][ 83]LogExit: Preparing to exit.
[2017.06.09-20.05.13:188][ 83]LogExit: Editor shut down
[2017.06.09-20.05.13:195][ 83]LogExit: Transaction tracking system shut down
[2017.06.09-20.05.13:396][ 83]LogObj: Freed 0b from 0 cluster array pools.
[2017.06.09-20.05.13:406][ 83]LogExit: Object subsystem successfully closed.
[2017.06.09-20.05.13:541][ 83]LogD3D11RHI: Shutdown
[2017.06.09-20.05.13:543][ 83]LogD3D11RHI: CleanupD3DDevice
[2017.06.09-20.05.13:806][ 83]LogD3D11RHI: ~FD3D11DynamicRHI
[2017.06.09-20.05.13:844][ 83]LogModuleManager: Shutting down and abandoning module HierarchicalLODOutliner (526)
[2017.06.09-20.05.13:845][ 83]LogModuleManager: Shutting down and abandoning module CrashTracker (524)
[2017.06.09-20.05.13:845][ 83]LogModuleManager: Shutting down and abandoning module SceneOutliner (522)
[2017.06.09-20.05.13:846][ 83]LogModuleManager: Shutting down and abandoning module AddContentDialog (520)
[2017.06.09-20.05.13:848][ 83]LogDirectoryWatcher: A directory notification for 'C:/Program Files/Epic Games/UE_4.16/FeaturePacks/' was aborted.
[2017.06.09-20.05.13:852][ 83]LogModuleManager: Shutting down and abandoning module WidgetCarousel (519)
[2017.06.09-20.05.13:853][ 83]LogModuleManager: Shutting down and abandoning module EditorWidgets (516)
[2017.06.09-20.05.13:855][ 83]LogModuleManager: Shutting down and abandoning module CollectionManager (514)
[2017.06.09-20.05.13:855][ 83]LogDirectoryWatcher: A directory notification for 'D:/TiefeSGJ/TiefeSGJ/Unreal/WIPTitel/Content/Collections/' was aborted.
[2017.06.09-20.05.13:856][ 83]LogDirectoryWatcher: A directory notification for 'D:/TiefeSGJ/TiefeSGJ/Unreal/WIPTitel/Content/Developers/martin/Collections/' was aborted.
[2017.06.09-20.05.13:857][ 83]LogDirectoryWatcher: A directory notification for 'D:/TiefeSGJ/TiefeSGJ/Unreal/WIPTitel/Saved/Collections/' was aborted.
[2017.06.09-20.05.13:858][ 83]LogModuleManager: Shutting down and abandoning module StatsViewer (512)
[2017.06.09-20.05.13:858][ 83]LogModuleManager: Shutting down and abandoning module FoliageEdit (510)
[2017.06.09-20.05.13:858][ 83]LogModuleManager: Shutting down and abandoning module LandscapeEditor (508)
[2017.06.09-20.05.13:860][ 83]LogModuleManager: Shutting down and abandoning module MeshPaintMode (506)
[2017.06.09-20.05.13:869][ 83]LogModuleManager: Shutting down and abandoning module SceneDepthPickerMode (504)
[2017.06.09-20.05.13:874][ 83]LogModuleManager: Shutting down and abandoning module ActorPickerMode (502)
[2017.06.09-20.05.13:875][ 83]LogModuleManager: Shutting down and abandoning module GeometryMode (500)
[2017.06.09-20.05.13:876][ 83]LogModuleManager: Shutting down and abandoning module TextureAlignMode (498)
[2017.06.09-20.05.13:876][ 83]LogModuleManager: Shutting down and abandoning module BspMode (496)
[2017.06.09-20.05.13:876][ 83]LogModuleManager: Shutting down and abandoning module HardwareSurvey (494)
[2017.06.09-20.05.13:877][ 83]LogModuleManager: Shutting down and abandoning module SequenceRecorderSections (492)
[2017.06.09-20.05.13:877][ 83]LogModuleManager: Shutting down and abandoning module AutomationWorker (490)
[2017.06.09-20.05.13:877][ 83]LogModuleManager: Shutting down and abandoning module MatineeToLevelSequence (488)
[2017.06.09-20.05.13:878][ 83]LogModuleManager: Shutting down and abandoning module LevelSequenceEditor (486)
[2017.06.09-20.05.13:878][ 83]LogModuleManager: Shutting down and abandoning module PlacementMode (485)
[2017.06.09-20.05.13:879][ 83]LogModuleManager: Shutting down and abandoning module WmfMediaFactory (482)
[2017.06.09-20.05.13:879][ 83]LogModuleManager: Shutting down and abandoning module WmfMediaEditor (480)
[2017.06.09-20.05.13:879][ 83]LogModuleManager: Shutting down and abandoning module AvfMediaFactory (478)
[2017.06.09-20.05.13:881][ 83]LogModuleManager: Shutting down and abandoning module AvfMediaEditor (476)
[2017.06.09-20.05.13:885][ 83]LogModuleManager: Shutting down and abandoning module AndroidMediaFactory (474)
[2017.06.09-20.05.13:885][ 83]LogModuleManager: Shutting down and abandoning module Media (473)
[2017.06.09-20.05.13:886][ 83]LogModuleManager: Shutting down and abandoning module AndroidMediaEditor (470)
[2017.06.09-20.05.13:886][ 83]LogModuleManager: Shutting down and abandoning module CharacterAI (468)
[2017.06.09-20.05.13:886][ 83]LogModuleManager: Shutting down and abandoning module AudioCapture (466)
[2017.06.09-20.05.13:886][ 83]LogModuleManager: Shutting down and abandoning module SequenceRecorder (465)
[2017.06.09-20.05.13:886][ 83]LogModuleManager: Shutting down and abandoning module SmartSnapping (462)
[2017.06.09-20.05.13:887][ 83]LogModuleManager: Shutting down and abandoning module SessionServices (460)
[2017.06.09-20.05.13:888][ 83]LogModuleManager: Shutting down and abandoning module ViewportSnapping (458)
[2017.06.09-20.05.13:888][ 83]LogModuleManager: Shutting down and abandoning module ViewportInteraction (456)
[2017.06.09-20.05.13:888][ 83]LogModuleManager: Shutting down and abandoning module ClothPainter (454)
[2017.06.09-20.05.13:888][ 83]LogModuleManager: Shutting down and abandoning module LogVisualizer (452)
[2017.06.09-20.05.13:889][ 83]LogModuleManager: Shutting down and abandoning module IntroTutorials (450)
[2017.06.09-20.05.13:889][ 83]LogModuleManager: Shutting down and abandoning module GameProjectGeneration (449)
[2017.06.09-20.05.13:889][ 83]LogModuleManager: Shutting down and abandoning module EditorLiveStreaming (446)
[2017.06.09-20.05.13:890][ 83]LogModuleManager: Shutting down and abandoning module IOSPlatformEditor (444)
[2017.06.09-20.05.13:890][ 83]LogModuleManager: Shutting down and abandoning module HTML5PlatformEditor (442)
[2017.06.09-20.05.13:890][ 83]LogModuleManager: Shutting down and abandoning module AndroidPlatformEditor (440)
[2017.06.09-20.05.13:891][ 83]LogModuleManager: Shutting down and abandoning module AndroidDeviceDetection (439)
[2017.06.09-20.05.14:559][ 83]LogModuleManager: Shutting down and abandoning module IOSRuntimeSettings (436)
[2017.06.09-20.05.14:559][ 83]LogModuleManager: Shutting down and abandoning module AndroidRuntimeSettings (434)
[2017.06.09-20.05.14:560][ 83]LogModuleManager: Shutting down and abandoning module InputBindingEditor (432)
[2017.06.09-20.05.14:560][ 83]LogModuleManager: Shutting down and abandoning module MergeActors (430)
[2017.06.09-20.05.14:563][ 83]LogModuleManager: Shutting down and abandoning module SizeMap (428)
[2017.06.09-20.05.14:571][ 83]LogModuleManager: Shutting down and abandoning module TreeMap (426)
[2017.06.09-20.05.14:575][ 83]LogModuleManager: Shutting down and abandoning module ReferenceViewer (424)
[2017.06.09-20.05.14:593][ 83]LogModuleManager: Shutting down and abandoning module LocalizationDashboard (422)
[2017.06.09-20.05.14:595][ 83]LogModuleManager: Shutting down and abandoning module LocalizationService (421)
[2017.06.09-20.05.14:596][ 83]LogModuleManager: Shutting down and abandoning module HardwareTargeting (418)
[2017.06.09-20.05.14:596][ 83]LogModuleManager: Shutting down and abandoning module DeviceProfileEditor (416)
[2017.06.09-20.05.14:606][ 83]LogModuleManager: Shutting down and abandoning module UndoHistory (414)
[2017.06.09-20.05.14:607][ 83]LogModuleManager: Shutting down and abandoning module UserFeedback (412)
[2017.06.09-20.05.14:608][ 83]LogModuleManager: Shutting down and abandoning module XmlParser (410)
[2017.06.09-20.05.14:608][ 83]LogModuleManager: Shutting down and abandoning module Blutility (408)
[2017.06.09-20.05.14:608][ 83]LogModuleManager: Shutting down and abandoning module ProjectSettingsViewer (406)
[2017.06.09-20.05.14:609][ 83]LogModuleManager: Shutting down and abandoning module ProjectTargetPlatformEditor (405)
[2017.06.09-20.05.14:609][ 83]LogModuleManager: Shutting down and abandoning module EditorSettingsViewer (402)
[2017.06.09-20.05.14:610][ 83]LogModuleManager: Shutting down and abandoning module SettingsEditor (400)
[2017.06.09-20.05.14:610][ 83]LogModuleManager: Shutting down and abandoning module ProjectLauncher (398)
[2017.06.09-20.05.14:611][ 83]LogModuleManager: Shutting down and abandoning module SessionFrontend (396)
[2017.06.09-20.05.14:611][ 83]LogModuleManager: Shutting down and abandoning module ProfilerClient (394)
[2017.06.09-20.05.14:612][ 83]LogModuleManager: Shutting down and abandoning module DeviceManager (392)
[2017.06.09-20.05.14:613][ 83]LogModuleManager: Shutting down and abandoning module TargetDeviceServices (391)
[2017.06.09-20.05.14:684][ 83]LogModuleManager: Shutting down and abandoning module AutomationController (388)
[2017.06.09-20.05.14:686][ 83]LogModuleManager: Shutting down and abandoning module AutomationWindow (386)
[2017.06.09-20.05.14:686][ 83]LogModuleManager: Shutting down and abandoning module Layers (384)
[2017.06.09-20.05.14:687][ 83]LogModuleManager: Shutting down and abandoning module ComponentVisualizers (382)
[2017.06.09-20.05.14:687][ 83]LogModuleManager: Shutting down and abandoning module DetailCustomizations (380)
[2017.06.09-20.05.14:687][ 83]LogModuleManager: Shutting down and abandoning module PackagesDialog (378)
[2017.06.09-20.05.14:688][ 83]LogModuleManager: Shutting down and abandoning module Persona (376)
[2017.06.09-20.05.14:689][ 83]LogModuleManager: Shutting down and abandoning module AdvancedPreviewScene (375)
[2017.06.09-20.05.14:689][ 83]LogModuleManager: Shutting down and abandoning module AnimGraph (373)
[2017.06.09-20.05.14:689][ 83]LogModuleManager: Shutting down and abandoning module Kismet (370)
[2017.06.09-20.05.14:693][ 83]LogModuleManager: Shutting down and abandoning module ClassViewer (368)
[2017.06.09-20.05.14:695][ 83]LogModuleManager: Shutting down and abandoning module Toolbox (366)
[2017.06.09-20.05.14:696][ 83]LogModuleManager: Shutting down and abandoning module ModuleUI (364)
[2017.06.09-20.05.14:709][ 83]LogModuleManager: Shutting down and abandoning module MovieSceneTools (362)
[2017.06.09-20.05.14:709][ 83]LogModuleManager: Shutting down and abandoning module OutputLog (360)
[2017.06.09-20.05.14:709][ 83]LogModuleManager: Shutting down and abandoning module GammaUI (358)
[2017.06.09-20.05.14:709][ 83]LogModuleManager: Shutting down and abandoning module Documentation (356)
[2017.06.09-20.05.14:712][ 83]LogModuleManager: Shutting down and abandoning module MovieSceneTracks (354)
[2017.06.09-20.05.14:712][ 83]LogModuleManager: Shutting down and abandoning module MovieScene (352)
[2017.06.09-20.05.14:712][ 83]LogModuleManager: Shutting down and abandoning module Niagara (350)
[2017.06.09-20.05.14:712][ 83]LogModuleManager: Shutting down and abandoning module NiagaraEditor (349)
[2017.06.09-20.05.14:714][ 83]LogModuleManager: Shutting down and abandoning module StreamingPauseRendering (346)
[2017.06.09-20.05.14:716][ 83]LogModuleManager: Shutting down and abandoning module AnalyticsET (344)
[2017.06.09-20.05.14:718][ 83]LogModuleManager: Shutting down and abandoning module PortalServices (342)
[2017.06.09-20.05.14:719][ 83]LogModuleManager: Shutting down and abandoning module PortalRpc (340)
[2017.06.09-20.05.14:720][ 83]LogModuleManager: Shutting down and abandoning module MessagingRpc (338)
[2017.06.09-20.05.14:720][ 83]LogModuleManager: Shutting down and abandoning module AIModule (336)
[2017.06.09-20.05.14:721][ 83]LogModuleManager: Shutting down and abandoning module GameplayDebugger (335)
[2017.06.09-20.05.14:721][ 83]LogModuleManager: Shutting down and abandoning module AITestSuite (333)
[2017.06.09-20.05.14:723][ 83]LogModuleManager: Shutting down and abandoning module ProfilerService (330)
[2017.06.09-20.05.14:958][ 83]LogModuleManager: Shutting down and abandoning module TaskGraph (328)
[2017.06.09-20.05.14:959][ 83]LogModuleManager: Shutting down and abandoning module SteamVRController (326)
[2017.06.09-20.05.14:960][ 83]LogModuleManager: Shutting down and abandoning module SteamVR (324)
[2017.06.09-20.05.14:963][ 83]LogModuleManager: Shutting down and abandoning module ProceduralMeshComponentEditor (322)
[2017.06.09-20.05.14:963][ 83]LogModuleManager: Shutting down and abandoning module ProceduralMeshComponent (320)
[2017.06.09-20.05.14:963][ 83]LogModuleManager: Shutting down and abandoning module OculusLibrary (318)
[2017.06.09-20.05.14:969][ 83]LogModuleManager: Shutting down and abandoning module OculusInput (316)
[2017.06.09-20.05.14:970][ 83]LogModuleManager: Shutting down and abandoning module MobilePatchingUtils (314)
[2017.06.09-20.05.14:972][ 83]LogModuleManager: Shutting down and abandoning module CustomMeshComponent (312)
[2017.06.09-20.05.14:972][ 83]LogModuleManager: Shutting down and abandoning module CableComponent (310)
[2017.06.09-20.05.14:972][ 83]LogModuleManager: Shutting down and abandoning module ArchVisCharacter (308)
[2017.06.09-20.05.14:972][ 83]LogModuleManager: Shutting down and abandoning module AndroidPermission (306)
[2017.06.09-20.05.14:973][ 83]LogModuleManager: Shutting down and abandoning module MediaPlayerEditor (302)
[2017.06.09-20.05.14:973][ 83]LogModuleManager: Shutting down and abandoning module HTML5Networking (300)
[2017.06.09-20.05.14:974][ 83]LogModuleManager: Shutting down and abandoning module AlembicImporter (298)
[2017.06.09-20.05.14:974][ 83]LogModuleManager: Shutting down and abandoning module AlembicLibrary (297)
[2017.06.09-20.05.14:975][ 83]LogModuleManager: Shutting down and abandoning module GeometryCache (296)
[2017.06.09-20.05.14:975][ 83]LogModuleManager: Shutting down and abandoning module GeometryCacheEd (295)
[2017.06.09-20.05.14:975][ 83]LogModuleManager: Shutting down and abandoning module SuperSearchEditor (290)
[2017.06.09-20.05.14:975][ 83]LogModuleManager: Shutting down and abandoning module SuperSearch (289)
[2017.06.09-20.05.14:976][ 83]LogModuleManager: Shutting down and abandoning module SpeedTreeImporter (286)
[2017.06.09-20.05.14:976][ 83]LogModuleManager: Shutting down and abandoning module PluginBrowser (284)
[2017.06.09-20.05.14:977][ 83]LogModuleManager: Shutting down and abandoning module MobileLauncherProfileWizard (282)
[2017.06.09-20.05.14:978][ 83]LogModuleManager: Shutting down and abandoning module VisualStudioSourceCodeAccess (280)
[2017.06.09-20.05.14:978][ 83]LogModuleManager: Shutting down and abandoning module DesktopPlatform (279)
[2017.06.09-20.05.14:978][ 83]LogModuleManager: Shutting down and abandoning module UObjectPlugin (276)
[2017.06.09-20.05.14:979][ 83]LogModuleManager: Shutting down and abandoning module SubversionSourceControl (274)
[2017.06.09-20.05.15:044][ 83]LogModuleManager: Shutting down and abandoning module PerforceSourceControl (272)
[2017.06.09-20.05.15:044][ 83]LogModuleManager: Shutting down and abandoning module GitSourceControl (270)
[2017.06.09-20.05.15:044][ 83]LogModuleManager: Shutting down and abandoning module SourceControl (269)
[2017.06.09-20.05.15:045][ 83]LogModuleManager: Shutting down and abandoning module LightPropagationVolumeEditor (266)
[2017.06.09-20.05.15:045][ 83]LogModuleManager: Shutting down and abandoning module PaperTiledImporter (264)
[2017.06.09-20.05.15:045][ 83]LogModuleManager: Shutting down and abandoning module PaperSpriteSheetImporter (262)
[2017.06.09-20.05.15:046][ 83]LogModuleManager: Shutting down and abandoning module Paper2DEditor (260)
[2017.06.09-20.05.15:046][ 83]LogModuleManager: Shutting down and abandoning module MeshPaint (259)
[2017.06.09-20.05.15:051][ 83]LogModuleManager: Shutting down and abandoning module LevelEditor (257)
[2017.06.09-20.05.15:053][ 83]LogModuleManager: Shutting down and abandoning module PixelInspectorModule (256)
[2017.06.09-20.05.15:054][ 83]LogModuleManager: Shutting down and abandoning module MainFrame (254)
[2017.06.09-20.05.15:054][ 83]LogModuleManager: Shutting down and abandoning module HotReload (253)
[2017.06.09-20.05.15:055][ 83]LogDirectoryWatcher: A directory notification for 'D:/TiefeSGJ/TiefeSGJ/Unreal/WIPTitel/Binaries/Win64' was aborted.
[2017.06.09-20.05.15:056][ 83]LogModuleManager: Shutting down and abandoning module WIPTitel (248)
[2017.06.09-20.05.15:056][ 83]LogModuleManager: Shutting down and abandoning module PhysXVehiclesEditor (246)
[2017.06.09-20.05.15:056][ 83]LogModuleManager: Shutting down and abandoning module PhysXVehicles (244)
[2017.06.09-20.05.15:056][ 83]LogModuleManager: Shutting down and abandoning module LocationServicesBPLibrary (242)
[2017.06.09-20.05.15:057][ 83]LogModuleManager: Shutting down and abandoning module ImmediatePhysicsEditor (240)
[2017.06.09-20.05.15:058][ 83]LogModuleManager: Shutting down and abandoning module ImmediatePhysics (238)
[2017.06.09-20.05.15:058][ 83]LogModuleManager: Shutting down and abandoning module UdpMessaging (236)
[2017.06.09-20.05.15:159][ 83]LogModuleManager: Shutting down and abandoning module TcpMessaging (234)
[2017.06.09-20.05.15:259][ 83]LogModuleManager: Shutting down and abandoning module GameplayTagsEditor (232)
[2017.06.09-20.05.15:260][ 83]LogModuleManager: Shutting down and abandoning module FacialAnimationEditor (230)
[2017.06.09-20.05.15:262][ 83]LogModuleManager: Shutting down and abandoning module FacialAnimation (228)
[2017.06.09-20.05.15:263][ 83]LogModuleManager: Shutting down and abandoning module AssetManagerEditor (226)
[2017.06.09-20.05.15:263][ 83]LogModuleManager: Shutting down and abandoning module GraphEditor (225)
[2017.06.09-20.05.15:270][ 83]LogModuleManager: Shutting down and abandoning module ContentBrowser (223)
[2017.06.09-20.05.15:273][ 83]LogModuleManager: Shutting down and abandoning module LightPropagationVolumeRuntime (220)
[2017.06.09-20.05.15:273][ 83]LogModuleManager: Shutting down and abandoning module Paper2D (218)
[2017.06.09-20.05.15:273][ 83]LogModuleManager: Shutting down and abandoning module WindowsMoviePlayer (216)
[2017.06.09-20.05.15:273][ 83]LogModuleManager: Shutting down and abandoning module WmfMedia (214)
[2017.06.09-20.05.15:275][ 83]LogModuleManager: Shutting down and abandoning module ClothingSystemEditor (212)
[2017.06.09-20.05.15:275][ 83]LogModuleManager: Shutting down and abandoning module ClothingSystemRuntime (210)
[2017.06.09-20.05.15:275][ 83]LogModuleManager: Shutting down and abandoning module MediaAssets (208)
[2017.06.09-20.05.15:275][ 83]LogModuleManager: Shutting down and abandoning module GameLiveStreaming (206)
[2017.06.09-20.05.15:276][ 83]LogModuleManager: Shutting down and abandoning module VREditor (204)
[2017.06.09-20.05.15:276][ 83]LogModuleManager: Shutting down and abandoning module StringTableEditor (202)
[2017.06.09-20.05.15:277][ 83]LogModuleManager: Shutting down and abandoning module GameplayTasksEditor (200)
[2017.06.09-20.05.15:278][ 83]LogModuleManager: Shutting down and abandoning module BehaviorTreeEditor (198)
[2017.06.09-20.05.15:278][ 83]LogModuleManager: Shutting down and abandoning module FunctionalTesting (196)
[2017.06.09-20.05.15:278][ 83]LogModuleManager: Shutting down and abandoning module CollisionAnalyzer (194)
[2017.06.09-20.05.15:279][ 83]LogModuleManager: Shutting down and abandoning module UMG (192)
[2017.06.09-20.05.15:279][ 83]LogModuleManager: Shutting down and abandoning module UMGEditor (191)
[2017.06.09-20.05.15:280][ 83]LogModuleManager: Shutting down and abandoning module Sequencer (190)
[2017.06.09-20.05.15:287][ 83]LogModuleManager: Shutting down and abandoning module AssetTools (188)
[2017.06.09-20.05.15:288][ 83]LogModuleManager: Shutting down and abandoning module MessageLog (187)
[2017.06.09-20.05.15:290][ 83]LogModuleManager: Shutting down and abandoning module WorkspaceMenuStructure (186)
[2017.06.09-20.05.15:291][ 83]LogModuleManager: Shutting down and abandoning module SlateReflector (180)
[2017.06.09-20.05.15:292][ 83]LogModuleManager: Shutting down and abandoning module Slate (178)
[2017.06.09-20.05.15:294][ 83]LogModuleManager: Shutting down and abandoning module EditorStyle (176)
[2017.06.09-20.05.15:304][ 83]LogModuleManager: Shutting down and abandoning module SourceCodeAccess (174)
[2017.06.09-20.05.15:304][ 83]LogModuleManager: Shutting down and abandoning module HeadMountedDisplay (172)
[2017.06.09-20.05.15:304][ 83]LogModuleManager: Shutting down and abandoning module XAudio2 (170)
[2017.06.09-20.05.15:305][ 83]LogModuleManager: Shutting down and abandoning module Networking (168)
[2017.06.09-20.05.15:305][ 83]LogModuleManager: Shutting down and abandoning module Core (164)
[2017.06.09-20.05.15:306][ 83]LogModuleManager: Shutting down and abandoning module AssetRegistry (162)
[2017.06.09-20.05.15:534][ 83]LogDirectoryWatcher: A directory notification for '../../../Engine/Content/' was aborted.
[2017.06.09-20.05.15:534][ 83]LogDirectoryWatcher: A directory notification for 'D:/TiefeSGJ/TiefeSGJ/Unreal/WIPTitel/Content/' was aborted.
[2017.06.09-20.05.15:534][ 83]LogDirectoryWatcher: A directory notification for '../../../Engine/Plugins/2D/Paper2D/Content/' was aborted.
[2017.06.09-20.05.15:535][ 83]LogDirectoryWatcher: A directory notification for '../../../Engine/Plugins/Runtime/GearVR/Content/' was aborted.
[2017.06.09-20.05.15:539][ 83]LogModuleManager: Shutting down and abandoning module DirectoryWatcher (161)
[2017.06.09-20.05.15:540][ 83]LogModuleManager: Shutting down and abandoning module KismetCompiler (158)
[2017.06.09-20.05.15:540][ 83]LogModuleManager: Shutting down and abandoning module LevelSequence (156)
[2017.06.09-20.05.15:540][ 83]LogModuleManager: Shutting down and abandoning module PhysXFormats (154)
[2017.06.09-20.05.15:540][ 83]LogModuleManager: Shutting down and abandoning module MeshUtilities (152)
[2017.06.09-20.05.15:542][ 83]LogModuleManager: Shutting down and abandoning module SimplygonSwarm (151)
[2017.06.09-20.05.15:542][ 83]LogModuleManager: Shutting down and abandoning module SimplygonMeshReduction (149)
[2017.06.09-20.05.15:542][ 83]LogModuleManager: Shutting down and abandoning module QuadricMeshReduction (147)
[2017.06.09-20.05.15:542][ 83]LogModuleManager: Shutting down and abandoning module DerivedDataCache (144)
[2017.06.09-20.05.15:799][ 83]LogDerivedDataCache: Shutdown
[2017.06.09-20.05.15:799][ 83]LogModuleManager: Shutting down and abandoning module TargetPlatform (142)
[2017.06.09-20.05.15:799][ 83]LogModuleManager: Shutting down and abandoning module VulkanShaderFormat (141)
[2017.06.09-20.05.15:800][ 83]LogModuleManager: Shutting down and abandoning module ShaderFormatVectorVM (139)
[2017.06.09-20.05.15:800][ 83]LogModuleManager: Shutting down and abandoning module ShaderFormatOpenGL (137)
[2017.06.09-20.05.15:800][ 83]LogModuleManager: Shutting down and abandoning module ShaderFormatD3D (135)
[2017.06.09-20.05.15:800][ 83]LogModuleManager: Shutting down and abandoning module MetalShaderFormat (133)
[2017.06.09-20.05.15:801][ 83]LogModuleManager: Shutting down and abandoning module TextureFormatUncompressed (131)
[2017.06.09-20.05.15:802][ 83]LogModuleManager: Shutting down and abandoning module TextureFormatPVR (129)
[2017.06.09-20.05.15:802][ 83]LogModuleManager: Shutting down and abandoning module TextureFormatDXT (127)
[2017.06.09-20.05.15:803][ 83]LogModuleManager: Shutting down and abandoning module TextureFormatIntelISPCTexComp (125)
[2017.06.09-20.05.15:805][ 83]LogModuleManager: Shutting down and abandoning module TextureFormatASTC (123)
[2017.06.09-20.05.15:806][ 83]LogModuleManager: Shutting down and abandoning module ImageWrapper (122)
[2017.06.09-20.05.15:806][ 83]LogModuleManager: Shutting down and abandoning module TextureFormatAndroid (119)
[2017.06.09-20.05.15:807][ 83]LogModuleManager: Shutting down and abandoning module AudioFormatOpus (117)
[2017.06.09-20.05.15:807][ 83]LogModuleManager: Shutting down and abandoning module AudioFormatOgg (115)
[2017.06.09-20.05.15:807][ 83]LogModuleManager: Shutting down and abandoning module AudioFormatADPCM (113)
[2017.06.09-20.05.15:808][ 83]LogModuleManager: Shutting down and abandoning module LinuxTargetPlatform (111)
[2017.06.09-20.05.15:809][ 83]LogModuleManager: Shutting down and abandoning module LinuxServerTargetPlatform (109)
[2017.06.09-20.05.15:810][ 83]LogModuleManager: Shutting down and abandoning module LinuxNoEditorTargetPlatform (107)
[2017.06.09-20.05.15:811][ 83]LogModuleManager: Shutting down and abandoning module LinuxClientTargetPlatform (105)
[2017.06.09-20.05.15:812][ 83]LogModuleManager: Shutting down and abandoning module TVOSTargetPlatform (103)
[2017.06.09-20.05.15:812][ 83]LogModuleManager: Shutting down and abandoning module Messaging (101)
[2017.06.09-20.05.15:812][ 83]LogModuleManager: Shutting down and abandoning module IOSTargetPlatform (99)
[2017.06.09-20.05.15:813][ 83]LogModuleManager: Shutting down and abandoning module HTML5TargetPlatform (97)
[2017.06.09-20.05.15:814][ 83]LogModuleManager: Shutting down and abandoning module Android_PVRTCTargetPlatform (95)
[2017.06.09-20.05.15:814][ 83]LogModuleManager: Shutting down and abandoning module Android_MultiTargetPlatform (93)
[2017.06.09-20.05.15:814][ 83]LogModuleManager: Shutting down and abandoning module Android_ETC2TargetPlatform (91)
[2017.06.09-20.05.15:815][ 83]LogModuleManager: Shutting down and abandoning module Android_ETC1TargetPlatform (89)
[2017.06.09-20.05.15:816][ 83]LogModuleManager: Shutting down and abandoning module Android_DXTTargetPlatform (87)
[2017.06.09-20.05.15:817][ 83]LogModuleManager: Shutting down and abandoning module Android_ATCTargetPlatform (85)
[2017.06.09-20.05.15:817][ 83]LogModuleManager: Shutting down and abandoning module Android_ASTCTargetPlatform (83)
[2017.06.09-20.05.15:817][ 83]LogModuleManager: Shutting down and abandoning module AndroidTargetPlatform (81)
[2017.06.09-20.05.15:817][ 83]LogModuleManager: Shutting down and abandoning module WindowsTargetPlatform (79)
[2017.06.09-20.05.15:818][ 83]LogModuleManager: Shutting down and abandoning module WindowsServerTargetPlatform (77)
[2017.06.09-20.05.15:818][ 83]LogModuleManager: Shutting down and abandoning module WindowsNoEditorTargetPlatform (75)
[2017.06.09-20.05.15:818][ 83]LogModuleManager: Shutting down and abandoning module WindowsClientTargetPlatform (73)
[2017.06.09-20.05.15:818][ 83]LogModuleManager: Shutting down and abandoning module MacTargetPlatform (71)
[2017.06.09-20.05.15:819][ 83]LogModuleManager: Shutting down and abandoning module MacServerTargetPlatform (69)
[2017.06.09-20.05.15:819][ 83]LogModuleManager: Shutting down and abandoning module MacNoEditorTargetPlatform (67)
[2017.06.09-20.05.15:820][ 83]LogModuleManager: Shutting down and abandoning module MacClientTargetPlatform (65)
[2017.06.09-20.05.15:820][ 83]LogModuleManager: Shutting down and abandoning module AllDesktopTargetPlatform (63)
[2017.06.09-20.05.15:821][ 83]LogModuleManager: Shutting down and abandoning module InputCore (60)
[2017.06.09-20.05.15:821][ 83]LogModuleManager: Shutting down and abandoning module Settings (58)
[2017.06.09-20.05.15:821][ 83]LogModuleManager: Shutting down and abandoning module OculusRift (56)
[2017.06.09-20.05.15:822][ 83]LogModuleManager: Shutting down and abandoning module GearVRController (54)
[2017.06.09-20.05.15:822][ 83]LogModuleManager: Shutting down and abandoning module GearVR (52)
[2017.06.09-20.05.15:822][ 83]LogModuleManager: Shutting down and abandoning module ExampleDeviceProfileSelector (50)
[2017.06.09-20.05.15:823][ 83]LogModuleManager: Shutting down and abandoning module OnlineBlueprintSupport (48)
[2017.06.09-20.05.15:824][ 83]LogModuleManager: Shutting down and abandoning module OnlineSubsystem (44)
[2017.06.09-20.05.15:824][ 83]LogOnline:Display: Unloading online subsystem: NULL
[2017.06.09-20.05.15:824][ 83]LogModuleManager: Shutting down and abandoning module XMPP (43)
[2017.06.09-20.05.15:825][ 83]LogModuleManager: Shutting down and abandoning module HTTP (41)
[2017.06.09-20.05.15:825][ 83]LogHttp:Display: Http module shutting down, but needs to wait on 1 outstanding Http requests:
[2017.06.09-20.05.15:825][ 83]LogHttp:Display: 	verb=[POST] url=[https://datarouter.ol.epicgames.com/datarouter/api/v1/public/data?SessionID=%7B79906315-456D-F266-60E9-0E9E4F0C0C43%7D&AppID=UEEditor.Rocket.Release&AppVersion=4.16.1-3466753%2B%2B%2BUE4%2BRelease-4.16&UserID=1a48ba864cdbd6d617ea9b8e5128255b%7Cb7162003403c4cd0b428110ae038c086%7Cfde8cee8-0051-4819-a487-1be27664bf26&AppEnvironment=datacollector-binary&UploadType=eteventstream] status=Processing
[2017.06.09-20.05.15:834][ 83]LogModuleManager: Shutting down and abandoning module SSL (40)
[2017.06.09-20.05.15:836][ 83]LogModuleManager: Shutting down and abandoning module HTTPChunkInstaller (36)
[2017.06.09-20.05.15:836][ 83]LogModuleManager: Shutting down and abandoning module AnimationModifiers (34)
[2017.06.09-20.05.15:836][ 83]LogModuleManager: Shutting down and abandoning module PropertyEditor (33)
[2017.06.09-20.05.15:838][ 83]LogModuleManager: Shutting down and abandoning module AudioEditor (30)
[2017.06.09-20.05.15:839][ 83]LogModuleManager: Shutting down and abandoning module TextureCompressor (28)
[2017.06.09-20.05.15:841][ 83]LogModuleManager: Shutting down and abandoning module ShaderCore (26)
[2017.06.09-20.05.15:842][ 83]LogModuleManager: Shutting down and abandoning module Landscape (24)
[2017.06.09-20.05.15:842][ 83]LogModuleManager: Shutting down and abandoning module SlateRHIRenderer (22)
[2017.06.09-20.05.15:845][ 83]LogModuleManager: Shutting down and abandoning module OpenGLDrv (20)
[2017.06.09-20.05.15:845][ 83]LogModuleManager: Shutting down and abandoning module D3D11RHI (18)
[2017.06.09-20.05.15:845][ 83]LogModuleManager: Shutting down and abandoning module AnimGraphRuntime (16)
[2017.06.09-20.05.15:845][ 83]LogModuleManager: Shutting down and abandoning module Renderer (14)
[2017.06.09-20.05.15:847][ 83]LogModuleManager: Shutting down and abandoning module Engine (12)
[2017.06.09-20.05.15:847][ 83]LogModuleManager: Shutting down and abandoning module CoreUObject (10)
[2017.06.09-20.05.15:848][ 83]LogModuleManager: Shutting down and abandoning module NetworkFile (8)
[2017.06.09-20.05.15:848][ 83]LogModuleManager: Shutting down and abandoning module StreamingFile (6)
[2017.06.09-20.05.15:848][ 83]LogModuleManager: Shutting down and abandoning module SandboxFile (4)
[2017.06.09-20.05.15:849][ 83]LogModuleManager: Shutting down and abandoning module PakFile (2)
[2017.06.09-20.05.15:853][ 83]LogExit: Exiting.
[2017.06.09-20.05.15:869][ 83]Log file closed, 06/09/17 22:05:15
